# JRE version: Java(TM) SE Runtime Environment (8.0_161-b12) (build 1.8.0_161-b12)
# Java VM: Java HotSpot(TM) 64-Bit Server VM (25.161-b12 mixed mode bsd-amd64 compressed oops)
Heap:
 PSYoungGen      total 687104K, used 595764K [0x0000000795580000, 0x00000007bff00000, 0x00000007c0000000)
  eden space 677376K, 87% used [0x0000000795580000,0x00000007b98352e8,0x00000007beb00000)
  from space 9728K, 32% used [0x00000007bf580000,0x00000007bf898040,0x00000007bff00000)
  to   space 10240K, 0% used [0x00000007beb00000,0x00000007beb00000,0x00000007bf500000)
 ParOldGen       total 87552K, used 12959K [0x0000000740000000, 0x0000000745580000, 0x0000000795580000)
  object space 87552K, 14% used [0x0000000740000000,0x0000000740ca7fe0,0x0000000745580000)
 Metaspace       used 15307K, capacity 15600K, committed 15744K, reserved 1062912K
  class space    used 1978K, capacity 2066K, committed 2176K, reserved 1048576K
GC Heap History (10 events):
Event: 9.876 GC heap before
{Heap before GC invocations=6 (full 0):
 PSYoungGen      total 138240K, used 138225K [0x0000000795580000, 0x00000007a6d80000, 0x00000007c0000000)
  eden space 133120K, 100% used [0x0000000795580000,0x000000079d780000,0x000000079d780000)
  from space 5120K, 99% used [0x000000079d780000,0x000000079dc7c4a8,0x000000079dc80000)
  to   space 10240K, 0% used [0x00000007a6380000,0x00000007a6380000,0x00000007a6d80000)
 ParOldGen       total 87552K, used 6918K [0x0000000740000000, 0x0000000745580000, 0x0000000795580000)
  object space 87552K, 7% used [0x0000000740000000,0x00000007406c1b10,0x0000000745580000)
 Metaspace       used 15215K, capacity 15486K, committed 15744K, reserved 1062912K
  class space    used 1971K, capacity 2057K, committed 2176K, reserved 1048576K
Event: 9.916 GC heap after
Heap after GC invocations=6 (full 0):
 PSYoungGen      total 276480K, used 5217K [0x0000000795580000, 0x00000007a6d80000, 0x00000007c0000000)
  eden space 266240K, 0% used [0x0000000795580000,0x0000000795580000,0x00000007a5980000)
  from space 10240K, 50% used [0x00000007a6380000,0x00000007a6898498,0x00000007a6d80000)
  to   space 10240K, 0% used [0x00000007a5980000,0x00000007a5980000,0x00000007a6380000)
 ParOldGen       total 87552K, used 6918K [0x0000000740000000, 0x0000000745580000, 0x0000000795580000)
  object space 87552K, 7% used [0x0000000740000000,0x00000007406c1b10,0x0000000745580000)
 Metaspace       used 15215K, capacity 15486K, committed 15744K, reserved 1062912K
  class space    used 1971K, capacity 2057K, committed 2176K, reserved 1048576K
}
Event: 13.182 GC heap before
{Heap before GC invocations=7 (full 0):
 PSYoungGen      total 276480K, used 271457K [0x0000000795580000, 0x00000007a6d80000, 0x00000007c0000000)
  eden space 266240K, 100% used [0x0000000795580000,0x00000007a5980000,0x00000007a5980000)
  from space 10240K, 50% used [0x00000007a6380000,0x00000007a6898498,0x00000007a6d80000)
  to   space 10240K, 0% used [0x00000007a5980000,0x00000007a5980000,0x00000007a6380000)
 ParOldGen       total 87552K, used 6918K [0x0000000740000000, 0x0000000745580000, 0x0000000795580000)
  object space 87552K, 7% used [0x0000000740000000,0x00000007406c1b10,0x0000000745580000)
 Metaspace       used 15255K, capacity 15562K, committed 15744K, reserved 1062912K
  class space    used 1973K, capacity 2059K, committed 2176K, reserved 1048576K
Event: 13.236 GC heap after
Heap after GC invocations=7 (full 0):
 PSYoungGen      total 276480K, used 1440K [0x0000000795580000, 0x00000007b7280000, 0x00000007c0000000)
  eden space 266240K, 0% used [0x0000000795580000,0x0000000795580000,0x00000007a5980000)
  from space 10240K, 14% used [0x00000007a5980000,0x00000007a5ae8000,0x00000007a6380000)
  to   space 10752K, 0% used [0x00000007b6800000,0x00000007b6800000,0x00000007b7280000)
 ParOldGen       total 87552K, used 11655K [0x0000000740000000, 0x0000000745580000, 0x0000000795580000)
  object space 87552K, 13% used [0x0000000740000000,0x0000000740b61fe0,0x0000000745580000)
 Metaspace       used 15255K, capacity 15562K, committed 15744K, reserved 1062912K
  class space    used 1973K, capacity 2059K, committed 2176K, reserved 1048576K
}
Event: 14.514 GC heap before
{Heap before GC invocations=8 (full 0):
 PSYoungGen      total 276480K, used 267680K [0x0000000795580000, 0x00000007b7280000, 0x00000007c0000000)
  eden space 266240K, 100% used [0x0000000795580000,0x00000007a5980000,0x00000007a5980000)
  from space 10240K, 14% used [0x00000007a5980000,0x00000007a5ae8000,0x00000007a6380000)
  to   space 10752K, 0% used [0x00000007b6800000,0x00000007b6800000,0x00000007b7280000)
 ParOldGen       total 87552K, used 11655K [0x0000000740000000, 0x0000000745580000, 0x0000000795580000)
  object space 87552K, 13% used [0x0000000740000000,0x0000000740b61fe0,0x0000000745580000)
 Metaspace       used 15261K, capacity 15562K, committed 15744K, reserved 1062912K
  class space    used 1973K, capacity 2059K, committed 2176K, reserved 1048576K
Event: 14.518 GC heap after
Heap after GC invocations=8 (full 0):
 PSYoungGen      total 543232K, used 1344K [0x0000000795580000, 0x00000007b7280000, 0x00000007c0000000)
  eden space 532480K, 0% used [0x0000000795580000,0x0000000795580000,0x00000007b5d80000)
  from space 10752K, 12% used [0x00000007b6800000,0x00000007b6950000,0x00000007b7280000)
  to   space 10752K, 0% used [0x00000007b5d80000,0x00000007b5d80000,0x00000007b6800000)
 ParOldGen       total 87552K, used 11895K [0x0000000740000000, 0x0000000745580000, 0x0000000795580000)
  object space 87552K, 13% used [0x0000000740000000,0x0000000740b9dfe0,0x0000000745580000)
 Metaspace       used 15261K, capacity 15562K, committed 15744K, reserved 1062912K
  class space    used 1973K, capacity 2059K, committed 2176K, reserved 1048576K
}
Event: 23.396 GC heap before
{Heap before GC invocations=9 (full 0):
 PSYoungGen      total 543232K, used 533824K [0x0000000795580000, 0x00000007b7280000, 0x00000007c0000000)
  eden space 532480K, 100% used [0x0000000795580000,0x00000007b5d80000,0x00000007b5d80000)
  from space 10752K, 12% used [0x00000007b6800000,0x00000007b6950000,0x00000007b7280000)
  to   space 10752K, 0% used [0x00000007b5d80000,0x00000007b5d80000,0x00000007b6800000)
 ParOldGen       total 87552K, used 11895K [0x0000000740000000, 0x0000000745580000, 0x0000000795580000)
  object space 87552K, 13% used [0x0000000740000000,0x0000000740b9dfe0,0x0000000745580000)
 Metaspace       used 15299K, capacity 15596K, committed 15744K, reserved 1062912K
  class space    used 1978K, capacity 2066K, committed 2176K, reserved 1048576K
Event: 23.422 GC heap after
Heap after GC invocations=9 (full 0):
 PSYoungGen      total 543232K, used 4096K [0x0000000795580000, 0x00000007c0000000, 0x00000007c0000000)
  eden space 532480K, 0% used [0x0000000795580000,0x0000000795580000,0x00000007b5d80000)
  from space 10752K, 38% used [0x00000007b5d80000,0x00000007b6180040,0x00000007b6800000)
  to   space 10752K, 0% used [0x00000007bf580000,0x00000007bf580000,0x00000007c0000000)
 ParOldGen       total 87552K, used 11943K [0x0000000740000000, 0x0000000745580000, 0x0000000795580000)
  object space 87552K, 13% used [0x0000000740000000,0x0000000740ba9fe0,0x0000000745580000)
 Metaspace       used 15299K, capacity 15596K, committed 15744K, reserved 1062912K
  class space    used 1978K, capacity 2066K, committed 2176K, reserved 1048576K
}
Event: 26.886 GC heap before
{Heap before GC invocations=10 (full 0):
 PSYoungGen      total 543232K, used 536576K [0x0000000795580000, 0x00000007c0000000, 0x00000007c0000000)
  eden space 532480K, 100% used [0x0000000795580000,0x00000007b5d80000,0x00000007b5d80000)
  from space 10752K, 38% used [0x00000007b5d80000,0x00000007b6180040,0x00000007b6800000)
  to   space 10752K, 0% used [0x00000007bf580000,0x00000007bf580000,0x00000007c0000000)
 ParOldGen       total 87552K, used 11943K [0x0000000740000000, 0x0000000745580000, 0x0000000795580000)
  object space 87552K, 13% used [0x0000000740000000,0x0000000740ba9fe0,0x0000000745580000)
 Metaspace       used 15307K, capacity 15600K, committed 15744K, reserved 1062912K
  class space    used 1978K, capacity 2066K, committed 2176K, reserved 1048576K
Event: 26.912 GC heap after
Heap after GC invocations=10 (full 0):
 PSYoungGen      total 687104K, used 3168K [0x0000000795580000, 0x00000007bff00000, 0x00000007c0000000)
  eden space 677376K, 0% used [0x0000000795580000,0x0000000795580000,0x00000007beb00000)
  from space 9728K, 32% used [0x00000007bf580000,0x00000007bf898040,0x00000007bff00000)
  to   space 10240K, 0% used [0x00000007beb00000,0x00000007beb00000,0x00000007bf500000)
 ParOldGen       total 87552K, used 12959K [0x0000000740000000, 0x0000000745580000, 0x0000000795580000)
  object space 87552K, 14% used [0x0000000740000000,0x0000000740ca7fe0,0x0000000745580000)
 Metaspace       used 15307K, capacity 15600K, committed 15744K, reserved 1062912K
  class space    used 1978K, capacity 2066K, committed 2176K, reserved 1048576K
}

