# JRE version: Java(TM) SE Runtime Environment (8.0_161-b12) (build 1.8.0_161-b12)
# Java VM: Java HotSpot(TM) 64-Bit Server VM (25.161-b12 mixed mode bsd-amd64 compressed oops)
Heap:
 PSYoungGen      total 624640K, used 491887K [0x0000000795580000, 0x00000007bf680000, 0x00000007c0000000)
  eden space 614400K, 79% used [0x0000000795580000,0x00000007b3513e78,0x00000007bad80000)
  from space 10240K, 7% used [0x00000007be280000,0x00000007be348000,0x00000007bec80000)
  to   space 10240K, 0% used [0x00000007bec80000,0x00000007bec80000,0x00000007bf680000)
 ParOldGen       total 87552K, used 12758K [0x0000000740000000, 0x0000000745580000, 0x0000000795580000)
  object space 87552K, 14% used [0x0000000740000000,0x0000000740c759c0,0x0000000745580000)
 Metaspace       used 19289K, capacity 19600K, committed 19712K, reserved 1067008K
  class space    used 2398K, capacity 2482K, committed 2560K, reserved 1048576K
GC Heap History (10 events):
Event: 13.415 GC heap before
{Heap before GC invocations=9 (full 0):
 PSYoungGen      total 542720K, used 532608K [0x0000000795580000, 0x00000007b7380000, 0x00000007c0000000)
  eden space 531968K, 100% used [0x0000000795580000,0x00000007b5d00000,0x00000007b5d00000)
  from space 10752K, 5% used [0x00000007b6800000,0x00000007b68a0000,0x00000007b7280000)
  to   space 11264K, 0% used [0x00000007b5d00000,0x00000007b5d00000,0x00000007b6800000)
 ParOldGen       total 87552K, used 11590K [0x0000000740000000, 0x0000000745580000, 0x0000000795580000)
  object space 87552K, 13% used [0x0000000740000000,0x0000000740b51980,0x0000000745580000)
 Metaspace       used 15308K, capacity 15600K, committed 15744K, reserved 1062912K
  class space    used 1979K, capacity 2066K, committed 2176K, reserved 1048576K
Event: 13.438 GC heap after
Heap after GC invocations=9 (full 0):
 PSYoungGen      total 543232K, used 3040K [0x0000000795580000, 0x00000007bff80000, 0x00000007c0000000)
  eden space 531968K, 0% used [0x0000000795580000,0x0000000795580000,0x00000007b5d00000)
  from space 11264K, 26% used [0x00000007b5d00000,0x00000007b5ff8040,0x00000007b6800000)
  to   space 10752K, 0% used [0x00000007bf500000,0x00000007bf500000,0x00000007bff80000)
 ParOldGen       total 87552K, used 11638K [0x0000000740000000, 0x0000000745580000, 0x0000000795580000)
  object space 87552K, 13% used [0x0000000740000000,0x0000000740b5d980,0x0000000745580000)
 Metaspace       used 15308K, capacity 15600K, committed 15744K, reserved 1062912K
  class space    used 1979K, capacity 2066K, committed 2176K, reserved 1048576K
}
Event: 15.429 GC heap before
{Heap before GC invocations=10 (full 0):
 PSYoungGen      total 543232K, used 535008K [0x0000000795580000, 0x00000007bff80000, 0x00000007c0000000)
  eden space 531968K, 100% used [0x0000000795580000,0x00000007b5d00000,0x00000007b5d00000)
  from space 11264K, 26% used [0x00000007b5d00000,0x00000007b5ff8040,0x00000007b6800000)
  to   space 10752K, 0% used [0x00000007bf500000,0x00000007bf500000,0x00000007bff80000)
 ParOldGen       total 87552K, used 11638K [0x0000000740000000, 0x0000000745580000, 0x0000000795580000)
  object space 87552K, 13% used [0x0000000740000000,0x0000000740b5d980,0x0000000745580000)
 Metaspace       used 15308K, capacity 15600K, committed 15744K, reserved 1062912K
  class space    used 1979K, capacity 2066K, committed 2176K, reserved 1048576K
Event: 15.455 GC heap after
Heap after GC invocations=10 (full 0):
 PSYoungGen      total 686592K, used 5056K [0x0000000795580000, 0x00000007bfe80000, 0x00000007c0000000)
  eden space 676864K, 0% used [0x0000000795580000,0x0000000795580000,0x00000007bea80000)
  from space 9728K, 51% used [0x00000007bf500000,0x00000007bf9f0050,0x00000007bfe80000)
  to   space 10240K, 0% used [0x00000007bea80000,0x00000007bea80000,0x00000007bf480000)
 ParOldGen       total 87552K, used 11950K [0x0000000740000000, 0x0000000745580000, 0x0000000795580000)
  object space 87552K, 13% used [0x0000000740000000,0x0000000740bab980,0x0000000745580000)
 Metaspace       used 15308K, capacity 15600K, committed 15744K, reserved 1062912K
  class space    used 1979K, capacity 2066K, committed 2176K, reserved 1048576K
}
Event: 20.278 GC heap before
{Heap before GC invocations=11 (full 0):
 PSYoungGen      total 686592K, used 681920K [0x0000000795580000, 0x00000007bfe80000, 0x00000007c0000000)
  eden space 676864K, 100% used [0x0000000795580000,0x00000007bea80000,0x00000007bea80000)
  from space 9728K, 51% used [0x00000007bf500000,0x00000007bf9f0050,0x00000007bfe80000)
  to   space 10240K, 0% used [0x00000007bea80000,0x00000007bea80000,0x00000007bf480000)
 ParOldGen       total 87552K, used 11950K [0x0000000740000000, 0x0000000745580000, 0x0000000795580000)
  object space 87552K, 13% used [0x0000000740000000,0x0000000740bab980,0x0000000745580000)
 Metaspace       used 15341K, capacity 15600K, committed 15744K, reserved 1062912K
  class space    used 1981K, capacity 2066K, committed 2176K, reserved 1048576K
Event: 20.298 GC heap after
Heap after GC invocations=11 (full 0):
 PSYoungGen      total 687104K, used 2624K [0x0000000795580000, 0x00000007c0000000, 0x00000007c0000000)
  eden space 676864K, 0% used [0x0000000795580000,0x0000000795580000,0x00000007bea80000)
  from space 10240K, 25% used [0x00000007bea80000,0x00000007bed10000,0x00000007bf480000)
  to   space 10240K, 0% used [0x00000007bf600000,0x00000007bf600000,0x00000007c0000000)
 ParOldGen       total 87552K, used 12406K [0x0000000740000000, 0x0000000745580000, 0x0000000795580000)
  object space 87552K, 14% used [0x0000000740000000,0x0000000740c1d9c0,0x0000000745580000)
 Metaspace       used 15341K, capacity 15600K, committed 15744K, reserved 1062912K
  class space    used 1981K, capacity 2066K, committed 2176K, reserved 1048576K
}
Event: 24.956 GC heap before
{Heap before GC invocations=12 (full 0):
 PSYoungGen      total 687104K, used 679488K [0x0000000795580000, 0x00000007c0000000, 0x00000007c0000000)
  eden space 676864K, 100% used [0x0000000795580000,0x00000007bea80000,0x00000007bea80000)
  from space 10240K, 25% used [0x00000007bea80000,0x00000007bed10000,0x00000007bf480000)
  to   space 10240K, 0% used [0x00000007bf600000,0x00000007bf600000,0x00000007c0000000)
 ParOldGen       total 87552K, used 12406K [0x0000000740000000, 0x0000000745580000, 0x0000000795580000)
  object space 87552K, 14% used [0x0000000740000000,0x0000000740c1d9c0,0x0000000745580000)
 Metaspace       used 15360K, capacity 15664K, committed 16000K, reserved 1062912K
  class space    used 1981K, capacity 2066K, committed 2176K, reserved 1048576K
Event: 24.963 GC heap after
Heap after GC invocations=12 (full 0):
 PSYoungGen      total 645120K, used 480K [0x0000000795580000, 0x00000007bf680000, 0x00000007c0000000)
  eden space 644608K, 0% used [0x0000000795580000,0x0000000795580000,0x00000007bcb00000)
  from space 512K, 93% used [0x00000007bf600000,0x00000007bf678000,0x00000007bf680000)
  to   space 10240K, 0% used [0x00000007be280000,0x00000007be280000,0x00000007bec80000)
 ParOldGen       total 87552K, used 12662K [0x0000000740000000, 0x0000000745580000, 0x0000000795580000)
  object space 87552K, 14% used [0x0000000740000000,0x0000000740c5d9c0,0x0000000745580000)
 Metaspace       used 15360K, capacity 15664K, committed 16000K, reserved 1062912K
  class space    used 1981K, capacity 2066K, committed 2176K, reserved 1048576K
}
Event: 29.285 GC heap before
{Heap before GC invocations=13 (full 0):
 PSYoungGen      total 645120K, used 645088K [0x0000000795580000, 0x00000007bf680000, 0x00000007c0000000)
  eden space 644608K, 100% used [0x0000000795580000,0x00000007bcb00000,0x00000007bcb00000)
  from space 512K, 93% used [0x00000007bf600000,0x00000007bf678000,0x00000007bf680000)
  to   space 10240K, 0% used [0x00000007be280000,0x00000007be280000,0x00000007bec80000)
 ParOldGen       total 87552K, used 12662K [0x0000000740000000, 0x0000000745580000, 0x0000000795580000)
  object space 87552K, 14% used [0x0000000740000000,0x0000000740c5d9c0,0x0000000745580000)
 Metaspace       used 15361K, capacity 15664K, committed 16000K, reserved 1062912K
  class space    used 1981K, capacity 2066K, committed 2176K, reserved 1048576K
Event: 29.288 GC heap after
Heap after GC invocations=13 (full 0):
 PSYoungGen      total 624640K, used 800K [0x0000000795580000, 0x00000007bf680000, 0x00000007c0000000)
  eden space 614400K, 0% used [0x0000000795580000,0x0000000795580000,0x00000007bad80000)
  from space 10240K, 7% used [0x00000007be280000,0x00000007be348000,0x00000007bec80000)
  to   space 10240K, 0% used [0x00000007bec80000,0x00000007bec80000,0x00000007bf680000)
 ParOldGen       total 87552K, used 12758K [0x0000000740000000, 0x0000000745580000, 0x0000000795580000)
  object space 87552K, 14% used [0x0000000740000000,0x0000000740c759c0,0x0000000745580000)
 Metaspace       used 15361K, capacity 15664K, committed 16000K, reserved 1062912K
  class space    used 1981K, capacity 2066K, committed 2176K, reserved 1048576K
}

