# JRE version: Java(TM) SE Runtime Environment (8.0_161-b12) (build 1.8.0_161-b12)
# Java VM: Java HotSpot(TM) 64-Bit Server VM (25.161-b12 mixed mode bsd-amd64 compressed oops)
Heap:
 PSYoungGen      total 276480K, used 170675K [0x0000000795580000, 0x00000007a6f80000, 0x00000007c0000000)
  eden space 265728K, 63% used [0x0000000795580000,0x000000079fb6ccd0,0x00000007a5900000)
  from space 10752K, 7% used [0x00000007a6400000,0x00000007a64c0000,0x00000007a6e80000)
  to   space 11264K, 0% used [0x00000007a5900000,0x00000007a5900000,0x00000007a6400000)
 ParOldGen       total 87552K, used 11840K [0x0000000740000000, 0x0000000745580000, 0x0000000795580000)
  object space 87552K, 13% used [0x0000000740000000,0x0000000740b90138,0x0000000745580000)
 Metaspace       used 15276K, capacity 15578K, committed 15744K, reserved 1062912K
  class space    used 1977K, capacity 2065K, committed 2176K, reserved 1048576K
GC Heap History (10 events):
Event: 43.055 GC heap before
{Heap before GC invocations=4 (full 0):
 PSYoungGen      total 38400K, used 38377K [0x0000000795580000, 0x000000079a080000, 0x00000007c0000000)
  eden space 33280K, 100% used [0x0000000795580000,0x0000000797600000,0x0000000797600000)
  from space 5120K, 99% used [0x0000000797600000,0x0000000797afa5e8,0x0000000797b00000)
  to   space 5120K, 0% used [0x0000000799b80000,0x0000000799b80000,0x000000079a080000)
 ParOldGen       total 87552K, used 6453K [0x0000000740000000, 0x0000000745580000, 0x0000000795580000)
  object space 87552K, 7% used [0x0000000740000000,0x000000074064d428,0x0000000745580000)
 Metaspace       used 15162K, capacity 15412K, committed 15744K, reserved 1062912K
  class space    used 1970K, capacity 2056K, committed 2176K, reserved 1048576K
Event: 43.101 GC heap after
Heap after GC invocations=4 (full 0):
 PSYoungGen      total 71680K, used 5088K [0x0000000795580000, 0x000000079a080000, 0x00000007c0000000)
  eden space 66560K, 0% used [0x0000000795580000,0x0000000795580000,0x0000000799680000)
  from space 5120K, 99% used [0x0000000799b80000,0x000000079a078108,0x000000079a080000)
  to   space 5120K, 0% used [0x0000000799680000,0x0000000799680000,0x0000000799b80000)
 ParOldGen       total 87552K, used 6775K [0x0000000740000000, 0x0000000745580000, 0x0000000795580000)
  object space 87552K, 7% used [0x0000000740000000,0x000000074069dd80,0x0000000745580000)
 Metaspace       used 15162K, capacity 15412K, committed 15744K, reserved 1062912K
  class space    used 1970K, capacity 2056K, committed 2176K, reserved 1048576K
}
Event: 50.365 GC heap before
{Heap before GC invocations=5 (full 0):
 PSYoungGen      total 71680K, used 71648K [0x0000000795580000, 0x000000079a080000, 0x00000007c0000000)
  eden space 66560K, 100% used [0x0000000795580000,0x0000000799680000,0x0000000799680000)
  from space 5120K, 99% used [0x0000000799b80000,0x000000079a078108,0x000000079a080000)
  to   space 5120K, 0% used [0x0000000799680000,0x0000000799680000,0x0000000799b80000)
 ParOldGen       total 87552K, used 6775K [0x0000000740000000, 0x0000000745580000, 0x0000000795580000)
  object space 87552K, 7% used [0x0000000740000000,0x000000074069dd80,0x0000000745580000)
 Metaspace       used 15195K, capacity 15476K, committed 15744K, reserved 1062912K
  class space    used 1970K, capacity 2056K, committed 2176K, reserved 1048576K
Event: 50.497 GC heap after
Heap after GC invocations=5 (full 0):
 PSYoungGen      total 71680K, used 5100K [0x0000000795580000, 0x000000079eb80000, 0x00000007c0000000)
  eden space 66560K, 0% used [0x0000000795580000,0x0000000795580000,0x0000000799680000)
  from space 5120K, 99% used [0x0000000799680000,0x0000000799b7b370,0x0000000799b80000)
  to   space 10240K, 0% used [0x000000079e180000,0x000000079e180000,0x000000079eb80000)
 ParOldGen       total 87552K, used 6983K [0x0000000740000000, 0x0000000745580000, 0x0000000795580000)
  object space 87552K, 7% used [0x0000000740000000,0x00000007406d1d90,0x0000000745580000)
 Metaspace       used 15195K, capacity 15476K, committed 15744K, reserved 1062912K
  class space    used 1970K, capacity 2056K, committed 2176K, reserved 1048576K
}
Event: 57.691 GC heap before
{Heap before GC invocations=6 (full 0):
 PSYoungGen      total 71680K, used 71660K [0x0000000795580000, 0x000000079eb80000, 0x00000007c0000000)
  eden space 66560K, 100% used [0x0000000795580000,0x0000000799680000,0x0000000799680000)
  from space 5120K, 99% used [0x0000000799680000,0x0000000799b7b370,0x0000000799b80000)
  to   space 10240K, 0% used [0x000000079e180000,0x000000079e180000,0x000000079eb80000)
 ParOldGen       total 87552K, used 6983K [0x0000000740000000, 0x0000000745580000, 0x0000000795580000)
  object space 87552K, 7% used [0x0000000740000000,0x00000007406d1d90,0x0000000745580000)
 Metaspace       used 15205K, capacity 15476K, committed 15744K, reserved 1062912K
  class space    used 1970K, capacity 2056K, committed 2176K, reserved 1048576K
Event: 57.748 GC heap after
Heap after GC invocations=6 (full 0):
 PSYoungGen      total 143360K, used 5216K [0x0000000795580000, 0x000000079eb80000, 0x00000007c0000000)
  eden space 133120K, 0% used [0x0000000795580000,0x0000000795580000,0x000000079d780000)
  from space 10240K, 50% used [0x000000079e180000,0x000000079e6980d8,0x000000079eb80000)
  to   space 10240K, 0% used [0x000000079d780000,0x000000079d780000,0x000000079e180000)
 ParOldGen       total 87552K, used 6983K [0x0000000740000000, 0x0000000745580000, 0x0000000795580000)
  object space 87552K, 7% used [0x0000000740000000,0x00000007406d1d90,0x0000000745580000)
 Metaspace       used 15205K, capacity 15476K, committed 15744K, reserved 1062912K
  class space    used 1970K, capacity 2056K, committed 2176K, reserved 1048576K
}
Event: 70.640 GC heap before
{Heap before GC invocations=7 (full 0):
 PSYoungGen      total 143360K, used 138336K [0x0000000795580000, 0x000000079eb80000, 0x00000007c0000000)
  eden space 133120K, 100% used [0x0000000795580000,0x000000079d780000,0x000000079d780000)
  from space 10240K, 50% used [0x000000079e180000,0x000000079e6980d8,0x000000079eb80000)
  to   space 10240K, 0% used [0x000000079d780000,0x000000079d780000,0x000000079e180000)
 ParOldGen       total 87552K, used 6983K [0x0000000740000000, 0x0000000745580000, 0x0000000795580000)
  object space 87552K, 7% used [0x0000000740000000,0x00000007406d1d90,0x0000000745580000)
 Metaspace       used 15221K, capacity 15480K, committed 15744K, reserved 1062912K
  class space    used 1970K, capacity 2056K, committed 2176K, reserved 1048576K
Event: 71.006 GC heap after
Heap after GC invocations=7 (full 0):
 PSYoungGen      total 143360K, used 640K [0x0000000795580000, 0x00000007a6e80000, 0x00000007c0000000)
  eden space 133120K, 0% used [0x0000000795580000,0x0000000795580000,0x000000079d780000)
  from space 10240K, 6% used [0x000000079d780000,0x000000079d820000,0x000000079e180000)
  to   space 10752K, 0% used [0x00000007a6400000,0x00000007a6400000,0x00000007a6e80000)
 ParOldGen       total 87552K, used 11792K [0x0000000740000000, 0x0000000745580000, 0x0000000795580000)
  object space 87552K, 13% used [0x0000000740000000,0x0000000740b84138,0x0000000745580000)
 Metaspace       used 15221K, capacity 15480K, committed 15744K, reserved 1062912K
  class space    used 1970K, capacity 2056K, committed 2176K, reserved 1048576K
}
Event: 79.716 GC heap before
{Heap before GC invocations=8 (full 0):
 PSYoungGen      total 143360K, used 133760K [0x0000000795580000, 0x00000007a6e80000, 0x00000007c0000000)
  eden space 133120K, 100% used [0x0000000795580000,0x000000079d780000,0x000000079d780000)
  from space 10240K, 6% used [0x000000079d780000,0x000000079d820000,0x000000079e180000)
  to   space 10752K, 0% used [0x00000007a6400000,0x00000007a6400000,0x00000007a6e80000)
 ParOldGen       total 87552K, used 11792K [0x0000000740000000, 0x0000000745580000, 0x0000000795580000)
  object space 87552K, 13% used [0x0000000740000000,0x0000000740b84138,0x0000000745580000)
 Metaspace       used 15236K, capacity 15480K, committed 15744K, reserved 1062912K
  class space    used 1970K, capacity 2056K, committed 2176K, reserved 1048576K
Event: 79.723 GC heap after
Heap after GC invocations=8 (full 0):
 PSYoungGen      total 276480K, used 768K [0x0000000795580000, 0x00000007a6f80000, 0x00000007c0000000)
  eden space 265728K, 0% used [0x0000000795580000,0x0000000795580000,0x00000007a5900000)
  from space 10752K, 7% used [0x00000007a6400000,0x00000007a64c0000,0x00000007a6e80000)
  to   space 11264K, 0% used [0x00000007a5900000,0x00000007a5900000,0x00000007a6400000)
 ParOldGen       total 87552K, used 11840K [0x0000000740000000, 0x0000000745580000, 0x0000000795580000)
  object space 87552K, 13% used [0x0000000740000000,0x0000000740b90138,0x0000000745580000)
 Metaspace       used 15236K, capacity 15480K, committed 15744K, reserved 1062912K
  class space    used 1970K, capacity 2056K, committed 2176K, reserved 1048576K
}

