# JRE version: Java(TM) SE Runtime Environment (8.0_161-b12) (build 1.8.0_161-b12)
# Java VM: Java HotSpot(TM) 64-Bit Server VM (25.161-b12 mixed mode bsd-amd64 compressed oops)
Heap:
 PSYoungGen      total 548352K, used 130143K [0x0000000795580000, 0x00000007b7e80000, 0x00000007c0000000)
  eden space 531968K, 23% used [0x0000000795580000,0x000000079d1cfc60,0x00000007b5d00000)
  from space 16384K, 17% used [0x00000007b6d80000,0x00000007b7048010,0x00000007b7d80000)
  to   space 16896K, 0% used [0x00000007b5d00000,0x00000007b5d00000,0x00000007b6d80000)
 ParOldGen       total 87552K, used 34646K [0x0000000740000000, 0x0000000745580000, 0x0000000795580000)
  object space 87552K, 39% used [0x0000000740000000,0x00000007421d5968,0x0000000745580000)
 Metaspace       used 18984K, capacity 19236K, committed 19456K, reserved 1067008K
  class space    used 2382K, capacity 2448K, committed 2560K, reserved 1048576K
GC Heap History (10 events):
Event: 10.122 GC heap before
{Heap before GC invocations=4 (full 0):
 PSYoungGen      total 71680K, used 71666K [0x0000000795580000, 0x000000079e180000, 0x00000007c0000000)
  eden space 66560K, 100% used [0x0000000795580000,0x0000000799680000,0x0000000799680000)
  from space 5120K, 99% used [0x0000000799680000,0x0000000799b7c828,0x0000000799b80000)
  to   space 5120K, 0% used [0x000000079dc80000,0x000000079dc80000,0x000000079e180000)
 ParOldGen       total 87552K, used 20117K [0x0000000740000000, 0x0000000745580000, 0x0000000795580000)
  object space 87552K, 22% used [0x0000000740000000,0x00000007413a5548,0x0000000745580000)
 Metaspace       used 15152K, capacity 15364K, committed 15744K, reserved 1062912K
  class space    used 1973K, capacity 2062K, committed 2176K, reserved 1048576K
Event: 10.199 GC heap after
Heap after GC invocations=4 (full 0):
 PSYoungGen      total 138240K, used 5100K [0x0000000795580000, 0x000000079e180000, 0x00000007c0000000)
  eden space 133120K, 0% used [0x0000000795580000,0x0000000795580000,0x000000079d780000)
  from space 5120K, 99% used [0x000000079dc80000,0x000000079e17b380,0x000000079e180000)
  to   space 5120K, 0% used [0x000000079d780000,0x000000079d780000,0x000000079dc80000)
 ParOldGen       total 87552K, used 23835K [0x0000000740000000, 0x0000000745580000, 0x0000000795580000)
  object space 87552K, 27% used [0x0000000740000000,0x0000000741746ef0,0x0000000745580000)
 Metaspace       used 15152K, capacity 15364K, committed 15744K, reserved 1062912K
  class space    used 1973K, capacity 2062K, committed 2176K, reserved 1048576K
}
Event: 17.125 GC heap before
{Heap before GC invocations=5 (full 0):
 PSYoungGen      total 138240K, used 138220K [0x0000000795580000, 0x000000079e180000, 0x00000007c0000000)
  eden space 133120K, 100% used [0x0000000795580000,0x000000079d780000,0x000000079d780000)
  from space 5120K, 99% used [0x000000079dc80000,0x000000079e17b380,0x000000079e180000)
  to   space 5120K, 0% used [0x000000079d780000,0x000000079d780000,0x000000079dc80000)
 ParOldGen       total 87552K, used 23835K [0x0000000740000000, 0x0000000745580000, 0x0000000795580000)
  object space 87552K, 27% used [0x0000000740000000,0x0000000741746ef0,0x0000000745580000)
 Metaspace       used 15166K, capacity 15380K, committed 15744K, reserved 1062912K
  class space    used 1973K, capacity 2062K, committed 2176K, reserved 1048576K
Event: 17.394 GC heap after
Heap after GC invocations=5 (full 0):
 PSYoungGen      total 138240K, used 5113K [0x0000000795580000, 0x00000007a7780000, 0x00000007c0000000)
  eden space 133120K, 0% used [0x0000000795580000,0x0000000795580000,0x000000079d780000)
  from space 5120K, 99% used [0x000000079d780000,0x000000079dc7e5f8,0x000000079dc80000)
  to   space 15360K, 0% used [0x00000007a6880000,0x00000007a6880000,0x00000007a7780000)
 ParOldGen       total 87552K, used 29959K [0x0000000740000000, 0x0000000745580000, 0x0000000795580000)
  object space 87552K, 34% used [0x0000000740000000,0x0000000741d41fc0,0x0000000745580000)
 Metaspace       used 15166K, capacity 15380K, committed 15744K, reserved 1062912K
  class space    used 1973K, capacity 2062K, committed 2176K, reserved 1048576K
}
Event: 21.392 GC heap before
{Heap before GC invocations=6 (full 0):
 PSYoungGen      total 138240K, used 138233K [0x0000000795580000, 0x00000007a7780000, 0x00000007c0000000)
  eden space 133120K, 100% used [0x0000000795580000,0x000000079d780000,0x000000079d780000)
  from space 5120K, 99% used [0x000000079d780000,0x000000079dc7e5f8,0x000000079dc80000)
  to   space 15360K, 0% used [0x00000007a6880000,0x00000007a6880000,0x00000007a7780000)
 ParOldGen       total 87552K, used 29959K [0x0000000740000000, 0x0000000745580000, 0x0000000795580000)
  object space 87552K, 34% used [0x0000000740000000,0x0000000741d41fc0,0x0000000745580000)
 Metaspace       used 15179K, capacity 15444K, committed 15744K, reserved 1062912K
  class space    used 1973K, capacity 2062K, committed 2176K, reserved 1048576K
Event: 21.477 GC heap after
Heap after GC invocations=6 (full 0):
 PSYoungGen      total 281600K, used 7196K [0x0000000795580000, 0x00000007a7780000, 0x00000007c0000000)
  eden space 266240K, 0% used [0x0000000795580000,0x0000000795580000,0x00000007a5980000)
  from space 15360K, 46% used [0x00000007a6880000,0x00000007a6f87380,0x00000007a7780000)
  to   space 15360K, 0% used [0x00000007a5980000,0x00000007a5980000,0x00000007a6880000)
 ParOldGen       total 87552K, used 29959K [0x0000000740000000, 0x0000000745580000, 0x0000000795580000)
  object space 87552K, 34% used [0x0000000740000000,0x0000000741d41fc0,0x0000000745580000)
 Metaspace       used 15179K, capacity 15444K, committed 15744K, reserved 1062912K
  class space    used 1973K, capacity 2062K, committed 2176K, reserved 1048576K
}
Event: 29.335 GC heap before
{Heap before GC invocations=7 (full 0):
 PSYoungGen      total 281600K, used 273436K [0x0000000795580000, 0x00000007a7780000, 0x00000007c0000000)
  eden space 266240K, 100% used [0x0000000795580000,0x00000007a5980000,0x00000007a5980000)
  from space 15360K, 46% used [0x00000007a6880000,0x00000007a6f87380,0x00000007a7780000)
  to   space 15360K, 0% used [0x00000007a5980000,0x00000007a5980000,0x00000007a6880000)
 ParOldGen       total 87552K, used 29959K [0x0000000740000000, 0x0000000745580000, 0x0000000795580000)
  object space 87552K, 34% used [0x0000000740000000,0x0000000741d41fc0,0x0000000745580000)
 Metaspace       used 15215K, capacity 15460K, committed 15744K, reserved 1062912K
  class space    used 1976K, capacity 2064K, committed 2176K, reserved 1048576K
Event: 29.533 GC heap after
Heap after GC invocations=7 (full 0):
 PSYoungGen      total 281600K, used 3040K [0x0000000795580000, 0x00000007b7d80000, 0x00000007c0000000)
  eden space 266240K, 0% used [0x0000000795580000,0x0000000795580000,0x00000007a5980000)
  from space 15360K, 19% used [0x00000007a5980000,0x00000007a5c78010,0x00000007a6880000)
  to   space 16384K, 0% used [0x00000007b6d80000,0x00000007b6d80000,0x00000007b7d80000)
 ParOldGen       total 87552K, used 34506K [0x0000000740000000, 0x0000000745580000, 0x0000000795580000)
  object space 87552K, 39% used [0x0000000740000000,0x00000007421b2958,0x0000000745580000)
 Metaspace       used 15215K, capacity 15460K, committed 15744K, reserved 1062912K
  class space    used 1976K, capacity 2064K, committed 2176K, reserved 1048576K
}
Event: 31.798 GC heap before
{Heap before GC invocations=8 (full 0):
 PSYoungGen      total 281600K, used 269280K [0x0000000795580000, 0x00000007b7d80000, 0x00000007c0000000)
  eden space 266240K, 100% used [0x0000000795580000,0x00000007a5980000,0x00000007a5980000)
  from space 15360K, 19% used [0x00000007a5980000,0x00000007a5c78010,0x00000007a6880000)
  to   space 16384K, 0% used [0x00000007b6d80000,0x00000007b6d80000,0x00000007b7d80000)
 ParOldGen       total 87552K, used 34506K [0x0000000740000000, 0x0000000745580000, 0x0000000795580000)
  object space 87552K, 39% used [0x0000000740000000,0x00000007421b2958,0x0000000745580000)
 Metaspace       used 15215K, capacity 15460K, committed 15744K, reserved 1062912K
  class space    used 1976K, capacity 2064K, committed 2176K, reserved 1048576K
Event: 31.824 GC heap after
Heap after GC invocations=8 (full 0):
 PSYoungGen      total 548352K, used 2848K [0x0000000795580000, 0x00000007b7e80000, 0x00000007c0000000)
  eden space 531968K, 0% used [0x0000000795580000,0x0000000795580000,0x00000007b5d00000)
  from space 16384K, 17% used [0x00000007b6d80000,0x00000007b7048010,0x00000007b7d80000)
  to   space 16896K, 0% used [0x00000007b5d00000,0x00000007b5d00000,0x00000007b6d80000)
 ParOldGen       total 87552K, used 34646K [0x0000000740000000, 0x0000000745580000, 0x0000000795580000)
  object space 87552K, 39% used [0x0000000740000000,0x00000007421d5968,0x0000000745580000)
 Metaspace       used 15215K, capacity 15460K, committed 15744K, reserved 1062912K
  class space    used 1976K, capacity 2064K, committed 2176K, reserved 1048576K
}

