# JRE version: Java(TM) SE Runtime Environment (8.0_161-b12) (build 1.8.0_161-b12)
# Java VM: Java HotSpot(TM) 64-Bit Server VM (25.161-b12 mixed mode bsd-amd64 compressed oops)
Heap:
 PSYoungGen      total 135168K, used 11546K [0x0000000795580000, 0x00000007a5380000, 0x00000007c0000000)
  eden space 134144K, 8% used [0x0000000795580000,0x0000000796006340,0x000000079d880000)
  from space 1024K, 75% used [0x00000007a5280000,0x00000007a53405c0,0x00000007a5380000)
  to   space 6144K, 0% used [0x00000007a4780000,0x00000007a4780000,0x00000007a4d80000)
 ParOldGen       total 87552K, used 16535K [0x0000000740000000, 0x0000000745580000, 0x0000000795580000)
  object space 87552K, 18% used [0x0000000740000000,0x0000000741025c38,0x0000000745580000)
 Metaspace       used 18943K, capacity 19248K, committed 19456K, reserved 1067008K
  class space    used 2360K, capacity 2450K, committed 2560K, reserved 1048576K
GC Heap History (10 events):
Event: 110.598 GC heap before
{Heap before GC invocations=30 (full 0):
 PSYoungGen      total 172544K, used 164672K [0x0000000795580000, 0x00000007a6700000, 0x00000007c0000000)
  eden space 164352K, 100% used [0x0000000795580000,0x000000079f600000,0x000000079f600000)
  from space 8192K, 3% used [0x00000007a5700000,0x00000007a5750000,0x00000007a5f00000)
  to   space 8192K, 0% used [0x00000007a5f00000,0x00000007a5f00000,0x00000007a6700000)
 ParOldGen       total 87552K, used 16403K [0x0000000740000000, 0x0000000745580000, 0x0000000795580000)
  object space 87552K, 18% used [0x0000000740000000,0x0000000741004c28,0x0000000745580000)
 Metaspace       used 15358K, capacity 15664K, committed 16000K, reserved 1062912K
  class space    used 1981K, capacity 2066K, committed 2176K, reserved 1048576K
Event: 110.601 GC heap after
Heap after GC invocations=30 (full 0):
 PSYoungGen      total 158208K, used 320K [0x0000000795580000, 0x00000007a5f80000, 0x00000007c0000000)
  eden space 157696K, 0% used [0x0000000795580000,0x0000000795580000,0x000000079ef80000)
  from space 512K, 62% used [0x00000007a5f00000,0x00000007a5f50000,0x00000007a5f80000)
  to   space 7680K, 0% used [0x00000007a5080000,0x00000007a5080000,0x00000007a5800000)
 ParOldGen       total 87552K, used 16435K [0x0000000740000000, 0x0000000745580000, 0x0000000795580000)
  object space 87552K, 18% used [0x0000000740000000,0x000000074100cc28,0x0000000745580000)
 Metaspace       used 15358K, capacity 15664K, committed 16000K, reserved 1062912K
  class space    used 1981K, capacity 2066K, committed 2176K, reserved 1048576K
}
Event: 114.839 GC heap before
{Heap before GC invocations=31 (full 0):
 PSYoungGen      total 158208K, used 158016K [0x0000000795580000, 0x00000007a5f80000, 0x00000007c0000000)
  eden space 157696K, 100% used [0x0000000795580000,0x000000079ef80000,0x000000079ef80000)
  from space 512K, 62% used [0x00000007a5f00000,0x00000007a5f50000,0x00000007a5f80000)
  to   space 7680K, 0% used [0x00000007a5080000,0x00000007a5080000,0x00000007a5800000)
 ParOldGen       total 87552K, used 16435K [0x0000000740000000, 0x0000000745580000, 0x0000000795580000)
  object space 87552K, 18% used [0x0000000740000000,0x000000074100cc28,0x0000000745580000)
 Metaspace       used 15360K, capacity 15664K, committed 16000K, reserved 1062912K
  class space    used 1981K, capacity 2066K, committed 2176K, reserved 1048576K
Event: 114.842 GC heap after
Heap after GC invocations=31 (full 0):
 PSYoungGen      total 159232K, used 320K [0x0000000795580000, 0x00000007a5f80000, 0x00000007c0000000)
  eden space 151552K, 0% used [0x0000000795580000,0x0000000795580000,0x000000079e980000)
  from space 7680K, 4% used [0x00000007a5080000,0x00000007a50d0000,0x00000007a5800000)
  to   space 7168K, 0% used [0x00000007a5880000,0x00000007a5880000,0x00000007a5f80000)
 ParOldGen       total 87552K, used 16471K [0x0000000740000000, 0x0000000745580000, 0x0000000795580000)
  object space 87552K, 18% used [0x0000000740000000,0x0000000741015c38,0x0000000745580000)
 Metaspace       used 15360K, capacity 15664K, committed 16000K, reserved 1062912K
  class space    used 1981K, capacity 2066K, committed 2176K, reserved 1048576K
}
Event: 118.060 GC heap before
{Heap before GC invocations=32 (full 0):
 PSYoungGen      total 159232K, used 151872K [0x0000000795580000, 0x00000007a5f80000, 0x00000007c0000000)
  eden space 151552K, 100% used [0x0000000795580000,0x000000079e980000,0x000000079e980000)
  from space 7680K, 4% used [0x00000007a5080000,0x00000007a50d0000,0x00000007a5800000)
  to   space 7168K, 0% used [0x00000007a5880000,0x00000007a5880000,0x00000007a5f80000)
 ParOldGen       total 87552K, used 16471K [0x0000000740000000, 0x0000000745580000, 0x0000000795580000)
  object space 87552K, 18% used [0x0000000740000000,0x0000000741015c38,0x0000000745580000)
 Metaspace       used 15360K, capacity 15664K, committed 16000K, reserved 1062912K
  class space    used 1981K, capacity 2066K, committed 2176K, reserved 1048576K
Event: 118.074 GC heap after
Heap after GC invocations=32 (full 0):
 PSYoungGen      total 145920K, used 384K [0x0000000795580000, 0x00000007a5900000, 0x00000007c0000000)
  eden space 145408K, 0% used [0x0000000795580000,0x0000000795580000,0x000000079e380000)
  from space 512K, 75% used [0x00000007a5880000,0x00000007a58e0000,0x00000007a5900000)
  to   space 7168K, 0% used [0x00000007a4b00000,0x00000007a4b00000,0x00000007a5200000)
 ParOldGen       total 87552K, used 16495K [0x0000000740000000, 0x0000000745580000, 0x0000000795580000)
  object space 87552K, 18% used [0x0000000740000000,0x000000074101bc38,0x0000000745580000)
 Metaspace       used 15360K, capacity 15664K, committed 16000K, reserved 1062912K
  class space    used 1981K, capacity 2066K, committed 2176K, reserved 1048576K
}
Event: 120.732 GC heap before
{Heap before GC invocations=33 (full 0):
 PSYoungGen      total 145920K, used 145792K [0x0000000795580000, 0x00000007a5900000, 0x00000007c0000000)
  eden space 145408K, 100% used [0x0000000795580000,0x000000079e380000,0x000000079e380000)
  from space 512K, 75% used [0x00000007a5880000,0x00000007a58e0000,0x00000007a5900000)
  to   space 7168K, 0% used [0x00000007a4b00000,0x00000007a4b00000,0x00000007a5200000)
 ParOldGen       total 87552K, used 16495K [0x0000000740000000, 0x0000000745580000, 0x0000000795580000)
  object space 87552K, 18% used [0x0000000740000000,0x000000074101bc38,0x0000000745580000)
 Metaspace       used 15360K, capacity 15664K, committed 16000K, reserved 1062912K
  class space    used 1981K, capacity 2066K, committed 2176K, reserved 1048576K
Event: 120.747 GC heap after
Heap after GC invocations=33 (full 0):
 PSYoungGen      total 146944K, used 352K [0x0000000795580000, 0x00000007a5900000, 0x00000007c0000000)
  eden space 139776K, 0% used [0x0000000795580000,0x0000000795580000,0x000000079de00000)
  from space 7168K, 4% used [0x00000007a4b00000,0x00000007a4b58000,0x00000007a5200000)
  to   space 6656K, 0% used [0x00000007a5280000,0x00000007a5280000,0x00000007a5900000)
 ParOldGen       total 87552K, used 16519K [0x0000000740000000, 0x0000000745580000, 0x0000000795580000)
  object space 87552K, 18% used [0x0000000740000000,0x0000000741021c38,0x0000000745580000)
 Metaspace       used 15360K, capacity 15664K, committed 16000K, reserved 1062912K
  class space    used 1981K, capacity 2066K, committed 2176K, reserved 1048576K
}
Event: 124.339 GC heap before
{Heap before GC invocations=34 (full 0):
 PSYoungGen      total 146944K, used 140123K [0x0000000795580000, 0x00000007a5900000, 0x00000007c0000000)
  eden space 139776K, 99% used [0x0000000795580000,0x000000079ddfee00,0x000000079de00000)
  from space 7168K, 4% used [0x00000007a4b00000,0x00000007a4b58000,0x00000007a5200000)
  to   space 6656K, 0% used [0x00000007a5280000,0x00000007a5280000,0x00000007a5900000)
 ParOldGen       total 87552K, used 16519K [0x0000000740000000, 0x0000000745580000, 0x0000000795580000)
  object space 87552K, 18% used [0x0000000740000000,0x0000000741021c38,0x0000000745580000)
 Metaspace       used 15663K, capacity 15920K, committed 16256K, reserved 1062912K
  class space    used 1999K, capacity 2066K, committed 2176K, reserved 1048576K
Event: 124.347 GC heap after
Heap after GC invocations=34 (full 0):
 PSYoungGen      total 135168K, used 769K [0x0000000795580000, 0x00000007a5380000, 0x00000007c0000000)
  eden space 134144K, 0% used [0x0000000795580000,0x0000000795580000,0x000000079d880000)
  from space 1024K, 75% used [0x00000007a5280000,0x00000007a53405c0,0x00000007a5380000)
  to   space 6144K, 0% used [0x00000007a4780000,0x00000007a4780000,0x00000007a4d80000)
 ParOldGen       total 87552K, used 16535K [0x0000000740000000, 0x0000000745580000, 0x0000000795580000)
  object space 87552K, 18% used [0x0000000740000000,0x0000000741025c38,0x0000000745580000)
 Metaspace       used 15663K, capacity 15920K, committed 16256K, reserved 1062912K
  class space    used 1999K, capacity 2066K, committed 2176K, reserved 1048576K
}

