# JRE version: Java(TM) SE Runtime Environment (8.0_161-b12) (build 1.8.0_161-b12)
# Java VM: Java HotSpot(TM) 64-Bit Server VM (25.161-b12 mixed mode bsd-amd64 compressed oops)
Heap:
 PSYoungGen      total 624128K, used 305851K [0x0000000795580000, 0x00000007bf380000, 0x00000007c0000000)
  eden space 611328K, 49% used [0x0000000795580000,0x00000007a7fb6c58,0x00000007baa80000)
  from space 12800K, 3% used [0x00000007bda80000,0x00000007bdaf8000,0x00000007be700000)
  to   space 12288K, 0% used [0x00000007be780000,0x00000007be780000,0x00000007bf380000)
 ParOldGen       total 87552K, used 16124K [0x0000000740000000, 0x0000000745580000, 0x0000000795580000)
  object space 87552K, 18% used [0x0000000740000000,0x0000000740fbf308,0x0000000745580000)
 Metaspace       used 19259K, capacity 19536K, committed 19712K, reserved 1067008K
  class space    used 2397K, capacity 2482K, committed 2560K, reserved 1048576K
GC Heap History (10 events):
Event: 33.085 GC heap before
{Heap before GC invocations=11 (full 0):
 PSYoungGen      total 436736K, used 434656K [0x0000000795580000, 0x00000007b0e80000, 0x00000007c0000000)
  eden space 424960K, 100% used [0x0000000795580000,0x00000007af480000,0x00000007af480000)
  from space 11776K, 82% used [0x00000007b0100000,0x00000007b0a78050,0x00000007b0c80000)
  to   space 12800K, 0% used [0x00000007af480000,0x00000007af480000,0x00000007b0100000)
 ParOldGen       total 87552K, used 13273K [0x0000000740000000, 0x0000000745580000, 0x0000000795580000)
  object space 87552K, 15% used [0x0000000740000000,0x0000000740cf66f8,0x0000000745580000)
 Metaspace       used 15305K, capacity 15594K, committed 15744K, reserved 1062912K
  class space    used 1977K, capacity 2065K, committed 2176K, reserved 1048576K
Event: 33.118 GC heap after
Heap after GC invocations=11 (full 0):
 PSYoungGen      total 437760K, used 2720K [0x0000000795580000, 0x00000007c0000000, 0x00000007c0000000)
  eden space 424960K, 0% used [0x0000000795580000,0x0000000795580000,0x00000007af480000)
  from space 12800K, 21% used [0x00000007af480000,0x00000007af728000,0x00000007b0100000)
  to   space 12800K, 0% used [0x00000007bf380000,0x00000007bf380000,0x00000007c0000000)
 ParOldGen       total 87552K, used 13972K [0x0000000740000000, 0x0000000745580000, 0x0000000795580000)
  object space 87552K, 15% used [0x0000000740000000,0x0000000740da52c8,0x0000000745580000)
 Metaspace       used 15305K, capacity 15594K, committed 15744K, reserved 1062912K
  class space    used 1977K, capacity 2065K, committed 2176K, reserved 1048576K
}
Event: 35.228 GC heap before
{Heap before GC invocations=12 (full 0):
 PSYoungGen      total 437760K, used 427680K [0x0000000795580000, 0x00000007c0000000, 0x00000007c0000000)
  eden space 424960K, 100% used [0x0000000795580000,0x00000007af480000,0x00000007af480000)
  from space 12800K, 21% used [0x00000007af480000,0x00000007af728000,0x00000007b0100000)
  to   space 12800K, 0% used [0x00000007bf380000,0x00000007bf380000,0x00000007c0000000)
 ParOldGen       total 87552K, used 13972K [0x0000000740000000, 0x0000000745580000, 0x0000000795580000)
  object space 87552K, 15% used [0x0000000740000000,0x0000000740da52c8,0x0000000745580000)
 Metaspace       used 15305K, capacity 15594K, committed 15744K, reserved 1062912K
  class space    used 1977K, capacity 2065K, committed 2176K, reserved 1048576K
Event: 35.247 GC heap after
Heap after GC invocations=12 (full 0):
 PSYoungGen      total 686080K, used 608K [0x0000000795580000, 0x00000007c0000000, 0x00000007c0000000)
  eden space 673280K, 0% used [0x0000000795580000,0x0000000795580000,0x00000007be700000)
  from space 12800K, 4% used [0x00000007bf380000,0x00000007bf418000,0x00000007c0000000)
  to   space 12800K, 0% used [0x00000007be700000,0x00000007be700000,0x00000007bf380000)
 ParOldGen       total 87552K, used 15580K [0x0000000740000000, 0x0000000745580000, 0x0000000795580000)
  object space 87552K, 17% used [0x0000000740000000,0x0000000740f372c8,0x0000000745580000)
 Metaspace       used 15305K, capacity 15594K, committed 15744K, reserved 1062912K
  class space    used 1977K, capacity 2065K, committed 2176K, reserved 1048576K
}
Event: 44.076 GC heap before
{Heap before GC invocations=13 (full 0):
 PSYoungGen      total 686080K, used 673888K [0x0000000795580000, 0x00000007c0000000, 0x00000007c0000000)
  eden space 673280K, 100% used [0x0000000795580000,0x00000007be700000,0x00000007be700000)
  from space 12800K, 4% used [0x00000007bf380000,0x00000007bf418000,0x00000007c0000000)
  to   space 12800K, 0% used [0x00000007be700000,0x00000007be700000,0x00000007bf380000)
 ParOldGen       total 87552K, used 15580K [0x0000000740000000, 0x0000000745580000, 0x0000000795580000)
  object space 87552K, 17% used [0x0000000740000000,0x0000000740f372c8,0x0000000745580000)
 Metaspace       used 15344K, capacity 15600K, committed 15744K, reserved 1062912K
  class space    used 1980K, capacity 2066K, committed 2176K, reserved 1048576K
Event: 44.120 GC heap after
Heap after GC invocations=13 (full 0):
 PSYoungGen      total 676352K, used 2720K [0x0000000795580000, 0x00000007bff00000, 0x00000007c0000000)
  eden space 673280K, 0% used [0x0000000795580000,0x0000000795580000,0x00000007be700000)
  from space 3072K, 88% used [0x00000007be700000,0x00000007be9a8000,0x00000007bea00000)
  to   space 12288K, 0% used [0x00000007bf300000,0x00000007bf300000,0x00000007bff00000)
 ParOldGen       total 87552K, used 15668K [0x0000000740000000, 0x0000000745580000, 0x0000000795580000)
  object space 87552K, 17% used [0x0000000740000000,0x0000000740f4d2c8,0x0000000745580000)
 Metaspace       used 15344K, capacity 15600K, committed 15744K, reserved 1062912K
  class space    used 1980K, capacity 2066K, committed 2176K, reserved 1048576K
}
Event: 51.896 GC heap before
{Heap before GC invocations=14 (full 0):
 PSYoungGen      total 676352K, used 676000K [0x0000000795580000, 0x00000007bff00000, 0x00000007c0000000)
  eden space 673280K, 100% used [0x0000000795580000,0x00000007be700000,0x00000007be700000)
  from space 3072K, 88% used [0x00000007be700000,0x00000007be9a8000,0x00000007bea00000)
  to   space 12288K, 0% used [0x00000007bf300000,0x00000007bf300000,0x00000007bff00000)
 ParOldGen       total 87552K, used 15668K [0x0000000740000000, 0x0000000745580000, 0x0000000795580000)
  object space 87552K, 17% used [0x0000000740000000,0x0000000740f4d2c8,0x0000000745580000)
 Metaspace       used 15360K, capacity 15664K, committed 16000K, reserved 1062912K
  class space    used 1980K, capacity 2066K, committed 2176K, reserved 1048576K
Event: 51.908 GC heap after
Heap after GC invocations=14 (full 0):
 PSYoungGen      total 642048K, used 416K [0x0000000795580000, 0x00000007bf380000, 0x00000007c0000000)
  eden space 641536K, 0% used [0x0000000795580000,0x0000000795580000,0x00000007bc800000)
  from space 512K, 81% used [0x00000007bf300000,0x00000007bf368000,0x00000007bf380000)
  to   space 12800K, 0% used [0x00000007bda80000,0x00000007bda80000,0x00000007be700000)
 ParOldGen       total 87552K, used 16052K [0x0000000740000000, 0x0000000745580000, 0x0000000795580000)
  object space 87552K, 18% used [0x0000000740000000,0x0000000740fad308,0x0000000745580000)
 Metaspace       used 15360K, capacity 15664K, committed 16000K, reserved 1062912K
  class space    used 1980K, capacity 2066K, committed 2176K, reserved 1048576K
}
Event: 59.291 GC heap before
{Heap before GC invocations=15 (full 0):
 PSYoungGen      total 642048K, used 641952K [0x0000000795580000, 0x00000007bf380000, 0x00000007c0000000)
  eden space 641536K, 100% used [0x0000000795580000,0x00000007bc800000,0x00000007bc800000)
  from space 512K, 81% used [0x00000007bf300000,0x00000007bf368000,0x00000007bf380000)
  to   space 12800K, 0% used [0x00000007bda80000,0x00000007bda80000,0x00000007be700000)
 ParOldGen       total 87552K, used 16052K [0x0000000740000000, 0x0000000745580000, 0x0000000795580000)
  object space 87552K, 18% used [0x0000000740000000,0x0000000740fad308,0x0000000745580000)
 Metaspace       used 15362K, capacity 15664K, committed 16000K, reserved 1062912K
  class space    used 1980K, capacity 2066K, committed 2176K, reserved 1048576K
Event: 59.297 GC heap after
Heap after GC invocations=15 (full 0):
 PSYoungGen      total 624128K, used 480K [0x0000000795580000, 0x00000007bf380000, 0x00000007c0000000)
  eden space 611328K, 0% used [0x0000000795580000,0x0000000795580000,0x00000007baa80000)
  from space 12800K, 3% used [0x00000007bda80000,0x00000007bdaf8000,0x00000007be700000)
  to   space 12288K, 0% used [0x00000007be780000,0x00000007be780000,0x00000007bf380000)
 ParOldGen       total 87552K, used 16124K [0x0000000740000000, 0x0000000745580000, 0x0000000795580000)
  object space 87552K, 18% used [0x0000000740000000,0x0000000740fbf308,0x0000000745580000)
 Metaspace       used 15362K, capacity 15664K, committed 16000K, reserved 1062912K
  class space    used 1980K, capacity 2066K, committed 2176K, reserved 1048576K
}

