# JRE version: Java(TM) SE Runtime Environment (8.0_161-b12) (build 1.8.0_161-b12)
# Java VM: Java HotSpot(TM) 64-Bit Server VM (25.161-b12 mixed mode bsd-amd64 compressed oops)
Heap:
 PSYoungGen      total 644096K, used 450247K [0x0000000795580000, 0x00000007bf500000, 0x00000007c0000000)
  eden space 643584K, 69% used [0x0000000795580000,0x00000007b0cb9d88,0x00000007bca00000)
  from space 512K, 93% used [0x00000007be900000,0x00000007be978000,0x00000007be980000)
  to   space 11776K, 0% used [0x00000007be980000,0x00000007be980000,0x00000007bf500000)
 ParOldGen       total 87552K, used 13087K [0x0000000740000000, 0x0000000745580000, 0x0000000795580000)
  object space 87552K, 14% used [0x0000000740000000,0x0000000740cc7f00,0x0000000745580000)
 Metaspace       used 18845K, capacity 19120K, committed 19456K, reserved 1067008K
  class space    used 2352K, capacity 2450K, committed 2560K, reserved 1048576K
GC Heap History (10 events):
Event: 23.952 GC heap before
{Heap before GC invocations=9 (full 0):
 PSYoungGen      total 542720K, used 535552K [0x0000000795580000, 0x00000007b7180000, 0x00000007c0000000)
  eden space 532480K, 100% used [0x0000000795580000,0x00000007b5d80000,0x00000007b5d80000)
  from space 10240K, 30% used [0x00000007b6780000,0x00000007b6a80040,0x00000007b7180000)
  to   space 10240K, 0% used [0x00000007b5d80000,0x00000007b5d80000,0x00000007b6780000)
 ParOldGen       total 87552K, used 11882K [0x0000000740000000, 0x0000000745580000, 0x0000000795580000)
  object space 87552K, 13% used [0x0000000740000000,0x0000000740b9ab68,0x0000000745580000)
 Metaspace       used 15286K, capacity 15594K, committed 15744K, reserved 1062912K
  class space    used 1977K, capacity 2065K, committed 2176K, reserved 1048576K
Event: 24.150 GC heap after
Heap after GC invocations=9 (full 0):
 PSYoungGen      total 542720K, used 3040K [0x0000000795580000, 0x00000007c0000000, 0x00000007c0000000)
  eden space 532480K, 0% used [0x0000000795580000,0x0000000795580000,0x00000007b5d80000)
  from space 10240K, 29% used [0x00000007b5d80000,0x00000007b6078040,0x00000007b6780000)
  to   space 10240K, 0% used [0x00000007bf600000,0x00000007bf600000,0x00000007c0000000)
 ParOldGen       total 87552K, used 12210K [0x0000000740000000, 0x0000000745580000, 0x0000000795580000)
  object space 87552K, 13% used [0x0000000740000000,0x0000000740becb68,0x0000000745580000)
 Metaspace       used 15286K, capacity 15594K, committed 15744K, reserved 1062912K
  class space    used 1977K, capacity 2065K, committed 2176K, reserved 1048576K
}
Event: 28.071 GC heap before
{Heap before GC invocations=10 (full 0):
 PSYoungGen      total 542720K, used 535520K [0x0000000795580000, 0x00000007c0000000, 0x00000007c0000000)
  eden space 532480K, 100% used [0x0000000795580000,0x00000007b5d80000,0x00000007b5d80000)
  from space 10240K, 29% used [0x00000007b5d80000,0x00000007b6078040,0x00000007b6780000)
  to   space 10240K, 0% used [0x00000007bf600000,0x00000007bf600000,0x00000007c0000000)
 ParOldGen       total 87552K, used 12210K [0x0000000740000000, 0x0000000745580000, 0x0000000795580000)
  object space 87552K, 13% used [0x0000000740000000,0x0000000740becb68,0x0000000745580000)
 Metaspace       used 15286K, capacity 15594K, committed 15744K, reserved 1062912K
  class space    used 1977K, capacity 2065K, committed 2176K, reserved 1048576K
Event: 28.141 GC heap after
Heap after GC invocations=10 (full 0):
 PSYoungGen      total 685568K, used 9824K [0x0000000795580000, 0x00000007c0000000, 0x00000007c0000000)
  eden space 675328K, 0% used [0x0000000795580000,0x0000000795580000,0x00000007be900000)
  from space 10240K, 95% used [0x00000007bf600000,0x00000007bff98010,0x00000007c0000000)
  to   space 11776K, 0% used [0x00000007be900000,0x00000007be900000,0x00000007bf480000)
 ParOldGen       total 87552K, used 12527K [0x0000000740000000, 0x0000000745580000, 0x0000000795580000)
  object space 87552K, 14% used [0x0000000740000000,0x0000000740c3bf00,0x0000000745580000)
 Metaspace       used 15286K, capacity 15594K, committed 15744K, reserved 1062912K
  class space    used 1977K, capacity 2065K, committed 2176K, reserved 1048576K
}
Event: 34.944 GC heap before
{Heap before GC invocations=11 (full 0):
 PSYoungGen      total 685568K, used 685152K [0x0000000795580000, 0x00000007c0000000, 0x00000007c0000000)
  eden space 675328K, 100% used [0x0000000795580000,0x00000007be900000,0x00000007be900000)
  from space 10240K, 95% used [0x00000007bf600000,0x00000007bff98010,0x00000007c0000000)
  to   space 11776K, 0% used [0x00000007be900000,0x00000007be900000,0x00000007bf480000)
 ParOldGen       total 87552K, used 12527K [0x0000000740000000, 0x0000000745580000, 0x0000000795580000)
  object space 87552K, 14% used [0x0000000740000000,0x0000000740c3bf00,0x0000000745580000)
 Metaspace       used 15322K, capacity 15600K, committed 15744K, reserved 1062912K
  class space    used 1980K, capacity 2066K, committed 2176K, reserved 1048576K
Event: 34.987 GC heap after
Heap after GC invocations=11 (full 0):
 PSYoungGen      total 687104K, used 2560K [0x0000000795580000, 0x00000007c0000000, 0x00000007c0000000)
  eden space 675328K, 0% used [0x0000000795580000,0x0000000795580000,0x00000007be900000)
  from space 11776K, 21% used [0x00000007be900000,0x00000007beb80000,0x00000007bf480000)
  to   space 11776K, 0% used [0x00000007bf480000,0x00000007bf480000,0x00000007c0000000)
 ParOldGen       total 87552K, used 12863K [0x0000000740000000, 0x0000000745580000, 0x0000000795580000)
  object space 87552K, 14% used [0x0000000740000000,0x0000000740c8ff00,0x0000000745580000)
 Metaspace       used 15322K, capacity 15600K, committed 15744K, reserved 1062912K
  class space    used 1980K, capacity 2066K, committed 2176K, reserved 1048576K
}
Event: 45.639 GC heap before
{Heap before GC invocations=12 (full 0):
 PSYoungGen      total 687104K, used 677888K [0x0000000795580000, 0x00000007c0000000, 0x00000007c0000000)
  eden space 675328K, 100% used [0x0000000795580000,0x00000007be900000,0x00000007be900000)
  from space 11776K, 21% used [0x00000007be900000,0x00000007beb80000,0x00000007bf480000)
  to   space 11776K, 0% used [0x00000007bf480000,0x00000007bf480000,0x00000007c0000000)
 ParOldGen       total 87552K, used 12863K [0x0000000740000000, 0x0000000745580000, 0x0000000795580000)
  object space 87552K, 14% used [0x0000000740000000,0x0000000740c8ff00,0x0000000745580000)
 Metaspace       used 15337K, capacity 15664K, committed 16000K, reserved 1062912K
  class space    used 1980K, capacity 2066K, committed 2176K, reserved 1048576K
Event: 45.643 GC heap after
Heap after GC invocations=12 (full 0):
 PSYoungGen      total 687104K, used 416K [0x0000000795580000, 0x00000007c0000000, 0x00000007c0000000)
  eden space 675328K, 0% used [0x0000000795580000,0x0000000795580000,0x00000007be900000)
  from space 11776K, 3% used [0x00000007bf480000,0x00000007bf4e8000,0x00000007c0000000)
  to   space 11776K, 0% used [0x00000007be900000,0x00000007be900000,0x00000007bf480000)
 ParOldGen       total 87552K, used 13015K [0x0000000740000000, 0x0000000745580000, 0x0000000795580000)
  object space 87552K, 14% used [0x0000000740000000,0x0000000740cb5f00,0x0000000745580000)
 Metaspace       used 15337K, capacity 15664K, committed 16000K, reserved 1062912K
  class space    used 1980K, capacity 2066K, committed 2176K, reserved 1048576K
}
Event: 56.581 GC heap before
{Heap before GC invocations=13 (full 0):
 PSYoungGen      total 687104K, used 675744K [0x0000000795580000, 0x00000007c0000000, 0x00000007c0000000)
  eden space 675328K, 100% used [0x0000000795580000,0x00000007be900000,0x00000007be900000)
  from space 11776K, 3% used [0x00000007bf480000,0x00000007bf4e8000,0x00000007c0000000)
  to   space 11776K, 0% used [0x00000007be900000,0x00000007be900000,0x00000007bf480000)
 ParOldGen       total 87552K, used 13015K [0x0000000740000000, 0x0000000745580000, 0x0000000795580000)
  object space 87552K, 14% used [0x0000000740000000,0x0000000740cb5f00,0x0000000745580000)
 Metaspace       used 15340K, capacity 15664K, committed 16000K, reserved 1062912K
  class space    used 1980K, capacity 2066K, committed 2176K, reserved 1048576K
Event: 56.598 GC heap after
Heap after GC invocations=13 (full 0):
 PSYoungGen      total 644096K, used 480K [0x0000000795580000, 0x00000007bf500000, 0x00000007c0000000)
  eden space 643584K, 0% used [0x0000000795580000,0x0000000795580000,0x00000007bca00000)
  from space 512K, 93% used [0x00000007be900000,0x00000007be978000,0x00000007be980000)
  to   space 11776K, 0% used [0x00000007be980000,0x00000007be980000,0x00000007bf500000)
 ParOldGen       total 87552K, used 13087K [0x0000000740000000, 0x0000000745580000, 0x0000000795580000)
  object space 87552K, 14% used [0x0000000740000000,0x0000000740cc7f00,0x0000000745580000)
 Metaspace       used 15340K, capacity 15664K, committed 16000K, reserved 1062912K
  class space    used 1980K, capacity 2066K, committed 2176K, reserved 1048576K
}

