# JRE version: Java(TM) SE Runtime Environment (8.0_161-b12) (build 1.8.0_161-b12)
# Java VM: Java HotSpot(TM) 64-Bit Server VM (25.161-b12 mixed mode bsd-amd64 compressed oops)
Heap:
 PSYoungGen      total 625152K, used 566187K [0x0000000795580000, 0x00000007bf680000, 0x00000007c0000000)
  eden space 614912K, 92% used [0x0000000795580000,0x00000007b7dfad00,0x00000007bae00000)
  from space 10240K, 4% used [0x00000007be280000,0x00000007be2f0000,0x00000007bec80000)
  to   space 10240K, 0% used [0x00000007bec80000,0x00000007bec80000,0x00000007bf680000)
 ParOldGen       total 87552K, used 13930K [0x0000000740000000, 0x0000000745580000, 0x0000000795580000)
  object space 87552K, 15% used [0x0000000740000000,0x0000000740d9aac8,0x0000000745580000)
 Metaspace       used 19288K, capacity 19600K, committed 19712K, reserved 1067008K
  class space    used 2397K, capacity 2482K, committed 2560K, reserved 1048576K
GC Heap History (10 events):
Event: 13.526 GC heap before
{Heap before GC invocations=9 (full 0):
 PSYoungGen      total 543232K, used 533888K [0x0000000795580000, 0x00000007b7280000, 0x00000007c0000000)
  eden space 532480K, 100% used [0x0000000795580000,0x00000007b5d80000,0x00000007b5d80000)
  from space 10752K, 13% used [0x00000007b6800000,0x00000007b6960000,0x00000007b7280000)
  to   space 10752K, 0% used [0x00000007b5d80000,0x00000007b5d80000,0x00000007b6800000)
 ParOldGen       total 87552K, used 11872K [0x0000000740000000, 0x0000000745580000, 0x0000000795580000)
  object space 87552K, 13% used [0x0000000740000000,0x0000000740b98058,0x0000000745580000)
 Metaspace       used 15295K, capacity 15596K, committed 15744K, reserved 1062912K
  class space    used 1978K, capacity 2066K, committed 2176K, reserved 1048576K
Event: 13.553 GC heap after
Heap after GC invocations=9 (full 0):
 PSYoungGen      total 543232K, used 4704K [0x0000000795580000, 0x00000007bff00000, 0x00000007c0000000)
  eden space 532480K, 0% used [0x0000000795580000,0x0000000795580000,0x00000007b5d80000)
  from space 10752K, 43% used [0x00000007b5d80000,0x00000007b6218040,0x00000007b6800000)
  to   space 10240K, 0% used [0x00000007bf500000,0x00000007bf500000,0x00000007bff00000)
 ParOldGen       total 87552K, used 11956K [0x0000000740000000, 0x0000000745580000, 0x0000000795580000)
  object space 87552K, 13% used [0x0000000740000000,0x0000000740bad068,0x0000000745580000)
 Metaspace       used 15295K, capacity 15596K, committed 15744K, reserved 1062912K
  class space    used 1978K, capacity 2066K, committed 2176K, reserved 1048576K
}
Event: 16.367 GC heap before
{Heap before GC invocations=10 (full 0):
 PSYoungGen      total 543232K, used 537184K [0x0000000795580000, 0x00000007bff00000, 0x00000007c0000000)
  eden space 532480K, 100% used [0x0000000795580000,0x00000007b5d80000,0x00000007b5d80000)
  from space 10752K, 43% used [0x00000007b5d80000,0x00000007b6218040,0x00000007b6800000)
  to   space 10240K, 0% used [0x00000007bf500000,0x00000007bf500000,0x00000007bff00000)
 ParOldGen       total 87552K, used 11956K [0x0000000740000000, 0x0000000745580000, 0x0000000795580000)
  object space 87552K, 13% used [0x0000000740000000,0x0000000740bad068,0x0000000745580000)
 Metaspace       used 15304K, capacity 15600K, committed 15744K, reserved 1062912K
  class space    used 1978K, capacity 2066K, committed 2176K, reserved 1048576K
Event: 16.390 GC heap after
Heap after GC invocations=10 (full 0):
 PSYoungGen      total 687616K, used 3328K [0x0000000795580000, 0x00000007bff80000, 0x00000007c0000000)
  eden space 677376K, 0% used [0x0000000795580000,0x0000000795580000,0x00000007beb00000)
  from space 10240K, 32% used [0x00000007bf500000,0x00000007bf840040,0x00000007bff00000)
  to   space 10240K, 0% used [0x00000007beb00000,0x00000007beb00000,0x00000007bf500000)
 ParOldGen       total 87552K, used 13036K [0x0000000740000000, 0x0000000745580000, 0x0000000795580000)
  object space 87552K, 14% used [0x0000000740000000,0x0000000740cbb088,0x0000000745580000)
 Metaspace       used 15304K, capacity 15600K, committed 15744K, reserved 1062912K
  class space    used 1978K, capacity 2066K, committed 2176K, reserved 1048576K
}
Event: 20.157 GC heap before
{Heap before GC invocations=11 (full 0):
 PSYoungGen      total 687616K, used 680704K [0x0000000795580000, 0x00000007bff80000, 0x00000007c0000000)
  eden space 677376K, 100% used [0x0000000795580000,0x00000007beb00000,0x00000007beb00000)
  from space 10240K, 32% used [0x00000007bf500000,0x00000007bf840040,0x00000007bff00000)
  to   space 10240K, 0% used [0x00000007beb00000,0x00000007beb00000,0x00000007bf500000)
 ParOldGen       total 87552K, used 13036K [0x0000000740000000, 0x0000000745580000, 0x0000000795580000)
  object space 87552K, 14% used [0x0000000740000000,0x0000000740cbb088,0x0000000745580000)
 Metaspace       used 15329K, capacity 15600K, committed 15744K, reserved 1062912K
  class space    used 1980K, capacity 2066K, committed 2176K, reserved 1048576K
Event: 20.185 GC heap after
Heap after GC invocations=11 (full 0):
 PSYoungGen      total 687616K, used 2496K [0x0000000795580000, 0x00000007c0000000, 0x00000007c0000000)
  eden space 677376K, 0% used [0x0000000795580000,0x0000000795580000,0x00000007beb00000)
  from space 10240K, 24% used [0x00000007beb00000,0x00000007bed70000,0x00000007bf500000)
  to   space 10240K, 0% used [0x00000007bf600000,0x00000007bf600000,0x00000007c0000000)
 ParOldGen       total 87552K, used 13730K [0x0000000740000000, 0x0000000745580000, 0x0000000795580000)
  object space 87552K, 15% used [0x0000000740000000,0x0000000740d68ac8,0x0000000745580000)
 Metaspace       used 15329K, capacity 15600K, committed 15744K, reserved 1062912K
  class space    used 1980K, capacity 2066K, committed 2176K, reserved 1048576K
}
Event: 24.946 GC heap before
{Heap before GC invocations=12 (full 0):
 PSYoungGen      total 687616K, used 679872K [0x0000000795580000, 0x00000007c0000000, 0x00000007c0000000)
  eden space 677376K, 100% used [0x0000000795580000,0x00000007beb00000,0x00000007beb00000)
  from space 10240K, 24% used [0x00000007beb00000,0x00000007bed70000,0x00000007bf500000)
  to   space 10240K, 0% used [0x00000007bf600000,0x00000007bf600000,0x00000007c0000000)
 ParOldGen       total 87552K, used 13730K [0x0000000740000000, 0x0000000745580000, 0x0000000795580000)
  object space 87552K, 15% used [0x0000000740000000,0x0000000740d68ac8,0x0000000745580000)
 Metaspace       used 15347K, capacity 15664K, committed 16000K, reserved 1062912K
  class space    used 1980K, capacity 2066K, committed 2176K, reserved 1048576K
Event: 24.949 GC heap after
Heap after GC invocations=12 (full 0):
 PSYoungGen      total 645632K, used 480K [0x0000000795580000, 0x00000007bf680000, 0x00000007c0000000)
  eden space 645120K, 0% used [0x0000000795580000,0x0000000795580000,0x00000007bcb80000)
  from space 512K, 93% used [0x00000007bf600000,0x00000007bf678000,0x00000007bf680000)
  to   space 10240K, 0% used [0x00000007be280000,0x00000007be280000,0x00000007bec80000)
 ParOldGen       total 87552K, used 13826K [0x0000000740000000, 0x0000000745580000, 0x0000000795580000)
  object space 87552K, 15% used [0x0000000740000000,0x0000000740d80ac8,0x0000000745580000)
 Metaspace       used 15347K, capacity 15664K, committed 16000K, reserved 1062912K
  class space    used 1980K, capacity 2066K, committed 2176K, reserved 1048576K
}
Event: 29.279 GC heap before
{Heap before GC invocations=13 (full 0):
 PSYoungGen      total 645632K, used 645600K [0x0000000795580000, 0x00000007bf680000, 0x00000007c0000000)
  eden space 645120K, 100% used [0x0000000795580000,0x00000007bcb80000,0x00000007bcb80000)
  from space 512K, 93% used [0x00000007bf600000,0x00000007bf678000,0x00000007bf680000)
  to   space 10240K, 0% used [0x00000007be280000,0x00000007be280000,0x00000007bec80000)
 ParOldGen       total 87552K, used 13826K [0x0000000740000000, 0x0000000745580000, 0x0000000795580000)
  object space 87552K, 15% used [0x0000000740000000,0x0000000740d80ac8,0x0000000745580000)
 Metaspace       used 15352K, capacity 15664K, committed 16000K, reserved 1062912K
  class space    used 1980K, capacity 2066K, committed 2176K, reserved 1048576K
Event: 29.282 GC heap after
Heap after GC invocations=13 (full 0):
 PSYoungGen      total 625152K, used 448K [0x0000000795580000, 0x00000007bf680000, 0x00000007c0000000)
  eden space 614912K, 0% used [0x0000000795580000,0x0000000795580000,0x00000007bae00000)
  from space 10240K, 4% used [0x00000007be280000,0x00000007be2f0000,0x00000007bec80000)
  to   space 10240K, 0% used [0x00000007bec80000,0x00000007bec80000,0x00000007bf680000)
 ParOldGen       total 87552K, used 13930K [0x0000000740000000, 0x0000000745580000, 0x0000000795580000)
  object space 87552K, 15% used [0x0000000740000000,0x0000000740d9aac8,0x0000000745580000)
 Metaspace       used 15352K, capacity 15664K, committed 16000K, reserved 1062912K
  class space    used 1980K, capacity 2066K, committed 2176K, reserved 1048576K
}

