# JRE version: Java(TM) SE Runtime Environment (8.0_161-b12) (build 1.8.0_161-b12)
# Java VM: Java HotSpot(TM) 64-Bit Server VM (25.161-b12 mixed mode bsd-amd64 compressed oops)
Heap:
 PSYoungGen      total 582656K, used 128367K [0x0000000795580000, 0x00000007be780000, 0x00000007c0000000)
  eden space 582144K, 21% used [0x0000000795580000,0x000000079d26bef8,0x00000007b8e00000)
  from space 512K, 87% used [0x00000007be700000,0x00000007be770000,0x00000007be780000)
  to   space 12800K, 0% used [0x00000007bce80000,0x00000007bce80000,0x00000007bdb00000)
 ParOldGen       total 87552K, used 15018K [0x0000000740000000, 0x0000000745580000, 0x0000000795580000)
  object space 87552K, 17% used [0x0000000740000000,0x0000000740eaa910,0x0000000745580000)
 Metaspace       used 19091K, capacity 19312K, committed 19456K, reserved 1067008K
  class space    used 2380K, capacity 2450K, committed 2560K, reserved 1048576K
GC Heap History (10 events):
Event: 19.258 GC heap before
{Heap before GC invocations=10 (full 0):
 PSYoungGen      total 543232K, used 543200K [0x0000000795580000, 0x00000007c0000000, 0x00000007c0000000)
  eden space 532480K, 100% used [0x0000000795580000,0x00000007b5d80000,0x00000007b5d80000)
  from space 10752K, 99% used [0x00000007b5d80000,0x00000007b67f8050,0x00000007b6800000)
  to   space 13312K, 0% used [0x00000007bf300000,0x00000007bf300000,0x00000007c0000000)
 ParOldGen       total 87552K, used 12811K [0x0000000740000000, 0x0000000745580000, 0x0000000795580000)
  object space 87552K, 14% used [0x0000000740000000,0x0000000740c82ed0,0x0000000745580000)
 Metaspace       used 15307K, capacity 15600K, committed 15744K, reserved 1062912K
  class space    used 1978K, capacity 2066K, committed 2176K, reserved 1048576K
Event: 19.282 GC heap after
Heap after GC invocations=10 (full 0):
 PSYoungGen      total 686080K, used 3392K [0x0000000795580000, 0x00000007c0000000, 0x00000007c0000000)
  eden space 672768K, 0% used [0x0000000795580000,0x0000000795580000,0x00000007be680000)
  from space 13312K, 25% used [0x00000007bf300000,0x00000007bf650040,0x00000007c0000000)
  to   space 12800K, 0% used [0x00000007be680000,0x00000007be680000,0x00000007bf300000)
 ParOldGen       total 87552K, used 13779K [0x0000000740000000, 0x0000000745580000, 0x0000000795580000)
  object space 87552K, 15% used [0x0000000740000000,0x0000000740d74ed0,0x0000000745580000)
 Metaspace       used 15307K, capacity 15600K, committed 15744K, reserved 1062912K
  class space    used 1978K, capacity 2066K, committed 2176K, reserved 1048576K
}
Event: 22.690 GC heap before
{Heap before GC invocations=11 (full 0):
 PSYoungGen      total 686080K, used 676160K [0x0000000795580000, 0x00000007c0000000, 0x00000007c0000000)
  eden space 672768K, 100% used [0x0000000795580000,0x00000007be680000,0x00000007be680000)
  from space 13312K, 25% used [0x00000007bf300000,0x00000007bf650040,0x00000007c0000000)
  to   space 12800K, 0% used [0x00000007be680000,0x00000007be680000,0x00000007bf300000)
 ParOldGen       total 87552K, used 13779K [0x0000000740000000, 0x0000000745580000, 0x0000000795580000)
  object space 87552K, 15% used [0x0000000740000000,0x0000000740d74ed0,0x0000000745580000)
 Metaspace       used 15342K, capacity 15600K, committed 15744K, reserved 1062912K
  class space    used 1980K, capacity 2066K, committed 2176K, reserved 1048576K
Event: 22.712 GC heap after
Heap after GC invocations=11 (full 0):
 PSYoungGen      total 685568K, used 2272K [0x0000000795580000, 0x00000007bff80000, 0x00000007c0000000)
  eden space 672768K, 0% used [0x0000000795580000,0x0000000795580000,0x00000007be680000)
  from space 12800K, 17% used [0x00000007be680000,0x00000007be8b8000,0x00000007bf300000)
  to   space 12800K, 0% used [0x00000007bf300000,0x00000007bf300000,0x00000007bff80000)
 ParOldGen       total 87552K, used 14754K [0x0000000740000000, 0x0000000745580000, 0x0000000795580000)
  object space 87552K, 16% used [0x0000000740000000,0x0000000740e68910,0x0000000745580000)
 Metaspace       used 15342K, capacity 15600K, committed 15744K, reserved 1062912K
  class space    used 1980K, capacity 2066K, committed 2176K, reserved 1048576K
}
Event: 27.574 GC heap before
{Heap before GC invocations=12 (full 0):
 PSYoungGen      total 685568K, used 675040K [0x0000000795580000, 0x00000007bff80000, 0x00000007c0000000)
  eden space 672768K, 100% used [0x0000000795580000,0x00000007be680000,0x00000007be680000)
  from space 12800K, 17% used [0x00000007be680000,0x00000007be8b8000,0x00000007bf300000)
  to   space 12800K, 0% used [0x00000007bf300000,0x00000007bf300000,0x00000007bff80000)
 ParOldGen       total 87552K, used 14754K [0x0000000740000000, 0x0000000745580000, 0x0000000795580000)
  object space 87552K, 16% used [0x0000000740000000,0x0000000740e68910,0x0000000745580000)
 Metaspace       used 15359K, capacity 15664K, committed 16000K, reserved 1062912K
  class space    used 1980K, capacity 2066K, committed 2176K, reserved 1048576K
Event: 27.577 GC heap after
Heap after GC invocations=12 (full 0):
 PSYoungGen      total 641536K, used 352K [0x0000000795580000, 0x00000007bf380000, 0x00000007c0000000)
  eden space 641024K, 0% used [0x0000000795580000,0x0000000795580000,0x00000007bc780000)
  from space 512K, 68% used [0x00000007bf300000,0x00000007bf358000,0x00000007bf380000)
  to   space 12800K, 0% used [0x00000007bda80000,0x00000007bda80000,0x00000007be700000)
 ParOldGen       total 87552K, used 14842K [0x0000000740000000, 0x0000000745580000, 0x0000000795580000)
  object space 87552K, 16% used [0x0000000740000000,0x0000000740e7e910,0x0000000745580000)
 Metaspace       used 15359K, capacity 15664K, committed 16000K, reserved 1062912K
  class space    used 1980K, capacity 2066K, committed 2176K, reserved 1048576K
}
Event: 31.528 GC heap before
{Heap before GC invocations=13 (full 0):
 PSYoungGen      total 641536K, used 641376K [0x0000000795580000, 0x00000007bf380000, 0x00000007c0000000)
  eden space 641024K, 100% used [0x0000000795580000,0x00000007bc780000,0x00000007bc780000)
  from space 512K, 68% used [0x00000007bf300000,0x00000007bf358000,0x00000007bf380000)
  to   space 12800K, 0% used [0x00000007bda80000,0x00000007bda80000,0x00000007be700000)
 ParOldGen       total 87552K, used 14842K [0x0000000740000000, 0x0000000745580000, 0x0000000795580000)
  object space 87552K, 16% used [0x0000000740000000,0x0000000740e7e910,0x0000000745580000)
 Metaspace       used 15364K, capacity 15664K, committed 16000K, reserved 1062912K
  class space    used 1980K, capacity 2066K, committed 2176K, reserved 1048576K
Event: 31.532 GC heap after
Heap after GC invocations=13 (full 0):
 PSYoungGen      total 623616K, used 544K [0x0000000795580000, 0x00000007bf380000, 0x00000007c0000000)
  eden space 610816K, 0% used [0x0000000795580000,0x0000000795580000,0x00000007baa00000)
  from space 12800K, 4% used [0x00000007bda80000,0x00000007bdb08000,0x00000007be700000)
  to   space 12800K, 0% used [0x00000007be700000,0x00000007be700000,0x00000007bf380000)
 ParOldGen       total 87552K, used 14914K [0x0000000740000000, 0x0000000745580000, 0x0000000795580000)
  object space 87552K, 17% used [0x0000000740000000,0x0000000740e90910,0x0000000745580000)
 Metaspace       used 15364K, capacity 15664K, committed 16000K, reserved 1062912K
  class space    used 1980K, capacity 2066K, committed 2176K, reserved 1048576K
}
Event: 35.007 GC heap before
{Heap before GC invocations=14 (full 0):
 PSYoungGen      total 623616K, used 611360K [0x0000000795580000, 0x00000007bf380000, 0x00000007c0000000)
  eden space 610816K, 100% used [0x0000000795580000,0x00000007baa00000,0x00000007baa00000)
  from space 12800K, 4% used [0x00000007bda80000,0x00000007bdb08000,0x00000007be700000)
  to   space 12800K, 0% used [0x00000007be700000,0x00000007be700000,0x00000007bf380000)
 ParOldGen       total 87552K, used 14914K [0x0000000740000000, 0x0000000745580000, 0x0000000795580000)
  object space 87552K, 17% used [0x0000000740000000,0x0000000740e90910,0x0000000745580000)
 Metaspace       used 15366K, capacity 15664K, committed 16000K, reserved 1062912K
  class space    used 1980K, capacity 2066K, committed 2176K, reserved 1048576K
Event: 35.010 GC heap after
Heap after GC invocations=14 (full 0):
 PSYoungGen      total 582656K, used 448K [0x0000000795580000, 0x00000007be780000, 0x00000007c0000000)
  eden space 582144K, 0% used [0x0000000795580000,0x0000000795580000,0x00000007b8e00000)
  from space 512K, 87% used [0x00000007be700000,0x00000007be770000,0x00000007be780000)
  to   space 12800K, 0% used [0x00000007bce80000,0x00000007bce80000,0x00000007bdb00000)
 ParOldGen       total 87552K, used 15018K [0x0000000740000000, 0x0000000745580000, 0x0000000795580000)
  object space 87552K, 17% used [0x0000000740000000,0x0000000740eaa910,0x0000000745580000)
 Metaspace       used 15366K, capacity 15664K, committed 16000K, reserved 1062912K
  class space    used 1980K, capacity 2066K, committed 2176K, reserved 1048576K
}

