# JRE version: Java(TM) SE Runtime Environment (8.0_161-b12) (build 1.8.0_161-b12)
# Java VM: Java HotSpot(TM) 64-Bit Server VM (25.161-b12 mixed mode bsd-amd64 compressed oops)
Heap:
 PSYoungGen      total 542720K, used 299041K [0x0000000795580000, 0x00000007b7380000, 0x00000007c0000000)
  eden space 531968K, 56% used [0x0000000795580000,0x00000007a78e06c0,0x00000007b5d00000)
  from space 10752K, 6% used [0x00000007b6800000,0x00000007b68a8000,0x00000007b7280000)
  to   space 11264K, 0% used [0x00000007b5d00000,0x00000007b5d00000,0x00000007b6800000)
 ParOldGen       total 87552K, used 11565K [0x0000000740000000, 0x0000000745580000, 0x0000000795580000)
  object space 87552K, 13% used [0x0000000740000000,0x0000000740b4b680,0x0000000745580000)
 Metaspace       used 15294K, capacity 15596K, committed 15744K, reserved 1062912K
  class space    used 1978K, capacity 2066K, committed 2176K, reserved 1048576K
GC Heap History (10 events):
Event: 4.814 GC heap before
{Heap before GC invocations=4 (full 0):
 PSYoungGen      total 71680K, used 71575K [0x0000000795580000, 0x000000079e180000, 0x00000007c0000000)
  eden space 66560K, 100% used [0x0000000795580000,0x0000000799680000,0x0000000799680000)
  from space 5120K, 97% used [0x0000000799680000,0x0000000799b65ff8,0x0000000799b80000)
  to   space 5120K, 0% used [0x000000079dc80000,0x000000079dc80000,0x000000079e180000)
 ParOldGen       total 87552K, used 6662K [0x0000000740000000, 0x0000000745580000, 0x0000000795580000)
  object space 87552K, 7% used [0x0000000740000000,0x00000007406819c0,0x0000000745580000)
 Metaspace       used 15194K, capacity 15482K, committed 15744K, reserved 1062912K
  class space    used 1971K, capacity 2057K, committed 2176K, reserved 1048576K
Event: 4.831 GC heap after
Heap after GC invocations=4 (full 0):
 PSYoungGen      total 138240K, used 4981K [0x0000000795580000, 0x000000079e180000, 0x00000007c0000000)
  eden space 133120K, 0% used [0x0000000795580000,0x0000000795580000,0x000000079d780000)
  from space 5120K, 97% used [0x000000079dc80000,0x000000079e15d508,0x000000079e180000)
  to   space 5120K, 0% used [0x000000079d780000,0x000000079d780000,0x000000079dc80000)
 ParOldGen       total 87552K, used 6670K [0x0000000740000000, 0x0000000745580000, 0x0000000795580000)
  object space 87552K, 7% used [0x0000000740000000,0x00000007406839c0,0x0000000745580000)
 Metaspace       used 15194K, capacity 15482K, committed 15744K, reserved 1062912K
  class space    used 1971K, capacity 2057K, committed 2176K, reserved 1048576K
}
Event: 6.106 GC heap before
{Heap before GC invocations=5 (full 0):
 PSYoungGen      total 138240K, used 138101K [0x0000000795580000, 0x000000079e180000, 0x00000007c0000000)
  eden space 133120K, 100% used [0x0000000795580000,0x000000079d780000,0x000000079d780000)
  from space 5120K, 97% used [0x000000079dc80000,0x000000079e15d508,0x000000079e180000)
  to   space 5120K, 0% used [0x000000079d780000,0x000000079d780000,0x000000079dc80000)
 ParOldGen       total 87552K, used 6670K [0x0000000740000000, 0x0000000745580000, 0x0000000795580000)
  object space 87552K, 7% used [0x0000000740000000,0x00000007406839c0,0x0000000745580000)
 Metaspace       used 15215K, capacity 15486K, committed 15744K, reserved 1062912K
  class space    used 1971K, capacity 2057K, committed 2176K, reserved 1048576K
Event: 6.124 GC heap after
Heap after GC invocations=5 (full 0):
 PSYoungGen      total 138240K, used 5064K [0x0000000795580000, 0x00000007a6d80000, 0x00000007c0000000)
  eden space 133120K, 0% used [0x0000000795580000,0x0000000795580000,0x000000079d780000)
  from space 5120K, 98% used [0x000000079d780000,0x000000079dc72290,0x000000079dc80000)
  to   space 10240K, 0% used [0x00000007a6380000,0x00000007a6380000,0x00000007a6d80000)
 ParOldGen       total 87552K, used 6678K [0x0000000740000000, 0x0000000745580000, 0x0000000795580000)
  object space 87552K, 7% used [0x0000000740000000,0x00000007406859c0,0x0000000745580000)
 Metaspace       used 15215K, capacity 15486K, committed 15744K, reserved 1062912K
  class space    used 1971K, capacity 2057K, committed 2176K, reserved 1048576K
}
Event: 6.653 GC heap before
{Heap before GC invocations=6 (full 0):
 PSYoungGen      total 138240K, used 138184K [0x0000000795580000, 0x00000007a6d80000, 0x00000007c0000000)
  eden space 133120K, 100% used [0x0000000795580000,0x000000079d780000,0x000000079d780000)
  from space 5120K, 98% used [0x000000079d780000,0x000000079dc72290,0x000000079dc80000)
  to   space 10240K, 0% used [0x00000007a6380000,0x00000007a6380000,0x00000007a6d80000)
 ParOldGen       total 87552K, used 6678K [0x0000000740000000, 0x0000000745580000, 0x0000000795580000)
  object space 87552K, 7% used [0x0000000740000000,0x00000007406859c0,0x0000000745580000)
 Metaspace       used 15216K, capacity 15486K, committed 15744K, reserved 1062912K
  class space    used 1971K, capacity 2057K, committed 2176K, reserved 1048576K
Event: 6.671 GC heap after
Heap after GC invocations=6 (full 0):
 PSYoungGen      total 276480K, used 5117K [0x0000000795580000, 0x00000007a6d80000, 0x00000007c0000000)
  eden space 266240K, 0% used [0x0000000795580000,0x0000000795580000,0x00000007a5980000)
  from space 10240K, 49% used [0x00000007a6380000,0x00000007a687f728,0x00000007a6d80000)
  to   space 10240K, 0% used [0x00000007a5980000,0x00000007a5980000,0x00000007a6380000)
 ParOldGen       total 87552K, used 6686K [0x0000000740000000, 0x0000000745580000, 0x0000000795580000)
  object space 87552K, 7% used [0x0000000740000000,0x00000007406879c0,0x0000000745580000)
 Metaspace       used 15216K, capacity 15486K, committed 15744K, reserved 1062912K
  class space    used 1971K, capacity 2057K, committed 2176K, reserved 1048576K
}
Event: 9.115 GC heap before
{Heap before GC invocations=7 (full 0):
 PSYoungGen      total 276480K, used 271357K [0x0000000795580000, 0x00000007a6d80000, 0x00000007c0000000)
  eden space 266240K, 100% used [0x0000000795580000,0x00000007a5980000,0x00000007a5980000)
  from space 10240K, 49% used [0x00000007a6380000,0x00000007a687f728,0x00000007a6d80000)
  to   space 10240K, 0% used [0x00000007a5980000,0x00000007a5980000,0x00000007a6380000)
 ParOldGen       total 87552K, used 6686K [0x0000000740000000, 0x0000000745580000, 0x0000000795580000)
  object space 87552K, 7% used [0x0000000740000000,0x00000007406879c0,0x0000000745580000)
 Metaspace       used 15240K, capacity 15486K, committed 15744K, reserved 1062912K
  class space    used 1972K, capacity 2057K, committed 2176K, reserved 1048576K
Event: 9.137 GC heap after
Heap after GC invocations=7 (full 0):
 PSYoungGen      total 276480K, used 928K [0x0000000795580000, 0x00000007b7280000, 0x00000007c0000000)
  eden space 266240K, 0% used [0x0000000795580000,0x0000000795580000,0x00000007a5980000)
  from space 10240K, 9% used [0x00000007a5980000,0x00000007a5a68000,0x00000007a6380000)
  to   space 10752K, 0% used [0x00000007b6800000,0x00000007b6800000,0x00000007b7280000)
 ParOldGen       total 87552K, used 11325K [0x0000000740000000, 0x0000000745580000, 0x0000000795580000)
  object space 87552K, 12% used [0x0000000740000000,0x0000000740b0f680,0x0000000745580000)
 Metaspace       used 15240K, capacity 15486K, committed 15744K, reserved 1062912K
  class space    used 1972K, capacity 2057K, committed 2176K, reserved 1048576K
}
Event: 9.892 GC heap before
{Heap before GC invocations=8 (full 0):
 PSYoungGen      total 276480K, used 267168K [0x0000000795580000, 0x00000007b7280000, 0x00000007c0000000)
  eden space 266240K, 100% used [0x0000000795580000,0x00000007a5980000,0x00000007a5980000)
  from space 10240K, 9% used [0x00000007a5980000,0x00000007a5a68000,0x00000007a6380000)
  to   space 10752K, 0% used [0x00000007b6800000,0x00000007b6800000,0x00000007b7280000)
 ParOldGen       total 87552K, used 11325K [0x0000000740000000, 0x0000000745580000, 0x0000000795580000)
  object space 87552K, 12% used [0x0000000740000000,0x0000000740b0f680,0x0000000745580000)
 Metaspace       used 15247K, capacity 15486K, committed 15744K, reserved 1062912K
  class space    used 1972K, capacity 2057K, committed 2176K, reserved 1048576K
Event: 9.896 GC heap after
Heap after GC invocations=8 (full 0):
 PSYoungGen      total 542720K, used 672K [0x0000000795580000, 0x00000007b7380000, 0x00000007c0000000)
  eden space 531968K, 0% used [0x0000000795580000,0x0000000795580000,0x00000007b5d00000)
  from space 10752K, 6% used [0x00000007b6800000,0x00000007b68a8000,0x00000007b7280000)
  to   space 11264K, 0% used [0x00000007b5d00000,0x00000007b5d00000,0x00000007b6800000)
 ParOldGen       total 87552K, used 11565K [0x0000000740000000, 0x0000000745580000, 0x0000000795580000)
  object space 87552K, 13% used [0x0000000740000000,0x0000000740b4b680,0x0000000745580000)
 Metaspace       used 15247K, capacity 15486K, committed 15744K, reserved 1062912K
  class space    used 1972K, capacity 2057K, committed 2176K, reserved 1048576K
}

