# JRE version: Java(TM) SE Runtime Environment (8.0_161-b12) (build 1.8.0_161-b12)
# Java VM: Java HotSpot(TM) 64-Bit Server VM (25.161-b12 mixed mode bsd-amd64 compressed oops)
Heap:
 PSYoungGen      total 586240K, used 23883K [0x0000000795580000, 0x00000007bec00000, 0x00000007c0000000)
  eden space 585728K, 3% used [0x0000000795580000,0x0000000796c5aca8,0x00000007b9180000)
  from space 512K, 93% used [0x00000007beb80000,0x00000007bebf8000,0x00000007bec00000)
  to   space 10240K, 0% used [0x00000007bd800000,0x00000007bd800000,0x00000007be200000)
 ParOldGen       total 87552K, used 12671K [0x0000000740000000, 0x0000000745580000, 0x0000000795580000)
  object space 87552K, 14% used [0x0000000740000000,0x0000000740c5fc38,0x0000000745580000)
 Metaspace       used 18779K, capacity 19024K, committed 19072K, reserved 1067008K
  class space    used 2343K, capacity 2418K, committed 2432K, reserved 1048576K
GC Heap History (10 events):
Event: 16.520 GC heap before
{Heap before GC invocations=10 (full 0):
 PSYoungGen      total 543232K, used 535008K [0x0000000795580000, 0x00000007bff80000, 0x00000007c0000000)
  eden space 531968K, 100% used [0x0000000795580000,0x00000007b5d00000,0x00000007b5d00000)
  from space 11264K, 26% used [0x00000007b5d00000,0x00000007b5ff8040,0x00000007b6800000)
  to   space 10752K, 0% used [0x00000007bf500000,0x00000007bf500000,0x00000007bff80000)
 ParOldGen       total 87552K, used 11726K [0x0000000740000000, 0x0000000745580000, 0x0000000795580000)
  object space 87552K, 13% used [0x0000000740000000,0x0000000740b73bf8,0x0000000745580000)
 Metaspace       used 15283K, capacity 15600K, committed 15744K, reserved 1062912K
  class space    used 1978K, capacity 2066K, committed 2176K, reserved 1048576K
Event: 16.539 GC heap after
Heap after GC invocations=10 (full 0):
 PSYoungGen      total 687616K, used 2400K [0x0000000795580000, 0x00000007bff80000, 0x00000007c0000000)
  eden space 676864K, 0% used [0x0000000795580000,0x0000000795580000,0x00000007bea80000)
  from space 10752K, 22% used [0x00000007bf500000,0x00000007bf758040,0x00000007bff80000)
  to   space 10752K, 0% used [0x00000007bea80000,0x00000007bea80000,0x00000007bf500000)
 ParOldGen       total 87552K, used 12038K [0x0000000740000000, 0x0000000745580000, 0x0000000795580000)
  object space 87552K, 13% used [0x0000000740000000,0x0000000740bc1bf8,0x0000000745580000)
 Metaspace       used 15283K, capacity 15600K, committed 15744K, reserved 1062912K
  class space    used 1978K, capacity 2066K, committed 2176K, reserved 1048576K
}
Event: 20.750 GC heap before
{Heap before GC invocations=11 (full 0):
 PSYoungGen      total 687616K, used 679264K [0x0000000795580000, 0x00000007bff80000, 0x00000007c0000000)
  eden space 676864K, 100% used [0x0000000795580000,0x00000007bea80000,0x00000007bea80000)
  from space 10752K, 22% used [0x00000007bf500000,0x00000007bf758040,0x00000007bff80000)
  to   space 10752K, 0% used [0x00000007bea80000,0x00000007bea80000,0x00000007bf500000)
 ParOldGen       total 87552K, used 12038K [0x0000000740000000, 0x0000000745580000, 0x0000000795580000)
  object space 87552K, 13% used [0x0000000740000000,0x0000000740bc1bf8,0x0000000745580000)
 Metaspace       used 15319K, capacity 15600K, committed 15744K, reserved 1062912K
  class space    used 1980K, capacity 2066K, committed 2176K, reserved 1048576K
Event: 20.771 GC heap after
Heap after GC invocations=11 (full 0):
 PSYoungGen      total 687616K, used 2560K [0x0000000795580000, 0x00000007bff00000, 0x00000007c0000000)
  eden space 676864K, 0% used [0x0000000795580000,0x0000000795580000,0x00000007bea80000)
  from space 10752K, 23% used [0x00000007bea80000,0x00000007bed00000,0x00000007bf500000)
  to   space 10240K, 0% used [0x00000007bf500000,0x00000007bf500000,0x00000007bff00000)
 ParOldGen       total 87552K, used 12327K [0x0000000740000000, 0x0000000745580000, 0x0000000795580000)
  object space 87552K, 14% used [0x0000000740000000,0x0000000740c09c38,0x0000000745580000)
 Metaspace       used 15319K, capacity 15600K, committed 15744K, reserved 1062912K
  class space    used 1980K, capacity 2066K, committed 2176K, reserved 1048576K
}
Event: 24.876 GC heap before
{Heap before GC invocations=12 (full 0):
 PSYoungGen      total 687616K, used 679424K [0x0000000795580000, 0x00000007bff00000, 0x00000007c0000000)
  eden space 676864K, 100% used [0x0000000795580000,0x00000007bea80000,0x00000007bea80000)
  from space 10752K, 23% used [0x00000007bea80000,0x00000007bed00000,0x00000007bf500000)
  to   space 10240K, 0% used [0x00000007bf500000,0x00000007bf500000,0x00000007bff00000)
 ParOldGen       total 87552K, used 12327K [0x0000000740000000, 0x0000000745580000, 0x0000000795580000)
  object space 87552K, 14% used [0x0000000740000000,0x0000000740c09c38,0x0000000745580000)
 Metaspace       used 15335K, capacity 15664K, committed 16000K, reserved 1062912K
  class space    used 1980K, capacity 2066K, committed 2176K, reserved 1048576K
Event: 24.884 GC heap after
Heap after GC invocations=12 (full 0):
 PSYoungGen      total 645632K, used 736K [0x0000000795580000, 0x00000007bf600000, 0x00000007c0000000)
  eden space 644608K, 0% used [0x0000000795580000,0x0000000795580000,0x00000007bcb00000)
  from space 1024K, 71% used [0x00000007bf500000,0x00000007bf5b8000,0x00000007bf600000)
  to   space 10240K, 0% used [0x00000007be200000,0x00000007be200000,0x00000007bec00000)
 ParOldGen       total 87552K, used 12423K [0x0000000740000000, 0x0000000745580000, 0x0000000795580000)
  object space 87552K, 14% used [0x0000000740000000,0x0000000740c21c38,0x0000000745580000)
 Metaspace       used 15335K, capacity 15664K, committed 16000K, reserved 1062912K
  class space    used 1980K, capacity 2066K, committed 2176K, reserved 1048576K
}
Event: 28.797 GC heap before
{Heap before GC invocations=13 (full 0):
 PSYoungGen      total 645632K, used 645344K [0x0000000795580000, 0x00000007bf600000, 0x00000007c0000000)
  eden space 644608K, 100% used [0x0000000795580000,0x00000007bcb00000,0x00000007bcb00000)
  from space 1024K, 71% used [0x00000007bf500000,0x00000007bf5b8000,0x00000007bf600000)
  to   space 10240K, 0% used [0x00000007be200000,0x00000007be200000,0x00000007bec00000)
 ParOldGen       total 87552K, used 12423K [0x0000000740000000, 0x0000000745580000, 0x0000000795580000)
  object space 87552K, 14% used [0x0000000740000000,0x0000000740c21c38,0x0000000745580000)
 Metaspace       used 15340K, capacity 15664K, committed 16000K, reserved 1062912K
  class space    used 1980K, capacity 2066K, committed 2176K, reserved 1048576K
Event: 28.800 GC heap after
Heap after GC invocations=13 (full 0):
 PSYoungGen      total 614912K, used 416K [0x0000000795580000, 0x00000007bf580000, 0x00000007c0000000)
  eden space 614400K, 0% used [0x0000000795580000,0x0000000795580000,0x00000007bad80000)
  from space 512K, 81% used [0x00000007be200000,0x00000007be268000,0x00000007be280000)
  to   space 10240K, 0% used [0x00000007beb80000,0x00000007beb80000,0x00000007bf580000)
 ParOldGen       total 87552K, used 12591K [0x0000000740000000, 0x0000000745580000, 0x0000000795580000)
  object space 87552K, 14% used [0x0000000740000000,0x0000000740c4bc38,0x0000000745580000)
 Metaspace       used 15340K, capacity 15664K, committed 16000K, reserved 1062912K
  class space    used 1980K, capacity 2066K, committed 2176K, reserved 1048576K
}
Event: 32.380 GC heap before
{Heap before GC invocations=14 (full 0):
 PSYoungGen      total 614912K, used 614816K [0x0000000795580000, 0x00000007bf580000, 0x00000007c0000000)
  eden space 614400K, 100% used [0x0000000795580000,0x00000007bad80000,0x00000007bad80000)
  from space 512K, 81% used [0x00000007be200000,0x00000007be268000,0x00000007be280000)
  to   space 10240K, 0% used [0x00000007beb80000,0x00000007beb80000,0x00000007bf580000)
 ParOldGen       total 87552K, used 12591K [0x0000000740000000, 0x0000000745580000, 0x0000000795580000)
  object space 87552K, 14% used [0x0000000740000000,0x0000000740c4bc38,0x0000000745580000)
 Metaspace       used 15340K, capacity 15664K, committed 16000K, reserved 1062912K
  class space    used 1980K, capacity 2066K, committed 2176K, reserved 1048576K
Event: 32.383 GC heap after
Heap after GC invocations=14 (full 0):
 PSYoungGen      total 586240K, used 480K [0x0000000795580000, 0x00000007bec00000, 0x00000007c0000000)
  eden space 585728K, 0% used [0x0000000795580000,0x0000000795580000,0x00000007b9180000)
  from space 512K, 93% used [0x00000007beb80000,0x00000007bebf8000,0x00000007bec00000)
  to   space 10240K, 0% used [0x00000007bd800000,0x00000007bd800000,0x00000007be200000)
 ParOldGen       total 87552K, used 12671K [0x0000000740000000, 0x0000000745580000, 0x0000000795580000)
  object space 87552K, 14% used [0x0000000740000000,0x0000000740c5fc38,0x0000000745580000)
 Metaspace       used 15340K, capacity 15664K, committed 16000K, reserved 1062912K
  class space    used 1980K, capacity 2066K, committed 2176K, reserved 1048576K
}

