# JRE version: Java(TM) SE Runtime Environment (8.0_161-b12) (build 1.8.0_161-b12)
# Java VM: Java HotSpot(TM) 64-Bit Server VM (25.161-b12 mixed mode bsd-amd64 compressed oops)
Heap:
 PSYoungGen      total 545792K, used 257175K [0x0000000795580000, 0x00000007b7a80000, 0x00000007c0000000)
  eden space 530944K, 47% used [0x0000000795580000,0x00000007a4e45e50,0x00000007b5c00000)
  from space 14848K, 16% used [0x00000007b6b00000,0x00000007b6d60010,0x00000007b7980000)
  to   space 15360K, 0% used [0x00000007b5c00000,0x00000007b5c00000,0x00000007b6b00000)
 ParOldGen       total 87552K, used 33976K [0x0000000740000000, 0x0000000745580000, 0x0000000795580000)
  object space 87552K, 38% used [0x0000000740000000,0x000000074212e258,0x0000000745580000)
 Metaspace       used 15293K, capacity 15576K, committed 15744K, reserved 1062912K
  class space    used 1973K, capacity 2062K, committed 2176K, reserved 1048576K
GC Heap History (10 events):
Event: 7.546 GC heap before
{Heap before GC invocations=4 (full 0):
 PSYoungGen      total 71680K, used 71657K [0x0000000795580000, 0x000000079e180000, 0x00000007c0000000)
  eden space 66560K, 100% used [0x0000000795580000,0x0000000799680000,0x0000000799680000)
  from space 5120K, 99% used [0x0000000799680000,0x0000000799b7a618,0x0000000799b80000)
  to   space 5120K, 0% used [0x000000079dc80000,0x000000079dc80000,0x000000079e180000)
 ParOldGen       total 87552K, used 15729K [0x0000000740000000, 0x0000000745580000, 0x0000000795580000)
  object space 87552K, 17% used [0x0000000740000000,0x0000000740f5c700,0x0000000745580000)
 Metaspace       used 14998K, capacity 15268K, committed 15360K, reserved 1062912K
  class space    used 1943K, capacity 2030K, committed 2048K, reserved 1048576K
Event: 7.604 GC heap after
Heap after GC invocations=4 (full 0):
 PSYoungGen      total 138240K, used 5097K [0x0000000795580000, 0x000000079e180000, 0x00000007c0000000)
  eden space 133120K, 0% used [0x0000000795580000,0x0000000795580000,0x000000079d780000)
  from space 5120K, 99% used [0x000000079dc80000,0x000000079e17a618,0x000000079e180000)
  to   space 5120K, 0% used [0x000000079d780000,0x000000079d780000,0x000000079dc80000)
 ParOldGen       total 87552K, used 21109K [0x0000000740000000, 0x0000000745580000, 0x0000000795580000)
  object space 87552K, 24% used [0x0000000740000000,0x000000074149d790,0x0000000745580000)
 Metaspace       used 14998K, capacity 15268K, committed 15360K, reserved 1062912K
  class space    used 1943K, capacity 2030K, committed 2048K, reserved 1048576K
}
Event: 9.732 GC heap before
{Heap before GC invocations=5 (full 0):
 PSYoungGen      total 138240K, used 138217K [0x0000000795580000, 0x000000079e180000, 0x00000007c0000000)
  eden space 133120K, 100% used [0x0000000795580000,0x000000079d780000,0x000000079d780000)
  from space 5120K, 99% used [0x000000079dc80000,0x000000079e17a618,0x000000079e180000)
  to   space 5120K, 0% used [0x000000079d780000,0x000000079d780000,0x000000079dc80000)
 ParOldGen       total 87552K, used 21109K [0x0000000740000000, 0x0000000745580000, 0x0000000795580000)
  object space 87552K, 24% used [0x0000000740000000,0x000000074149d790,0x0000000745580000)
 Metaspace       used 14999K, capacity 15268K, committed 15360K, reserved 1062912K
  class space    used 1943K, capacity 2030K, committed 2048K, reserved 1048576K
Event: 9.801 GC heap after
Heap after GC invocations=5 (full 0):
 PSYoungGen      total 138240K, used 5097K [0x0000000795580000, 0x00000007a7380000, 0x00000007c0000000)
  eden space 133120K, 0% used [0x0000000795580000,0x0000000795580000,0x000000079d780000)
  from space 5120K, 99% used [0x000000079d780000,0x000000079dc7a618,0x000000079dc80000)
  to   space 13312K, 0% used [0x00000007a6680000,0x00000007a6680000,0x00000007a7380000)
 ParOldGen       total 87552K, used 28922K [0x0000000740000000, 0x0000000745580000, 0x0000000795580000)
  object space 87552K, 33% used [0x0000000740000000,0x0000000741c3e830,0x0000000745580000)
 Metaspace       used 14999K, capacity 15268K, committed 15360K, reserved 1062912K
  class space    used 1943K, capacity 2030K, committed 2048K, reserved 1048576K
}
Event: 11.514 GC heap before
{Heap before GC invocations=6 (full 0):
 PSYoungGen      total 138240K, used 138217K [0x0000000795580000, 0x00000007a7380000, 0x00000007c0000000)
  eden space 133120K, 100% used [0x0000000795580000,0x000000079d780000,0x000000079d780000)
  from space 5120K, 99% used [0x000000079d780000,0x000000079dc7a618,0x000000079dc80000)
  to   space 13312K, 0% used [0x00000007a6680000,0x00000007a6680000,0x00000007a7380000)
 ParOldGen       total 87552K, used 28922K [0x0000000740000000, 0x0000000745580000, 0x0000000795580000)
  object space 87552K, 33% used [0x0000000740000000,0x0000000741c3e830,0x0000000745580000)
 Metaspace       used 15194K, capacity 15432K, committed 15744K, reserved 1062912K
  class space    used 1973K, capacity 2062K, committed 2176K, reserved 1048576K
Event: 11.573 GC heap after
Heap after GC invocations=6 (full 0):
 PSYoungGen      total 279040K, used 7653K [0x0000000795580000, 0x00000007a7480000, 0x00000007c0000000)
  eden space 265728K, 0% used [0x0000000795580000,0x0000000795580000,0x00000007a5900000)
  from space 13312K, 57% used [0x00000007a6680000,0x00000007a6df9608,0x00000007a7380000)
  to   space 13824K, 0% used [0x00000007a5900000,0x00000007a5900000,0x00000007a6680000)
 ParOldGen       total 87552K, used 28922K [0x0000000740000000, 0x0000000745580000, 0x0000000795580000)
  object space 87552K, 33% used [0x0000000740000000,0x0000000741c3e830,0x0000000745580000)
 Metaspace       used 15194K, capacity 15432K, committed 15744K, reserved 1062912K
  class space    used 1973K, capacity 2062K, committed 2176K, reserved 1048576K
}
Event: 15.890 GC heap before
{Heap before GC invocations=7 (full 0):
 PSYoungGen      total 279040K, used 273381K [0x0000000795580000, 0x00000007a7480000, 0x00000007c0000000)
  eden space 265728K, 100% used [0x0000000795580000,0x00000007a5900000,0x00000007a5900000)
  from space 13312K, 57% used [0x00000007a6680000,0x00000007a6df9608,0x00000007a7380000)
  to   space 13824K, 0% used [0x00000007a5900000,0x00000007a5900000,0x00000007a6680000)
 ParOldGen       total 87552K, used 28922K [0x0000000740000000, 0x0000000745580000, 0x0000000795580000)
  object space 87552K, 33% used [0x0000000740000000,0x0000000741c3e830,0x0000000745580000)
 Metaspace       used 15271K, capacity 15504K, committed 15744K, reserved 1062912K
  class space    used 1973K, capacity 2062K, committed 2176K, reserved 1048576K
Event: 15.970 GC heap after
Heap after GC invocations=7 (full 0):
 PSYoungGen      total 279552K, used 3168K [0x0000000795580000, 0x00000007b7980000, 0x00000007c0000000)
  eden space 265728K, 0% used [0x0000000795580000,0x0000000795580000,0x00000007a5900000)
  from space 13824K, 22% used [0x00000007a5900000,0x00000007a5c18020,0x00000007a6680000)
  to   space 14848K, 0% used [0x00000007b6b00000,0x00000007b6b00000,0x00000007b7980000)
 ParOldGen       total 87552K, used 33288K [0x0000000740000000, 0x0000000745580000, 0x0000000795580000)
  object space 87552K, 38% used [0x0000000740000000,0x00000007420821c8,0x0000000745580000)
 Metaspace       used 15271K, capacity 15504K, committed 15744K, reserved 1062912K
  class space    used 1973K, capacity 2062K, committed 2176K, reserved 1048576K
}
Event: 18.468 GC heap before
{Heap before GC invocations=8 (full 0):
 PSYoungGen      total 279552K, used 268896K [0x0000000795580000, 0x00000007b7980000, 0x00000007c0000000)
  eden space 265728K, 100% used [0x0000000795580000,0x00000007a5900000,0x00000007a5900000)
  from space 13824K, 22% used [0x00000007a5900000,0x00000007a5c18020,0x00000007a6680000)
  to   space 14848K, 0% used [0x00000007b6b00000,0x00000007b6b00000,0x00000007b7980000)
 ParOldGen       total 87552K, used 33288K [0x0000000740000000, 0x0000000745580000, 0x0000000795580000)
  object space 87552K, 38% used [0x0000000740000000,0x00000007420821c8,0x0000000745580000)
 Metaspace       used 15292K, capacity 15576K, committed 15744K, reserved 1062912K
  class space    used 1973K, capacity 2062K, committed 2176K, reserved 1048576K
Event: 18.494 GC heap after
Heap after GC invocations=8 (full 0):
 PSYoungGen      total 545792K, used 2432K [0x0000000795580000, 0x00000007b7a80000, 0x00000007c0000000)
  eden space 530944K, 0% used [0x0000000795580000,0x0000000795580000,0x00000007b5c00000)
  from space 14848K, 16% used [0x00000007b6b00000,0x00000007b6d60010,0x00000007b7980000)
  to   space 15360K, 0% used [0x00000007b5c00000,0x00000007b5c00000,0x00000007b6b00000)
 ParOldGen       total 87552K, used 33976K [0x0000000740000000, 0x0000000745580000, 0x0000000795580000)
  object space 87552K, 38% used [0x0000000740000000,0x000000074212e258,0x0000000745580000)
 Metaspace       used 15292K, capacity 15576K, committed 15744K, reserved 1062912K
  class space    used 1973K, capacity 2062K, committed 2176K, reserved 1048576K
}

