# JRE version: Java(TM) SE Runtime Environment (8.0_161-b12) (build 1.8.0_161-b12)
# Java VM: Java HotSpot(TM) 64-Bit Server VM (25.161-b12 mixed mode bsd-amd64 compressed oops)
Heap:
 PSYoungGen      total 676864K, used 576368K [0x0000000795580000, 0x00000007c0000000, 0x00000007c0000000)
  eden space 654848K, 87% used [0x0000000795580000,0x00000007b87f4208,0x00000007bd500000)
  from space 22016K, 1% used [0x00000007bd500000,0x00000007bd568000,0x00000007bea80000)
  to   space 22016K, 0% used [0x00000007bea80000,0x00000007bea80000,0x00000007c0000000)
 ParOldGen       total 87552K, used 43702K [0x0000000740000000, 0x0000000745580000, 0x0000000795580000)
  object space 87552K, 49% used [0x0000000740000000,0x0000000742aad9f0,0x0000000745580000)
 Metaspace       used 18862K, capacity 19184K, committed 19456K, reserved 1067008K
  class space    used 2354K, capacity 2450K, committed 2560K, reserved 1048576K
GC Heap History (10 events):
Event: 11.067 GC heap before
{Heap before GC invocations=7 (full 0):
 PSYoungGen      total 287232K, used 272848K [0x0000000795580000, 0x00000007a8280000, 0x00000007c0000000)
  eden space 266240K, 100% used [0x0000000795580000,0x00000007a5980000,0x00000007a5980000)
  from space 20992K, 31% used [0x00000007a6e00000,0x00000007a7474108,0x00000007a8280000)
  to   space 20992K, 0% used [0x00000007a5980000,0x00000007a5980000,0x00000007a6e00000)
 ParOldGen       total 87552K, used 37151K [0x0000000740000000, 0x0000000745580000, 0x0000000795580000)
  object space 87552K, 42% used [0x0000000740000000,0x0000000742447cf8,0x0000000745580000)
 Metaspace       used 15260K, capacity 15530K, committed 15744K, reserved 1062912K
  class space    used 1979K, capacity 2065K, committed 2176K, reserved 1048576K
Event: 11.134 GC heap after
Heap after GC invocations=7 (full 0):
 PSYoungGen      total 287232K, used 2560K [0x0000000795580000, 0x00000007b8880000, 0x00000007c0000000)
  eden space 266240K, 0% used [0x0000000795580000,0x0000000795580000,0x00000007a5980000)
  from space 20992K, 12% used [0x00000007a5980000,0x00000007a5c00010,0x00000007a6e00000)
  to   space 22016K, 0% used [0x00000007b7300000,0x00000007b7300000,0x00000007b8880000)
 ParOldGen       total 87552K, used 41726K [0x0000000740000000, 0x0000000745580000, 0x0000000795580000)
  object space 87552K, 47% used [0x0000000740000000,0x00000007428bf960,0x0000000745580000)
 Metaspace       used 15260K, capacity 15530K, committed 15744K, reserved 1062912K
  class space    used 1979K, capacity 2065K, committed 2176K, reserved 1048576K
}
Event: 11.774 GC heap before
{Heap before GC invocations=8 (full 0):
 PSYoungGen      total 287232K, used 268800K [0x0000000795580000, 0x00000007b8880000, 0x00000007c0000000)
  eden space 266240K, 100% used [0x0000000795580000,0x00000007a5980000,0x00000007a5980000)
  from space 20992K, 12% used [0x00000007a5980000,0x00000007a5c00010,0x00000007a6e00000)
  to   space 22016K, 0% used [0x00000007b7300000,0x00000007b7300000,0x00000007b8880000)
 ParOldGen       total 87552K, used 41726K [0x0000000740000000, 0x0000000745580000, 0x0000000795580000)
  object space 87552K, 47% used [0x0000000740000000,0x00000007428bf960,0x0000000745580000)
 Metaspace       used 15260K, capacity 15530K, committed 15744K, reserved 1062912K
  class space    used 1979K, capacity 2065K, committed 2176K, reserved 1048576K
Event: 11.789 GC heap after
Heap after GC invocations=8 (full 0):
 PSYoungGen      total 554496K, used 2272K [0x0000000795580000, 0x00000007b8880000, 0x00000007c0000000)
  eden space 532480K, 0% used [0x0000000795580000,0x0000000795580000,0x00000007b5d80000)
  from space 22016K, 10% used [0x00000007b7300000,0x00000007b7538010,0x00000007b8880000)
  to   space 22016K, 0% used [0x00000007b5d80000,0x00000007b5d80000,0x00000007b7300000)
 ParOldGen       total 87552K, used 41962K [0x0000000740000000, 0x0000000745580000, 0x0000000795580000)
  object space 87552K, 47% used [0x0000000740000000,0x00000007428fa990,0x0000000745580000)
 Metaspace       used 15260K, capacity 15530K, committed 15744K, reserved 1062912K
  class space    used 1979K, capacity 2065K, committed 2176K, reserved 1048576K
}
Event: 16.659 GC heap before
{Heap before GC invocations=9 (full 0):
 PSYoungGen      total 554496K, used 534752K [0x0000000795580000, 0x00000007b8880000, 0x00000007c0000000)
  eden space 532480K, 100% used [0x0000000795580000,0x00000007b5d80000,0x00000007b5d80000)
  from space 22016K, 10% used [0x00000007b7300000,0x00000007b7538010,0x00000007b8880000)
  to   space 22016K, 0% used [0x00000007b5d80000,0x00000007b5d80000,0x00000007b7300000)
 ParOldGen       total 87552K, used 41962K [0x0000000740000000, 0x0000000745580000, 0x0000000795580000)
  object space 87552K, 47% used [0x0000000740000000,0x00000007428fa990,0x0000000745580000)
 Metaspace       used 15309K, capacity 15600K, committed 15744K, reserved 1062912K
  class space    used 1981K, capacity 2066K, committed 2176K, reserved 1048576K
Event: 16.673 GC heap after
Heap after GC invocations=9 (full 0):
 PSYoungGen      total 554496K, used 1024K [0x0000000795580000, 0x00000007c0000000, 0x00000007c0000000)
  eden space 532480K, 0% used [0x0000000795580000,0x0000000795580000,0x00000007b5d80000)
  from space 22016K, 4% used [0x00000007b5d80000,0x00000007b5e80010,0x00000007b7300000)
  to   space 22016K, 0% used [0x00000007bea80000,0x00000007bea80000,0x00000007c0000000)
 ParOldGen       total 87552K, used 43374K [0x0000000740000000, 0x0000000745580000, 0x0000000795580000)
  object space 87552K, 49% used [0x0000000740000000,0x0000000742a5b9c0,0x0000000745580000)
 Metaspace       used 15309K, capacity 15600K, committed 15744K, reserved 1062912K
  class space    used 1981K, capacity 2066K, committed 2176K, reserved 1048576K
}
Event: 20.203 GC heap before
{Heap before GC invocations=10 (full 0):
 PSYoungGen      total 554496K, used 533504K [0x0000000795580000, 0x00000007c0000000, 0x00000007c0000000)
  eden space 532480K, 100% used [0x0000000795580000,0x00000007b5d80000,0x00000007b5d80000)
  from space 22016K, 4% used [0x00000007b5d80000,0x00000007b5e80010,0x00000007b7300000)
  to   space 22016K, 0% used [0x00000007bea80000,0x00000007bea80000,0x00000007c0000000)
 ParOldGen       total 87552K, used 43374K [0x0000000740000000, 0x0000000745580000, 0x0000000795580000)
  object space 87552K, 49% used [0x0000000740000000,0x0000000742a5b9c0,0x0000000745580000)
 Metaspace       used 15322K, capacity 15600K, committed 15744K, reserved 1062912K
  class space    used 1981K, capacity 2066K, committed 2176K, reserved 1048576K
Event: 20.207 GC heap after
Heap after GC invocations=10 (full 0):
 PSYoungGen      total 676864K, used 416K [0x0000000795580000, 0x00000007c0000000, 0x00000007c0000000)
  eden space 654848K, 0% used [0x0000000795580000,0x0000000795580000,0x00000007bd500000)
  from space 22016K, 1% used [0x00000007bea80000,0x00000007beae8000,0x00000007c0000000)
  to   space 22016K, 0% used [0x00000007bd500000,0x00000007bd500000,0x00000007bea80000)
 ParOldGen       total 87552K, used 43574K [0x0000000740000000, 0x0000000745580000, 0x0000000795580000)
  object space 87552K, 49% used [0x0000000740000000,0x0000000742a8d9f0,0x0000000745580000)
 Metaspace       used 15322K, capacity 15600K, committed 15744K, reserved 1062912K
  class space    used 1981K, capacity 2066K, committed 2176K, reserved 1048576K
}
Event: 24.347 GC heap before
{Heap before GC invocations=11 (full 0):
 PSYoungGen      total 676864K, used 655264K [0x0000000795580000, 0x00000007c0000000, 0x00000007c0000000)
  eden space 654848K, 100% used [0x0000000795580000,0x00000007bd500000,0x00000007bd500000)
  from space 22016K, 1% used [0x00000007bea80000,0x00000007beae8000,0x00000007c0000000)
  to   space 22016K, 0% used [0x00000007bd500000,0x00000007bd500000,0x00000007bea80000)
 ParOldGen       total 87552K, used 43574K [0x0000000740000000, 0x0000000745580000, 0x0000000795580000)
  object space 87552K, 49% used [0x0000000740000000,0x0000000742a8d9f0,0x0000000745580000)
 Metaspace       used 15326K, capacity 15600K, committed 15744K, reserved 1062912K
  class space    used 1981K, capacity 2066K, committed 2176K, reserved 1048576K
Event: 24.355 GC heap after
Heap after GC invocations=11 (full 0):
 PSYoungGen      total 676864K, used 416K [0x0000000795580000, 0x00000007c0000000, 0x00000007c0000000)
  eden space 654848K, 0% used [0x0000000795580000,0x0000000795580000,0x00000007bd500000)
  from space 22016K, 1% used [0x00000007bd500000,0x00000007bd568000,0x00000007bea80000)
  to   space 22016K, 0% used [0x00000007bea80000,0x00000007bea80000,0x00000007c0000000)
 ParOldGen       total 87552K, used 43702K [0x0000000740000000, 0x0000000745580000, 0x0000000795580000)
  object space 87552K, 49% used [0x0000000740000000,0x0000000742aad9f0,0x0000000745580000)
 Metaspace       used 15326K, capacity 15600K, committed 15744K, reserved 1062912K
  class space    used 1981K, capacity 2066K, committed 2176K, reserved 1048576K
}

