# JRE version: Java(TM) SE Runtime Environment (8.0_161-b12) (build 1.8.0_161-b12)
# Java VM: Java HotSpot(TM) 64-Bit Server VM (25.161-b12 mixed mode bsd-amd64 compressed oops)
Heap:
 PSYoungGen      total 225280K, used 76673K [0x0000000795580000, 0x00000007ae880000, 0x00000007c0000000)
  eden space 224768K, 33% used [0x0000000795580000,0x0000000799ff86a8,0x00000007a3100000)
  from space 512K, 81% used [0x00000007ae800000,0x00000007ae868000,0x00000007ae880000)
  to   space 13824K, 0% used [0x00000007acd80000,0x00000007acd80000,0x00000007adb00000)
 ParOldGen       total 87552K, used 27250K [0x0000000740000000, 0x0000000745580000, 0x0000000795580000)
  object space 87552K, 31% used [0x0000000740000000,0x0000000741a9c940,0x0000000745580000)
 Metaspace       used 15348K, capacity 15600K, committed 15744K, reserved 1062912K
  class space    used 1981K, capacity 2066K, committed 2176K, reserved 1048576K
GC Heap History (10 events):
Event: 117.104 GC heap before
{Heap before GC invocations=10 (full 0):
 PSYoungGen      total 259584K, used 259296K [0x0000000795580000, 0x00000007a6480000, 0x00000007c0000000)
  eden space 253952K, 100% used [0x0000000795580000,0x00000007a4d80000,0x00000007a4d80000)
  from space 5632K, 94% used [0x00000007a5900000,0x00000007a5e38050,0x00000007a5e80000)
  to   space 6144K, 0% used [0x00000007a5e80000,0x00000007a5e80000,0x00000007a6480000)
 ParOldGen       total 87552K, used 11644K [0x0000000740000000, 0x0000000745580000, 0x0000000795580000)
  object space 87552K, 13% used [0x0000000740000000,0x0000000740b5f120,0x0000000745580000)
 Metaspace       used 15302K, capacity 15590K, committed 15744K, reserved 1062912K
  class space    used 1978K, capacity 2065K, committed 2176K, reserved 1048576K
Event: 117.651 GC heap after
Heap after GC invocations=10 (full 0):
 PSYoungGen      total 263168K, used 6112K [0x0000000795580000, 0x00000007afe80000, 0x00000007c0000000)
  eden space 257024K, 0% used [0x0000000795580000,0x0000000795580000,0x00000007a5080000)
  from space 6144K, 99% used [0x00000007a5e80000,0x00000007a6478010,0x00000007a6480000)
  to   space 14336K, 0% used [0x00000007a5080000,0x00000007a5080000,0x00000007a5e80000)
 ParOldGen       total 87552K, used 21969K [0x0000000740000000, 0x0000000745580000, 0x0000000795580000)
  object space 87552K, 25% used [0x0000000740000000,0x00000007415744d8,0x0000000745580000)
 Metaspace       used 15302K, capacity 15590K, committed 15744K, reserved 1062912K
  class space    used 1978K, capacity 2065K, committed 2176K, reserved 1048576K
}
Event: 132.213 GC heap before
{Heap before GC invocations=11 (full 0):
 PSYoungGen      total 263168K, used 263136K [0x0000000795580000, 0x00000007afe80000, 0x00000007c0000000)
  eden space 257024K, 100% used [0x0000000795580000,0x00000007a5080000,0x00000007a5080000)
  from space 6144K, 99% used [0x00000007a5e80000,0x00000007a6478010,0x00000007a6480000)
  to   space 14336K, 0% used [0x00000007a5080000,0x00000007a5080000,0x00000007a5e80000)
 ParOldGen       total 87552K, used 21969K [0x0000000740000000, 0x0000000745580000, 0x0000000795580000)
  object space 87552K, 25% used [0x0000000740000000,0x00000007415744d8,0x0000000745580000)
 Metaspace       used 15311K, capacity 15594K, committed 15744K, reserved 1062912K
  class space    used 1978K, capacity 2065K, committed 2176K, reserved 1048576K
Event: 132.278 GC heap after
Heap after GC invocations=11 (full 0):
 PSYoungGen      total 271360K, used 2080K [0x0000000795580000, 0x00000007b0380000, 0x00000007c0000000)
  eden space 257024K, 0% used [0x0000000795580000,0x0000000795580000,0x00000007a5080000)
  from space 14336K, 14% used [0x00000007a5080000,0x00000007a5288000,0x00000007a5e80000)
  to   space 14336K, 0% used [0x00000007af580000,0x00000007af580000,0x00000007b0380000)
 ParOldGen       total 87552K, used 24974K [0x0000000740000000, 0x0000000745580000, 0x0000000795580000)
  object space 87552K, 28% used [0x0000000740000000,0x0000000741863850,0x0000000745580000)
 Metaspace       used 15311K, capacity 15594K, committed 15744K, reserved 1062912K
  class space    used 1978K, capacity 2065K, committed 2176K, reserved 1048576K
}
Event: 140.725 GC heap before
{Heap before GC invocations=12 (full 0):
 PSYoungGen      total 271360K, used 259104K [0x0000000795580000, 0x00000007b0380000, 0x00000007c0000000)
  eden space 257024K, 100% used [0x0000000795580000,0x00000007a5080000,0x00000007a5080000)
  from space 14336K, 14% used [0x00000007a5080000,0x00000007a5288000,0x00000007a5e80000)
  to   space 14336K, 0% used [0x00000007af580000,0x00000007af580000,0x00000007b0380000)
 ParOldGen       total 87552K, used 24974K [0x0000000740000000, 0x0000000745580000, 0x0000000795580000)
  object space 87552K, 28% used [0x0000000740000000,0x0000000741863850,0x0000000745580000)
 Metaspace       used 15311K, capacity 15594K, committed 15744K, reserved 1062912K
  class space    used 1978K, capacity 2065K, committed 2176K, reserved 1048576K
Event: 140.751 GC heap after
Heap after GC invocations=12 (full 0):
 PSYoungGen      total 246272K, used 32K [0x0000000795580000, 0x00000007af600000, 0x00000007c0000000)
  eden space 245760K, 0% used [0x0000000795580000,0x0000000795580000,0x00000007a4580000)
  from space 512K, 6% used [0x00000007af580000,0x00000007af588000,0x00000007af600000)
  to   space 14336K, 0% used [0x00000007ada00000,0x00000007ada00000,0x00000007ae800000)
 ParOldGen       total 87552K, used 27034K [0x0000000740000000, 0x0000000745580000, 0x0000000795580000)
  object space 87552K, 30% used [0x0000000740000000,0x0000000741a66920,0x0000000745580000)
 Metaspace       used 15311K, capacity 15594K, committed 15744K, reserved 1062912K
  class space    used 1978K, capacity 2065K, committed 2176K, reserved 1048576K
}
Event: 165.604 GC heap before
{Heap before GC invocations=13 (full 0):
 PSYoungGen      total 246272K, used 245792K [0x0000000795580000, 0x00000007af600000, 0x00000007c0000000)
  eden space 245760K, 100% used [0x0000000795580000,0x00000007a4580000,0x00000007a4580000)
  from space 512K, 6% used [0x00000007af580000,0x00000007af588000,0x00000007af600000)
  to   space 14336K, 0% used [0x00000007ada00000,0x00000007ada00000,0x00000007ae800000)
 ParOldGen       total 87552K, used 27034K [0x0000000740000000, 0x0000000745580000, 0x0000000795580000)
  object space 87552K, 30% used [0x0000000740000000,0x0000000741a66920,0x0000000745580000)
 Metaspace       used 15342K, capacity 15600K, committed 15744K, reserved 1062912K
  class space    used 1981K, capacity 2066K, committed 2176K, reserved 1048576K
Event: 165.620 GC heap after
Heap after GC invocations=13 (full 0):
 PSYoungGen      total 249344K, used 736K [0x0000000795580000, 0x00000007af600000, 0x00000007c0000000)
  eden space 235008K, 0% used [0x0000000795580000,0x0000000795580000,0x00000007a3b00000)
  from space 14336K, 5% used [0x00000007ada00000,0x00000007adab8000,0x00000007ae800000)
  to   space 14336K, 0% used [0x00000007ae800000,0x00000007ae800000,0x00000007af600000)
 ParOldGen       total 87552K, used 27034K [0x0000000740000000, 0x0000000745580000, 0x0000000795580000)
  object space 87552K, 30% used [0x0000000740000000,0x0000000741a66920,0x0000000745580000)
 Metaspace       used 15342K, capacity 15600K, committed 15744K, reserved 1062912K
  class space    used 1981K, capacity 2066K, committed 2176K, reserved 1048576K
}
Event: 204.238 GC heap before
{Heap before GC invocations=14 (full 0):
 PSYoungGen      total 249344K, used 235744K [0x0000000795580000, 0x00000007af600000, 0x00000007c0000000)
  eden space 235008K, 100% used [0x0000000795580000,0x00000007a3b00000,0x00000007a3b00000)
  from space 14336K, 5% used [0x00000007ada00000,0x00000007adab8000,0x00000007ae800000)
  to   space 14336K, 0% used [0x00000007ae800000,0x00000007ae800000,0x00000007af600000)
 ParOldGen       total 87552K, used 27034K [0x0000000740000000, 0x0000000745580000, 0x0000000795580000)
  object space 87552K, 30% used [0x0000000740000000,0x0000000741a66920,0x0000000745580000)
 Metaspace       used 15345K, capacity 15600K, committed 15744K, reserved 1062912K
  class space    used 1981K, capacity 2066K, committed 2176K, reserved 1048576K
Event: 204.257 GC heap after
Heap after GC invocations=14 (full 0):
 PSYoungGen      total 225280K, used 416K [0x0000000795580000, 0x00000007ae880000, 0x00000007c0000000)
  eden space 224768K, 0% used [0x0000000795580000,0x0000000795580000,0x00000007a3100000)
  from space 512K, 81% used [0x00000007ae800000,0x00000007ae868000,0x00000007ae880000)
  to   space 13824K, 0% used [0x00000007acd80000,0x00000007acd80000,0x00000007adb00000)
 ParOldGen       total 87552K, used 27250K [0x0000000740000000, 0x0000000745580000, 0x0000000795580000)
  object space 87552K, 31% used [0x0000000740000000,0x0000000741a9c940,0x0000000745580000)
 Metaspace       used 15345K, capacity 15600K, committed 15744K, reserved 1062912K
  class space    used 1981K, capacity 2066K, committed 2176K, reserved 1048576K
}

