# JRE version: Java(TM) SE Runtime Environment (8.0_161-b12) (build 1.8.0_161-b12)
# Java VM: Java HotSpot(TM) 64-Bit Server VM (25.161-b12 mixed mode bsd-amd64 compressed oops)
Heap:
 PSYoungGen      total 681472K, used 134712K [0x0000000795580000, 0x00000007bff80000, 0x00000007c0000000)
  eden space 664064K, 19% used [0x0000000795580000,0x000000079d71e148,0x00000007bde00000)
  from space 17408K, 11% used [0x00000007bde00000,0x00000007bdff0000,0x00000007bef00000)
  to   space 16896K, 0% used [0x00000007bef00000,0x00000007bef00000,0x00000007bff80000)
 ParOldGen       total 87552K, used 36556K [0x0000000740000000, 0x0000000745580000, 0x0000000795580000)
  object space 87552K, 41% used [0x0000000740000000,0x00000007423b3210,0x0000000745580000)
 Metaspace       used 15270K, capacity 15524K, committed 15744K, reserved 1062912K
  class space    used 1977K, capacity 2064K, committed 2176K, reserved 1048576K
GC Heap History (10 events):
Event: 26.489 GC heap before
{Heap before GC invocations=9 (full 0):
 PSYoungGen      total 278016K, used 268448K [0x0000000795580000, 0x00000007a7580000, 0x00000007c0000000)
  eden space 264192K, 100% used [0x0000000795580000,0x00000007a5780000,0x00000007a5780000)
  from space 13824K, 30% used [0x00000007a6600000,0x00000007a6a28050,0x00000007a7380000)
  to   space 14848K, 0% used [0x00000007a5780000,0x00000007a5780000,0x00000007a6600000)
 ParOldGen       total 87552K, used 33641K [0x0000000740000000, 0x0000000745580000, 0x0000000795580000)
  object space 87552K, 38% used [0x0000000740000000,0x00000007420da440,0x0000000745580000)
 Metaspace       used 15170K, capacity 15376K, committed 15744K, reserved 1062912K
  class space    used 1974K, capacity 2062K, committed 2176K, reserved 1048576K
Event: 26.525 GC heap after
Heap after GC invocations=9 (full 0):
 PSYoungGen      total 279040K, used 1472K [0x0000000795580000, 0x00000007b1180000, 0x00000007c0000000)
  eden space 264192K, 0% used [0x0000000795580000,0x0000000795580000,0x00000007a5780000)
  from space 14848K, 9% used [0x00000007a5780000,0x00000007a58f0000,0x00000007a6600000)
  to   space 15872K, 0% used [0x00000007b0200000,0x00000007b0200000,0x00000007b1180000)
 ParOldGen       total 87552K, used 36321K [0x0000000740000000, 0x0000000745580000, 0x0000000795580000)
  object space 87552K, 41% used [0x0000000740000000,0x0000000742378500,0x0000000745580000)
 Metaspace       used 15170K, capacity 15376K, committed 15744K, reserved 1062912K
  class space    used 1974K, capacity 2062K, committed 2176K, reserved 1048576K
}
Event: 29.385 GC heap before
{Heap before GC invocations=10 (full 0):
 PSYoungGen      total 279040K, used 265664K [0x0000000795580000, 0x00000007b1180000, 0x00000007c0000000)
  eden space 264192K, 100% used [0x0000000795580000,0x00000007a5780000,0x00000007a5780000)
  from space 14848K, 9% used [0x00000007a5780000,0x00000007a58f0000,0x00000007a6600000)
  to   space 15872K, 0% used [0x00000007b0200000,0x00000007b0200000,0x00000007b1180000)
 ParOldGen       total 87552K, used 36321K [0x0000000740000000, 0x0000000745580000, 0x0000000795580000)
  object space 87552K, 41% used [0x0000000740000000,0x0000000742378500,0x0000000745580000)
 Metaspace       used 15186K, capacity 15504K, committed 15744K, reserved 1062912K
  class space    used 1974K, capacity 2062K, committed 2176K, reserved 1048576K
Event: 29.396 GC heap after
Heap after GC invocations=10 (full 0):
 PSYoungGen      total 437760K, used 1376K [0x0000000795580000, 0x00000007b1380000, 0x00000007c0000000)
  eden space 421888K, 0% used [0x0000000795580000,0x0000000795580000,0x00000007af180000)
  from space 15872K, 8% used [0x00000007b0200000,0x00000007b0358000,0x00000007b1180000)
  to   space 16896K, 0% used [0x00000007af180000,0x00000007af180000,0x00000007b0200000)
 ParOldGen       total 87552K, used 36385K [0x0000000740000000, 0x0000000745580000, 0x0000000795580000)
  object space 87552K, 41% used [0x0000000740000000,0x0000000742388500,0x0000000745580000)
 Metaspace       used 15186K, capacity 15504K, committed 15744K, reserved 1062912K
  class space    used 1974K, capacity 2062K, committed 2176K, reserved 1048576K
}
Event: 33.094 GC heap before
{Heap before GC invocations=11 (full 0):
 PSYoungGen      total 437760K, used 423264K [0x0000000795580000, 0x00000007b1380000, 0x00000007c0000000)
  eden space 421888K, 100% used [0x0000000795580000,0x00000007af180000,0x00000007af180000)
  from space 15872K, 8% used [0x00000007b0200000,0x00000007b0358000,0x00000007b1180000)
  to   space 16896K, 0% used [0x00000007af180000,0x00000007af180000,0x00000007b0200000)
 ParOldGen       total 87552K, used 36385K [0x0000000740000000, 0x0000000745580000, 0x0000000795580000)
  object space 87552K, 41% used [0x0000000740000000,0x0000000742388500,0x0000000745580000)
 Metaspace       used 15249K, capacity 15512K, committed 15744K, reserved 1062912K
  class space    used 1974K, capacity 2062K, committed 2176K, reserved 1048576K
Event: 33.122 GC heap after
Heap after GC invocations=11 (full 0):
 PSYoungGen      total 438784K, used 1376K [0x0000000795580000, 0x00000007c0000000, 0x00000007c0000000)
  eden space 421888K, 0% used [0x0000000795580000,0x0000000795580000,0x00000007af180000)
  from space 16896K, 8% used [0x00000007af180000,0x00000007af2d8000,0x00000007b0200000)
  to   space 16896K, 0% used [0x00000007bef80000,0x00000007bef80000,0x00000007c0000000)
 ParOldGen       total 87552K, used 36448K [0x0000000740000000, 0x0000000745580000, 0x0000000795580000)
  object space 87552K, 41% used [0x0000000740000000,0x0000000742398200,0x0000000745580000)
 Metaspace       used 15249K, capacity 15512K, committed 15744K, reserved 1062912K
  class space    used 1974K, capacity 2062K, committed 2176K, reserved 1048576K
}
Event: 36.683 GC heap before
{Heap before GC invocations=12 (full 0):
 PSYoungGen      total 438784K, used 423264K [0x0000000795580000, 0x00000007c0000000, 0x00000007c0000000)
  eden space 421888K, 100% used [0x0000000795580000,0x00000007af180000,0x00000007af180000)
  from space 16896K, 8% used [0x00000007af180000,0x00000007af2d8000,0x00000007b0200000)
  to   space 16896K, 0% used [0x00000007bef80000,0x00000007bef80000,0x00000007c0000000)
 ParOldGen       total 87552K, used 36448K [0x0000000740000000, 0x0000000745580000, 0x0000000795580000)
  object space 87552K, 41% used [0x0000000740000000,0x0000000742398200,0x0000000745580000)
 Metaspace       used 15250K, capacity 15512K, committed 15744K, reserved 1062912K
  class space    used 1974K, capacity 2062K, committed 2176K, reserved 1048576K
Event: 36.696 GC heap after
Heap after GC invocations=12 (full 0):
 PSYoungGen      total 680960K, used 1408K [0x0000000795580000, 0x00000007c0000000, 0x00000007c0000000)
  eden space 664064K, 0% used [0x0000000795580000,0x0000000795580000,0x00000007bde00000)
  from space 16896K, 8% used [0x00000007bef80000,0x00000007bf0e0000,0x00000007c0000000)
  to   space 17408K, 0% used [0x00000007bde00000,0x00000007bde00000,0x00000007bef00000)
 ParOldGen       total 87552K, used 36488K [0x0000000740000000, 0x0000000745580000, 0x0000000795580000)
  object space 87552K, 41% used [0x0000000740000000,0x00000007423a2200,0x0000000745580000)
 Metaspace       used 15250K, capacity 15512K, committed 15744K, reserved 1062912K
  class space    used 1974K, capacity 2062K, committed 2176K, reserved 1048576K
}
Event: 41.422 GC heap before
{Heap before GC invocations=13 (full 0):
 PSYoungGen      total 680960K, used 665472K [0x0000000795580000, 0x00000007c0000000, 0x00000007c0000000)
  eden space 664064K, 100% used [0x0000000795580000,0x00000007bde00000,0x00000007bde00000)
  from space 16896K, 8% used [0x00000007bef80000,0x00000007bf0e0000,0x00000007c0000000)
  to   space 17408K, 0% used [0x00000007bde00000,0x00000007bde00000,0x00000007bef00000)
 ParOldGen       total 87552K, used 36488K [0x0000000740000000, 0x0000000745580000, 0x0000000795580000)
  object space 87552K, 41% used [0x0000000740000000,0x00000007423a2200,0x0000000745580000)
 Metaspace       used 15270K, capacity 15524K, committed 15744K, reserved 1062912K
  class space    used 1977K, capacity 2064K, committed 2176K, reserved 1048576K
Event: 41.450 GC heap after
Heap after GC invocations=13 (full 0):
 PSYoungGen      total 681472K, used 1984K [0x0000000795580000, 0x00000007bff80000, 0x00000007c0000000)
  eden space 664064K, 0% used [0x0000000795580000,0x0000000795580000,0x00000007bde00000)
  from space 17408K, 11% used [0x00000007bde00000,0x00000007bdff0000,0x00000007bef00000)
  to   space 16896K, 0% used [0x00000007bef00000,0x00000007bef00000,0x00000007bff80000)
 ParOldGen       total 87552K, used 36556K [0x0000000740000000, 0x0000000745580000, 0x0000000795580000)
  object space 87552K, 41% used [0x0000000740000000,0x00000007423b3210,0x0000000745580000)
 Metaspace       used 15270K, capacity 15524K, committed 15744K, reserved 1062912K
  class space    used 1977K, capacity 2064K, committed 2176K, reserved 1048576K
}

