# JRE version: Java(TM) SE Runtime Environment (8.0_161-b12) (build 1.8.0_161-b12)
# Java VM: Java HotSpot(TM) 64-Bit Server VM (25.161-b12 mixed mode bsd-amd64 compressed oops)
Heap:
 PSYoungGen      total 548352K, used 403961K [0x0000000795580000, 0x00000007c0000000, 0x00000007c0000000)
  eden space 530432K, 75% used [0x0000000795580000,0x00000007adede568,0x00000007b5b80000)
  from space 17920K, 6% used [0x00000007b5b80000,0x00000007b5ca0000,0x00000007b6d00000)
  to   space 18432K, 0% used [0x00000007bee00000,0x00000007bee00000,0x00000007c0000000)
 ParOldGen       total 87552K, used 42083K [0x0000000740000000, 0x0000000745580000, 0x0000000795580000)
  object space 87552K, 48% used [0x0000000740000000,0x0000000742918f08,0x0000000745580000)
 Metaspace       used 18936K, capacity 19242K, committed 19456K, reserved 1067008K
  class space    used 2361K, capacity 2449K, committed 2560K, reserved 1048576K
GC Heap History (10 events):
Event: 6.375 GC heap before
{Heap before GC invocations=5 (full 0):
 PSYoungGen      total 138240K, used 138236K [0x0000000795580000, 0x000000079e180000, 0x00000007c0000000)
  eden space 133120K, 100% used [0x0000000795580000,0x000000079d780000,0x000000079d780000)
  from space 5120K, 99% used [0x000000079dc80000,0x000000079e17f3c0,0x000000079e180000)
  to   space 5120K, 0% used [0x000000079d780000,0x000000079d780000,0x000000079dc80000)
 ParOldGen       total 87552K, used 25890K [0x0000000740000000, 0x0000000745580000, 0x0000000795580000)
  object space 87552K, 29% used [0x0000000740000000,0x0000000741948a08,0x0000000745580000)
 Metaspace       used 14999K, capacity 15268K, committed 15360K, reserved 1062912K
  class space    used 1944K, capacity 2030K, committed 2048K, reserved 1048576K
Event: 6.437 GC heap after
Heap after GC invocations=5 (full 0):
 PSYoungGen      total 138240K, used 5100K [0x0000000795580000, 0x00000007a7780000, 0x00000007c0000000)
  eden space 133120K, 0% used [0x0000000795580000,0x0000000795580000,0x000000079d780000)
  from space 5120K, 99% used [0x000000079d780000,0x000000079dc7b390,0x000000079dc80000)
  to   space 15360K, 0% used [0x00000007a6880000,0x00000007a6880000,0x00000007a7780000)
 ParOldGen       total 87552K, used 34726K [0x0000000740000000, 0x0000000745580000, 0x0000000795580000)
  object space 87552K, 39% used [0x0000000740000000,0x00000007421e9aa8,0x0000000745580000)
 Metaspace       used 14999K, capacity 15268K, committed 15360K, reserved 1062912K
  class space    used 1944K, capacity 2030K, committed 2048K, reserved 1048576K
}
Event: 7.381 GC heap before
{Heap before GC invocations=6 (full 0):
 PSYoungGen      total 138240K, used 138220K [0x0000000795580000, 0x00000007a7780000, 0x00000007c0000000)
  eden space 133120K, 100% used [0x0000000795580000,0x000000079d780000,0x000000079d780000)
  from space 5120K, 99% used [0x000000079d780000,0x000000079dc7b390,0x000000079dc80000)
  to   space 15360K, 0% used [0x00000007a6880000,0x00000007a6880000,0x00000007a7780000)
 ParOldGen       total 87552K, used 34726K [0x0000000740000000, 0x0000000745580000, 0x0000000795580000)
  object space 87552K, 39% used [0x0000000740000000,0x00000007421e9aa8,0x0000000745580000)
 Metaspace       used 15042K, capacity 15272K, committed 15360K, reserved 1062912K
  class space    used 1944K, capacity 2030K, committed 2048K, reserved 1048576K
Event: 7.436 GC heap after
Heap after GC invocations=6 (full 0):
 PSYoungGen      total 281088K, used 7801K [0x0000000795580000, 0x00000007a7880000, 0x00000007c0000000)
  eden space 265728K, 0% used [0x0000000795580000,0x0000000795580000,0x00000007a5900000)
  from space 15360K, 50% used [0x00000007a6880000,0x00000007a701e618,0x00000007a7780000)
  to   space 15872K, 0% used [0x00000007a5900000,0x00000007a5900000,0x00000007a6880000)
 ParOldGen       total 87552K, used 34726K [0x0000000740000000, 0x0000000745580000, 0x0000000795580000)
  object space 87552K, 39% used [0x0000000740000000,0x00000007421e9aa8,0x0000000745580000)
 Metaspace       used 15042K, capacity 15272K, committed 15360K, reserved 1062912K
  class space    used 1944K, capacity 2030K, committed 2048K, reserved 1048576K
}
Event: 9.036 GC heap before
{Heap before GC invocations=7 (full 0):
 PSYoungGen      total 281088K, used 273529K [0x0000000795580000, 0x00000007a7880000, 0x00000007c0000000)
  eden space 265728K, 100% used [0x0000000795580000,0x00000007a5900000,0x00000007a5900000)
  from space 15360K, 50% used [0x00000007a6880000,0x00000007a701e618,0x00000007a7780000)
  to   space 15872K, 0% used [0x00000007a5900000,0x00000007a5900000,0x00000007a6880000)
 ParOldGen       total 87552K, used 34726K [0x0000000740000000, 0x0000000745580000, 0x0000000795580000)
  object space 87552K, 39% used [0x0000000740000000,0x00000007421e9aa8,0x0000000745580000)
 Metaspace       used 15274K, capacity 15572K, committed 15744K, reserved 1062912K
  class space    used 1974K, capacity 2062K, committed 2176K, reserved 1048576K
Event: 9.092 GC heap after
Heap after GC invocations=7 (full 0):
 PSYoungGen      total 281600K, used 3448K [0x0000000795580000, 0x00000007b7d80000, 0x00000007c0000000)
  eden space 265728K, 0% used [0x0000000795580000,0x0000000795580000,0x00000007a5900000)
  from space 15872K, 21% used [0x00000007a5900000,0x00000007a5c5e058,0x00000007a6880000)
  to   space 16896K, 0% used [0x00000007b6d00000,0x00000007b6d00000,0x00000007b7d80000)
 ParOldGen       total 87552K, used 39240K [0x0000000740000000, 0x0000000745580000, 0x0000000795580000)
  object space 87552K, 44% used [0x0000000740000000,0x0000000742652138,0x0000000745580000)
 Metaspace       used 15274K, capacity 15572K, committed 15744K, reserved 1062912K
  class space    used 1974K, capacity 2062K, committed 2176K, reserved 1048576K
}
Event: 10.001 GC heap before
{Heap before GC invocations=8 (full 0):
 PSYoungGen      total 281600K, used 269176K [0x0000000795580000, 0x00000007b7d80000, 0x00000007c0000000)
  eden space 265728K, 100% used [0x0000000795580000,0x00000007a5900000,0x00000007a5900000)
  from space 15872K, 21% used [0x00000007a5900000,0x00000007a5c5e058,0x00000007a6880000)
  to   space 16896K, 0% used [0x00000007b6d00000,0x00000007b6d00000,0x00000007b7d80000)
 ParOldGen       total 87552K, used 39240K [0x0000000740000000, 0x0000000745580000, 0x0000000795580000)
  object space 87552K, 44% used [0x0000000740000000,0x0000000742652138,0x0000000745580000)
 Metaspace       used 15288K, capacity 15576K, committed 15744K, reserved 1062912K
  class space    used 1974K, capacity 2062K, committed 2176K, reserved 1048576K
Event: 10.015 GC heap after
Heap after GC invocations=8 (full 0):
 PSYoungGen      total 547328K, used 2720K [0x0000000795580000, 0x00000007b7f80000, 0x00000007c0000000)
  eden space 530432K, 0% used [0x0000000795580000,0x0000000795580000,0x00000007b5b80000)
  from space 16896K, 16% used [0x00000007b6d00000,0x00000007b6fa8010,0x00000007b7d80000)
  to   space 17920K, 0% used [0x00000007b5b80000,0x00000007b5b80000,0x00000007b6d00000)
 ParOldGen       total 87552K, used 39792K [0x0000000740000000, 0x0000000745580000, 0x0000000795580000)
  object space 87552K, 45% used [0x0000000740000000,0x00000007426dc188,0x0000000745580000)
 Metaspace       used 15288K, capacity 15576K, committed 15744K, reserved 1062912K
  class space    used 1974K, capacity 2062K, committed 2176K, reserved 1048576K
}
Event: 12.435 GC heap before
{Heap before GC invocations=9 (full 0):
 PSYoungGen      total 547328K, used 533152K [0x0000000795580000, 0x00000007b7f80000, 0x00000007c0000000)
  eden space 530432K, 100% used [0x0000000795580000,0x00000007b5b80000,0x00000007b5b80000)
  from space 16896K, 16% used [0x00000007b6d00000,0x00000007b6fa8010,0x00000007b7d80000)
  to   space 17920K, 0% used [0x00000007b5b80000,0x00000007b5b80000,0x00000007b6d00000)
 ParOldGen       total 87552K, used 39792K [0x0000000740000000, 0x0000000745580000, 0x0000000795580000)
  object space 87552K, 45% used [0x0000000740000000,0x00000007426dc188,0x0000000745580000)
 Metaspace       used 15316K, capacity 15588K, committed 15744K, reserved 1062912K
  class space    used 1977K, capacity 2064K, committed 2176K, reserved 1048576K
Event: 12.453 GC heap after
Heap after GC invocations=9 (full 0):
 PSYoungGen      total 548352K, used 1152K [0x0000000795580000, 0x00000007c0000000, 0x00000007c0000000)
  eden space 530432K, 0% used [0x0000000795580000,0x0000000795580000,0x00000007b5b80000)
  from space 17920K, 6% used [0x00000007b5b80000,0x00000007b5ca0000,0x00000007b6d00000)
  to   space 18432K, 0% used [0x00000007bee00000,0x00000007bee00000,0x00000007c0000000)
 ParOldGen       total 87552K, used 42083K [0x0000000740000000, 0x0000000745580000, 0x0000000795580000)
  object space 87552K, 48% used [0x0000000740000000,0x0000000742918f08,0x0000000745580000)
 Metaspace       used 15316K, capacity 15588K, committed 15744K, reserved 1062912K
  class space    used 1977K, capacity 2064K, committed 2176K, reserved 1048576K
}

