# JRE version: Java(TM) SE Runtime Environment (8.0_161-b12) (build 1.8.0_161-b12)
# Java VM: Java HotSpot(TM) 64-Bit Server VM (25.161-b12 mixed mode bsd-amd64 compressed oops)
Heap:
 PSYoungGen      total 672256K, used 286209K [0x0000000795580000, 0x00000007bfe80000, 0x00000007c0000000)
  eden space 665088K, 41% used [0x0000000795580000,0x00000007a66206d0,0x00000007bdf00000)
  from space 7168K, 98% used [0x00000007bdf00000,0x00000007be5e0010,0x00000007be600000)
  to   space 15872K, 0% used [0x00000007bef00000,0x00000007bef00000,0x00000007bfe80000)
 ParOldGen       total 87552K, used 37921K [0x0000000740000000, 0x0000000745580000, 0x0000000795580000)
  object space 87552K, 43% used [0x0000000740000000,0x0000000742508688,0x0000000745580000)
 Metaspace       used 19163K, capacity 19498K, committed 19712K, reserved 1067008K
  class space    used 2398K, capacity 2513K, committed 2560K, reserved 1048576K
GC Heap History (10 events):
Event: 24.049 GC heap before
{Heap before GC invocations=9 (full 0):
 PSYoungGen      total 280576K, used 274208K [0x0000000795580000, 0x00000007a7580000, 0x00000007c0000000)
  eden space 266240K, 100% used [0x0000000795580000,0x00000007a5980000,0x00000007a5980000)
  from space 14336K, 55% used [0x00000007a6780000,0x00000007a6f48050,0x00000007a7580000)
  to   space 14336K, 0% used [0x00000007a5980000,0x00000007a5980000,0x00000007a6780000)
 ParOldGen       total 87552K, used 34162K [0x0000000740000000, 0x0000000745580000, 0x0000000795580000)
  object space 87552K, 39% used [0x0000000740000000,0x000000074215c8c8,0x0000000745580000)
 Metaspace       used 15173K, capacity 15376K, committed 15744K, reserved 1062912K
  class space    used 1974K, capacity 2062K, committed 2176K, reserved 1048576K
Event: 24.107 GC heap after
Heap after GC invocations=9 (full 0):
 PSYoungGen      total 280576K, used 1440K [0x0000000795580000, 0x00000007b1380000, 0x00000007c0000000)
  eden space 266240K, 0% used [0x0000000795580000,0x0000000795580000,0x00000007a5980000)
  from space 14336K, 10% used [0x00000007a5980000,0x00000007a5ae8000,0x00000007a6780000)
  to   space 15360K, 0% used [0x00000007b0480000,0x00000007b0480000,0x00000007b1380000)
 ParOldGen       total 87552K, used 37670K [0x0000000740000000, 0x0000000745580000, 0x0000000795580000)
  object space 87552K, 43% used [0x0000000740000000,0x00000007424c9978,0x0000000745580000)
 Metaspace       used 15173K, capacity 15376K, committed 15744K, reserved 1062912K
  class space    used 1974K, capacity 2062K, committed 2176K, reserved 1048576K
}
Event: 27.908 GC heap before
{Heap before GC invocations=10 (full 0):
 PSYoungGen      total 280576K, used 267680K [0x0000000795580000, 0x00000007b1380000, 0x00000007c0000000)
  eden space 266240K, 100% used [0x0000000795580000,0x00000007a5980000,0x00000007a5980000)
  from space 14336K, 10% used [0x00000007a5980000,0x00000007a5ae8000,0x00000007a6780000)
  to   space 15360K, 0% used [0x00000007b0480000,0x00000007b0480000,0x00000007b1380000)
 ParOldGen       total 87552K, used 37670K [0x0000000740000000, 0x0000000745580000, 0x0000000795580000)
  object space 87552K, 43% used [0x0000000740000000,0x00000007424c9978,0x0000000745580000)
 Metaspace       used 15215K, capacity 15504K, committed 15744K, reserved 1062912K
  class space    used 1974K, capacity 2062K, committed 2176K, reserved 1048576K
Event: 27.919 GC heap after
Heap after GC invocations=10 (full 0):
 PSYoungGen      total 440320K, used 1376K [0x0000000795580000, 0x00000007b1580000, 0x00000007c0000000)
  eden space 424960K, 0% used [0x0000000795580000,0x0000000795580000,0x00000007af480000)
  from space 15360K, 8% used [0x00000007b0480000,0x00000007b05d8000,0x00000007b1380000)
  to   space 16384K, 0% used [0x00000007af480000,0x00000007af480000,0x00000007b0480000)
 ParOldGen       total 87552K, used 37741K [0x0000000740000000, 0x0000000745580000, 0x0000000795580000)
  object space 87552K, 43% used [0x0000000740000000,0x00000007424db678,0x0000000745580000)
 Metaspace       used 15215K, capacity 15504K, committed 15744K, reserved 1062912K
  class space    used 1974K, capacity 2062K, committed 2176K, reserved 1048576K
}
Event: 31.921 GC heap before
{Heap before GC invocations=11 (full 0):
 PSYoungGen      total 440320K, used 426336K [0x0000000795580000, 0x00000007b1580000, 0x00000007c0000000)
  eden space 424960K, 100% used [0x0000000795580000,0x00000007af480000,0x00000007af480000)
  from space 15360K, 8% used [0x00000007b0480000,0x00000007b05d8000,0x00000007b1380000)
  to   space 16384K, 0% used [0x00000007af480000,0x00000007af480000,0x00000007b0480000)
 ParOldGen       total 87552K, used 37741K [0x0000000740000000, 0x0000000745580000, 0x0000000795580000)
  object space 87552K, 43% used [0x0000000740000000,0x00000007424db678,0x0000000745580000)
 Metaspace       used 15249K, capacity 15512K, committed 15744K, reserved 1062912K
  class space    used 1974K, capacity 2062K, committed 2176K, reserved 1048576K
Event: 31.941 GC heap after
Heap after GC invocations=11 (full 0):
 PSYoungGen      total 441344K, used 1376K [0x0000000795580000, 0x00000007c0000000, 0x00000007c0000000)
  eden space 424960K, 0% used [0x0000000795580000,0x0000000795580000,0x00000007af480000)
  from space 16384K, 8% used [0x00000007af480000,0x00000007af5d8000,0x00000007b0480000)
  to   space 16384K, 0% used [0x00000007bf000000,0x00000007bf000000,0x00000007c0000000)
 ParOldGen       total 87552K, used 37797K [0x0000000740000000, 0x0000000745580000, 0x0000000795580000)
  object space 87552K, 43% used [0x0000000740000000,0x00000007424e9678,0x0000000745580000)
 Metaspace       used 15249K, capacity 15512K, committed 15744K, reserved 1062912K
  class space    used 1974K, capacity 2062K, committed 2176K, reserved 1048576K
}
Event: 35.669 GC heap before
{Heap before GC invocations=12 (full 0):
 PSYoungGen      total 441344K, used 426336K [0x0000000795580000, 0x00000007c0000000, 0x00000007c0000000)
  eden space 424960K, 100% used [0x0000000795580000,0x00000007af480000,0x00000007af480000)
  from space 16384K, 8% used [0x00000007af480000,0x00000007af5d8000,0x00000007b0480000)
  to   space 16384K, 0% used [0x00000007bf000000,0x00000007bf000000,0x00000007c0000000)
 ParOldGen       total 87552K, used 37797K [0x0000000740000000, 0x0000000745580000, 0x0000000795580000)
  object space 87552K, 43% used [0x0000000740000000,0x00000007424e9678,0x0000000745580000)
 Metaspace       used 15252K, capacity 15512K, committed 15744K, reserved 1062912K
  class space    used 1974K, capacity 2062K, committed 2176K, reserved 1048576K
Event: 35.679 GC heap after
Heap after GC invocations=12 (full 0):
 PSYoungGen      total 681472K, used 1408K [0x0000000795580000, 0x00000007c0000000, 0x00000007c0000000)
  eden space 665088K, 0% used [0x0000000795580000,0x0000000795580000,0x00000007bdf00000)
  from space 16384K, 8% used [0x00000007bf000000,0x00000007bf160000,0x00000007c0000000)
  to   space 16896K, 0% used [0x00000007bdf00000,0x00000007bdf00000,0x00000007bef80000)
 ParOldGen       total 87552K, used 37853K [0x0000000740000000, 0x0000000745580000, 0x0000000795580000)
  object space 87552K, 43% used [0x0000000740000000,0x00000007424f7678,0x0000000745580000)
 Metaspace       used 15252K, capacity 15512K, committed 15744K, reserved 1062912K
  class space    used 1974K, capacity 2062K, committed 2176K, reserved 1048576K
}
Event: 39.703 GC heap before
{Heap before GC invocations=13 (full 0):
 PSYoungGen      total 681472K, used 666496K [0x0000000795580000, 0x00000007c0000000, 0x00000007c0000000)
  eden space 665088K, 100% used [0x0000000795580000,0x00000007bdf00000,0x00000007bdf00000)
  from space 16384K, 8% used [0x00000007bf000000,0x00000007bf160000,0x00000007c0000000)
  to   space 16896K, 0% used [0x00000007bdf00000,0x00000007bdf00000,0x00000007bef80000)
 ParOldGen       total 87552K, used 37853K [0x0000000740000000, 0x0000000745580000, 0x0000000795580000)
  object space 87552K, 43% used [0x0000000740000000,0x00000007424f7678,0x0000000745580000)
 Metaspace       used 15273K, capacity 15524K, committed 15744K, reserved 1062912K
  class space    used 1977K, capacity 2064K, committed 2176K, reserved 1048576K
Event: 39.757 GC heap after
Heap after GC invocations=13 (full 0):
 PSYoungGen      total 672256K, used 7040K [0x0000000795580000, 0x00000007bfe80000, 0x00000007c0000000)
  eden space 665088K, 0% used [0x0000000795580000,0x0000000795580000,0x00000007bdf00000)
  from space 7168K, 98% used [0x00000007bdf00000,0x00000007be5e0010,0x00000007be600000)
  to   space 15872K, 0% used [0x00000007bef00000,0x00000007bef00000,0x00000007bfe80000)
 ParOldGen       total 87552K, used 37921K [0x0000000740000000, 0x0000000745580000, 0x0000000795580000)
  object space 87552K, 43% used [0x0000000740000000,0x0000000742508688,0x0000000745580000)
 Metaspace       used 15273K, capacity 15524K, committed 15744K, reserved 1062912K
  class space    used 1977K, capacity 2064K, committed 2176K, reserved 1048576K
}

