# JRE version: Java(TM) SE Runtime Environment (8.0_161-b12) (build 1.8.0_161-b12)
# Java VM: Java HotSpot(TM) 64-Bit Server VM (25.161-b12 mixed mode bsd-amd64 compressed oops)
Heap:
 PSYoungGen      total 111104K, used 2493K [0x0000000795580000, 0x000000079e280000, 0x00000007c0000000)
  eden space 105472K, 2% used [0x0000000795580000,0x000000079578f5d0,0x000000079bc80000)
  from space 5632K, 6% used [0x000000079d780000,0x000000079d7e0000,0x000000079dd00000)
  to   space 5120K, 0% used [0x000000079dd80000,0x000000079dd80000,0x000000079e280000)
 ParOldGen       total 87552K, used 25565K [0x0000000740000000, 0x0000000745580000, 0x0000000795580000)
  object space 87552K, 29% used [0x0000000740000000,0x00000007418f7520,0x0000000745580000)
 Metaspace       used 15362K, capacity 15664K, committed 16000K, reserved 1062912K
  class space    used 1981K, capacity 2066K, committed 2176K, reserved 1048576K
GC Heap History (10 events):
Event: 306.662 GC heap before
{Heap before GC invocations=55 (full 0):
 PSYoungGen      total 128000K, used 127936K [0x0000000795580000, 0x000000079ed80000, 0x00000007c0000000)
  eden space 127488K, 100% used [0x0000000795580000,0x000000079d200000,0x000000079d200000)
  from space 512K, 87% used [0x000000079ed00000,0x000000079ed70000,0x000000079ed80000)
  to   space 6656K, 0% used [0x000000079e080000,0x000000079e080000,0x000000079e700000)
 ParOldGen       total 87552K, used 25437K [0x0000000740000000, 0x0000000745580000, 0x0000000795580000)
  object space 87552K, 29% used [0x0000000740000000,0x00000007418d7500,0x0000000745580000)
 Metaspace       used 15361K, capacity 15664K, committed 16000K, reserved 1062912K
  class space    used 1981K, capacity 2066K, committed 2176K, reserved 1048576K
Event: 306.670 GC heap after
Heap after GC invocations=55 (full 0):
 PSYoungGen      total 129536K, used 320K [0x0000000795580000, 0x000000079ed80000, 0x00000007c0000000)
  eden space 122880K, 0% used [0x0000000795580000,0x0000000795580000,0x000000079cd80000)
  from space 6656K, 4% used [0x000000079e080000,0x000000079e0d0000,0x000000079e700000)
  to   space 6656K, 0% used [0x000000079e700000,0x000000079e700000,0x000000079ed80000)
 ParOldGen       total 87552K, used 25461K [0x0000000740000000, 0x0000000745580000, 0x0000000795580000)
  object space 87552K, 29% used [0x0000000740000000,0x00000007418dd500,0x0000000745580000)
 Metaspace       used 15361K, capacity 15664K, committed 16000K, reserved 1062912K
  class space    used 1981K, capacity 2066K, committed 2176K, reserved 1048576K
}
Event: 327.302 GC heap before
{Heap before GC invocations=56 (full 0):
 PSYoungGen      total 129536K, used 123200K [0x0000000795580000, 0x000000079ed80000, 0x00000007c0000000)
  eden space 122880K, 100% used [0x0000000795580000,0x000000079cd80000,0x000000079cd80000)
  from space 6656K, 4% used [0x000000079e080000,0x000000079e0d0000,0x000000079e700000)
  to   space 6656K, 0% used [0x000000079e700000,0x000000079e700000,0x000000079ed80000)
 ParOldGen       total 87552K, used 25461K [0x0000000740000000, 0x0000000745580000, 0x0000000795580000)
  object space 87552K, 29% used [0x0000000740000000,0x00000007418dd500,0x0000000745580000)
 Metaspace       used 15361K, capacity 15664K, committed 16000K, reserved 1062912K
  class space    used 1981K, capacity 2066K, committed 2176K, reserved 1048576K
Event: 327.329 GC heap after
Heap after GC invocations=56 (full 0):
 PSYoungGen      total 118784K, used 352K [0x0000000795580000, 0x000000079e780000, 0x00000007c0000000)
  eden space 118272K, 0% used [0x0000000795580000,0x0000000795580000,0x000000079c900000)
  from space 512K, 68% used [0x000000079e700000,0x000000079e758000,0x000000079e780000)
  to   space 6144K, 0% used [0x000000079db80000,0x000000079db80000,0x000000079e180000)
 ParOldGen       total 87552K, used 25493K [0x0000000740000000, 0x0000000745580000, 0x0000000795580000)
  object space 87552K, 29% used [0x0000000740000000,0x00000007418e5500,0x0000000745580000)
 Metaspace       used 15361K, capacity 15664K, committed 16000K, reserved 1062912K
  class space    used 1981K, capacity 2066K, committed 2176K, reserved 1048576K
}
Event: 345.003 GC heap before
{Heap before GC invocations=57 (full 0):
 PSYoungGen      total 118784K, used 118624K [0x0000000795580000, 0x000000079e780000, 0x00000007c0000000)
  eden space 118272K, 100% used [0x0000000795580000,0x000000079c900000,0x000000079c900000)
  from space 512K, 68% used [0x000000079e700000,0x000000079e758000,0x000000079e780000)
  to   space 6144K, 0% used [0x000000079db80000,0x000000079db80000,0x000000079e180000)
 ParOldGen       total 87552K, used 25493K [0x0000000740000000, 0x0000000745580000, 0x0000000795580000)
  object space 87552K, 29% used [0x0000000740000000,0x00000007418e5500,0x0000000745580000)
 Metaspace       used 15362K, capacity 15664K, committed 16000K, reserved 1062912K
  class space    used 1981K, capacity 2066K, committed 2176K, reserved 1048576K
Event: 345.007 GC heap after
Heap after GC invocations=57 (full 0):
 PSYoungGen      total 119808K, used 320K [0x0000000795580000, 0x000000079e780000, 0x00000007c0000000)
  eden space 113664K, 0% used [0x0000000795580000,0x0000000795580000,0x000000079c480000)
  from space 6144K, 5% used [0x000000079db80000,0x000000079dbd0000,0x000000079e180000)
  to   space 5632K, 0% used [0x000000079e200000,0x000000079e200000,0x000000079e780000)
 ParOldGen       total 87552K, used 25525K [0x0000000740000000, 0x0000000745580000, 0x0000000795580000)
  object space 87552K, 29% used [0x0000000740000000,0x00000007418ed520,0x0000000745580000)
 Metaspace       used 15362K, capacity 15664K, committed 16000K, reserved 1062912K
  class space    used 1981K, capacity 2066K, committed 2176K, reserved 1048576K
}
Event: 366.431 GC heap before
{Heap before GC invocations=58 (full 0):
 PSYoungGen      total 119808K, used 113984K [0x0000000795580000, 0x000000079e780000, 0x00000007c0000000)
  eden space 113664K, 100% used [0x0000000795580000,0x000000079c480000,0x000000079c480000)
  from space 6144K, 5% used [0x000000079db80000,0x000000079dbd0000,0x000000079e180000)
  to   space 5632K, 0% used [0x000000079e200000,0x000000079e200000,0x000000079e780000)
 ParOldGen       total 87552K, used 25525K [0x0000000740000000, 0x0000000745580000, 0x0000000795580000)
  object space 87552K, 29% used [0x0000000740000000,0x00000007418ed520,0x0000000745580000)
 Metaspace       used 15362K, capacity 15664K, committed 16000K, reserved 1062912K
  class space    used 1981K, capacity 2066K, committed 2176K, reserved 1048576K
Event: 366.450 GC heap after
Heap after GC invocations=58 (full 0):
 PSYoungGen      total 110080K, used 288K [0x0000000795580000, 0x000000079e280000, 0x00000007c0000000)
  eden space 109568K, 0% used [0x0000000795580000,0x0000000795580000,0x000000079c080000)
  from space 512K, 56% used [0x000000079e200000,0x000000079e248000,0x000000079e280000)
  to   space 5632K, 0% used [0x000000079d780000,0x000000079d780000,0x000000079dd00000)
 ParOldGen       total 87552K, used 25541K [0x0000000740000000, 0x0000000745580000, 0x0000000795580000)
  object space 87552K, 29% used [0x0000000740000000,0x00000007418f1520,0x0000000745580000)
 Metaspace       used 15362K, capacity 15664K, committed 16000K, reserved 1062912K
  class space    used 1981K, capacity 2066K, committed 2176K, reserved 1048576K
}
Event: 379.376 GC heap before
{Heap before GC invocations=59 (full 0):
 PSYoungGen      total 110080K, used 109856K [0x0000000795580000, 0x000000079e280000, 0x00000007c0000000)
  eden space 109568K, 100% used [0x0000000795580000,0x000000079c080000,0x000000079c080000)
  from space 512K, 56% used [0x000000079e200000,0x000000079e248000,0x000000079e280000)
  to   space 5632K, 0% used [0x000000079d780000,0x000000079d780000,0x000000079dd00000)
 ParOldGen       total 87552K, used 25541K [0x0000000740000000, 0x0000000745580000, 0x0000000795580000)
  object space 87552K, 29% used [0x0000000740000000,0x00000007418f1520,0x0000000745580000)
 Metaspace       used 15362K, capacity 15664K, committed 16000K, reserved 1062912K
  class space    used 1981K, capacity 2066K, committed 2176K, reserved 1048576K
Event: 379.380 GC heap after
Heap after GC invocations=59 (full 0):
 PSYoungGen      total 111104K, used 384K [0x0000000795580000, 0x000000079e280000, 0x00000007c0000000)
  eden space 105472K, 0% used [0x0000000795580000,0x0000000795580000,0x000000079bc80000)
  from space 5632K, 6% used [0x000000079d780000,0x000000079d7e0000,0x000000079dd00000)
  to   space 5120K, 0% used [0x000000079dd80000,0x000000079dd80000,0x000000079e280000)
 ParOldGen       total 87552K, used 25565K [0x0000000740000000, 0x0000000745580000, 0x0000000795580000)
  object space 87552K, 29% used [0x0000000740000000,0x00000007418f7520,0x0000000745580000)
 Metaspace       used 15362K, capacity 15664K, committed 16000K, reserved 1062912K
  class space    used 1981K, capacity 2066K, committed 2176K, reserved 1048576K
}

