# JRE version: Java(TM) SE Runtime Environment (8.0_161-b12) (build 1.8.0_161-b12)
# Java VM: Java HotSpot(TM) 64-Bit Server VM (25.161-b12 mixed mode bsd-amd64 compressed oops)
Heap:
 PSYoungGen      total 278016K, used 183934K [0x0000000795580000, 0x00000007a7080000, 0x00000007c0000000)
  eden space 266240K, 66% used [0x0000000795580000,0x00000007a01c9270,0x00000007a5980000)
  from space 11776K, 63% used [0x00000007a6500000,0x00000007a6c56608,0x00000007a7080000)
  to   space 11776K, 0% used [0x00000007a5980000,0x00000007a5980000,0x00000007a6500000)
 ParOldGen       total 87552K, used 16172K [0x0000000740000000, 0x0000000745580000, 0x0000000795580000)
  object space 87552K, 18% used [0x0000000740000000,0x0000000740fcb350,0x0000000745580000)
 Metaspace       used 18891K, capacity 19114K, committed 19456K, reserved 1067008K
  class space    used 2360K, capacity 2449K, committed 2560K, reserved 1048576K
GC Heap History (10 events):
Event: 3.056 GC heap before
{Heap before GC invocations=2 (full 0):
 PSYoungGen      total 38400K, used 38398K [0x0000000795580000, 0x000000079a080000, 0x00000007c0000000)
  eden space 33280K, 100% used [0x0000000795580000,0x0000000797600000,0x0000000797600000)
  from space 5120K, 99% used [0x0000000797600000,0x0000000797aff8c0,0x0000000797b00000)
  to   space 5120K, 0% used [0x0000000799b80000,0x0000000799b80000,0x000000079a080000)
 ParOldGen       total 87552K, used 4607K [0x0000000740000000, 0x0000000745580000, 0x0000000795580000)
  object space 87552K, 5% used [0x0000000740000000,0x000000074047fea8,0x0000000745580000)
 Metaspace       used 14997K, capacity 15268K, committed 15360K, reserved 1062912K
  class space    used 1947K, capacity 2030K, committed 2048K, reserved 1048576K
Event: 3.077 GC heap after
Heap after GC invocations=2 (full 0):
 PSYoungGen      total 71680K, used 5097K [0x0000000795580000, 0x000000079a080000, 0x00000007c0000000)
  eden space 66560K, 0% used [0x0000000795580000,0x0000000795580000,0x0000000799680000)
  from space 5120K, 99% used [0x0000000799b80000,0x000000079a07a608,0x000000079a080000)
  to   space 5120K, 0% used [0x0000000799680000,0x0000000799680000,0x0000000799b80000)
 ParOldGen       total 87552K, used 5994K [0x0000000740000000, 0x0000000745580000, 0x0000000795580000)
  object space 87552K, 6% used [0x0000000740000000,0x00000007405da958,0x0000000745580000)
 Metaspace       used 14997K, capacity 15268K, committed 15360K, reserved 1062912K
  class space    used 1947K, capacity 2030K, committed 2048K, reserved 1048576K
}
Event: 4.396 GC heap before
{Heap before GC invocations=3 (full 0):
 PSYoungGen      total 71680K, used 71657K [0x0000000795580000, 0x000000079a080000, 0x00000007c0000000)
  eden space 66560K, 100% used [0x0000000795580000,0x0000000799680000,0x0000000799680000)
  from space 5120K, 99% used [0x0000000799b80000,0x000000079a07a608,0x000000079a080000)
  to   space 5120K, 0% used [0x0000000799680000,0x0000000799680000,0x0000000799b80000)
 ParOldGen       total 87552K, used 5994K [0x0000000740000000, 0x0000000745580000, 0x0000000795580000)
  object space 87552K, 6% used [0x0000000740000000,0x00000007405da958,0x0000000745580000)
 Metaspace       used 15002K, capacity 15268K, committed 15360K, reserved 1062912K
  class space    used 1947K, capacity 2030K, committed 2048K, reserved 1048576K
Event: 4.427 GC heap after
Heap after GC invocations=3 (full 0):
 PSYoungGen      total 71680K, used 5113K [0x0000000795580000, 0x000000079e180000, 0x00000007c0000000)
  eden space 66560K, 0% used [0x0000000795580000,0x0000000795580000,0x0000000799680000)
  from space 5120K, 99% used [0x0000000799680000,0x0000000799b7e618,0x0000000799b80000)
  to   space 5120K, 0% used [0x000000079dc80000,0x000000079dc80000,0x000000079e180000)
 ParOldGen       total 87552K, used 7850K [0x0000000740000000, 0x0000000745580000, 0x0000000795580000)
  object space 87552K, 8% used [0x0000000740000000,0x00000007407aa998,0x0000000745580000)
 Metaspace       used 15002K, capacity 15268K, committed 15360K, reserved 1062912K
  class space    used 1947K, capacity 2030K, committed 2048K, reserved 1048576K
}
Event: 5.687 GC heap before
{Heap before GC invocations=4 (full 0):
 PSYoungGen      total 71680K, used 71673K [0x0000000795580000, 0x000000079e180000, 0x00000007c0000000)
  eden space 66560K, 100% used [0x0000000795580000,0x0000000799680000,0x0000000799680000)
  from space 5120K, 99% used [0x0000000799680000,0x0000000799b7e618,0x0000000799b80000)
  to   space 5120K, 0% used [0x000000079dc80000,0x000000079dc80000,0x000000079e180000)
 ParOldGen       total 87552K, used 7850K [0x0000000740000000, 0x0000000745580000, 0x0000000795580000)
  object space 87552K, 8% used [0x0000000740000000,0x00000007407aa998,0x0000000745580000)
 Metaspace       used 15172K, capacity 15428K, committed 15744K, reserved 1062912K
  class space    used 1977K, capacity 2062K, committed 2176K, reserved 1048576K
Event: 5.721 GC heap after
Heap after GC invocations=4 (full 0):
 PSYoungGen      total 138240K, used 5097K [0x0000000795580000, 0x000000079e180000, 0x00000007c0000000)
  eden space 133120K, 0% used [0x0000000795580000,0x0000000795580000,0x000000079d780000)
  from space 5120K, 99% used [0x000000079dc80000,0x000000079e17a5e8,0x000000079e180000)
  to   space 5120K, 0% used [0x000000079d780000,0x000000079d780000,0x000000079dc80000)
 ParOldGen       total 87552K, used 10076K [0x0000000740000000, 0x0000000745580000, 0x0000000795580000)
  object space 87552K, 11% used [0x0000000740000000,0x00000007409d7310,0x0000000745580000)
 Metaspace       used 15172K, capacity 15428K, committed 15744K, reserved 1062912K
  class space    used 1977K, capacity 2062K, committed 2176K, reserved 1048576K
}
Event: 7.265 GC heap before
{Heap before GC invocations=5 (full 0):
 PSYoungGen      total 138240K, used 138217K [0x0000000795580000, 0x000000079e180000, 0x00000007c0000000)
  eden space 133120K, 100% used [0x0000000795580000,0x000000079d780000,0x000000079d780000)
  from space 5120K, 99% used [0x000000079dc80000,0x000000079e17a5e8,0x000000079e180000)
  to   space 5120K, 0% used [0x000000079d780000,0x000000079d780000,0x000000079dc80000)
 ParOldGen       total 87552K, used 10076K [0x0000000740000000, 0x0000000745580000, 0x0000000795580000)
  object space 87552K, 11% used [0x0000000740000000,0x00000007409d7310,0x0000000745580000)
 Metaspace       used 15186K, capacity 15428K, committed 15744K, reserved 1062912K
  class space    used 1977K, capacity 2062K, committed 2176K, reserved 1048576K
Event: 7.328 GC heap after
Heap after GC invocations=5 (full 0):
 PSYoungGen      total 138240K, used 5113K [0x0000000795580000, 0x00000007a7080000, 0x00000007c0000000)
  eden space 133120K, 0% used [0x0000000795580000,0x0000000795580000,0x000000079d780000)
  from space 5120K, 99% used [0x000000079d780000,0x000000079dc7e5d8,0x000000079dc80000)
  to   space 11776K, 0% used [0x00000007a6500000,0x00000007a6500000,0x00000007a7080000)
 ParOldGen       total 87552K, used 16172K [0x0000000740000000, 0x0000000745580000, 0x0000000795580000)
  object space 87552K, 18% used [0x0000000740000000,0x0000000740fcb350,0x0000000745580000)
 Metaspace       used 15186K, capacity 15428K, committed 15744K, reserved 1062912K
  class space    used 1977K, capacity 2062K, committed 2176K, reserved 1048576K
}
Event: 8.435 GC heap before
{Heap before GC invocations=6 (full 0):
 PSYoungGen      total 138240K, used 138233K [0x0000000795580000, 0x00000007a7080000, 0x00000007c0000000)
  eden space 133120K, 100% used [0x0000000795580000,0x000000079d780000,0x000000079d780000)
  from space 5120K, 99% used [0x000000079d780000,0x000000079dc7e5d8,0x000000079dc80000)
  to   space 11776K, 0% used [0x00000007a6500000,0x00000007a6500000,0x00000007a7080000)
 ParOldGen       total 87552K, used 16172K [0x0000000740000000, 0x0000000745580000, 0x0000000795580000)
  object space 87552K, 18% used [0x0000000740000000,0x0000000740fcb350,0x0000000745580000)
 Metaspace       used 15205K, capacity 15496K, committed 15744K, reserved 1062912K
  class space    used 1977K, capacity 2062K, committed 2176K, reserved 1048576K
Event: 8.484 GC heap after
Heap after GC invocations=6 (full 0):
 PSYoungGen      total 278016K, used 7513K [0x0000000795580000, 0x00000007a7080000, 0x00000007c0000000)
  eden space 266240K, 0% used [0x0000000795580000,0x0000000795580000,0x00000007a5980000)
  from space 11776K, 63% used [0x00000007a6500000,0x00000007a6c56608,0x00000007a7080000)
  to   space 11776K, 0% used [0x00000007a5980000,0x00000007a5980000,0x00000007a6500000)
 ParOldGen       total 87552K, used 16172K [0x0000000740000000, 0x0000000745580000, 0x0000000795580000)
  object space 87552K, 18% used [0x0000000740000000,0x0000000740fcb350,0x0000000745580000)
 Metaspace       used 15205K, capacity 15496K, committed 15744K, reserved 1062912K
  class space    used 1977K, capacity 2062K, committed 2176K, reserved 1048576K
}

