# JRE version: Java(TM) SE Runtime Environment (8.0_161-b12) (build 1.8.0_161-b12)
# Java VM: Java HotSpot(TM) 64-Bit Server VM (25.161-b12 mixed mode bsd-amd64 compressed oops)
Heap:
 PSYoungGen      total 612352K, used 61651K [0x0000000795580000, 0x00000007be880000, 0x00000007c0000000)
  eden space 611840K, 9% used [0x0000000795580000,0x000000079913cf38,0x00000007bab00000)
  from space 512K, 93% used [0x00000007be800000,0x00000007be878000,0x00000007be880000)
  to   space 11776K, 0% used [0x00000007bd180000,0x00000007bd180000,0x00000007bdd00000)
 ParOldGen       total 87552K, used 22040K [0x0000000740000000, 0x0000000745580000, 0x0000000795580000)
  object space 87552K, 25% used [0x0000000740000000,0x00000007415860e8,0x0000000745580000)
 Metaspace       used 19192K, capacity 19472K, committed 19712K, reserved 1067008K
  class space    used 2394K, capacity 2482K, committed 2560K, reserved 1048576K
GC Heap History (10 events):
Event: 67.475 GC heap before
{Heap before GC invocations=18 (full 0):
 PSYoungGen      total 391168K, used 380992K [0x0000000795580000, 0x00000007b7380000, 0x00000007c0000000)
  eden space 378880K, 100% used [0x0000000795580000,0x00000007ac780000,0x00000007ac780000)
  from space 12288K, 17% used [0x00000007ac780000,0x00000007ac990000,0x00000007ad380000)
  to   space 12288K, 0% used [0x00000007b6780000,0x00000007b6780000,0x00000007b7380000)
 ParOldGen       total 87552K, used 20952K [0x0000000740000000, 0x0000000745580000, 0x0000000795580000)
  object space 87552K, 23% used [0x0000000740000000,0x0000000741476068,0x0000000745580000)
 Metaspace       used 15307K, capacity 15594K, committed 15744K, reserved 1062912K
  class space    used 1977K, capacity 2065K, committed 2176K, reserved 1048576K
Event: 67.560 GC heap after
Heap after GC invocations=18 (full 0):
 PSYoungGen      total 542208K, used 8032K [0x0000000795580000, 0x00000007b7480000, 0x00000007c0000000)
  eden space 529920K, 0% used [0x0000000795580000,0x0000000795580000,0x00000007b5b00000)
  from space 12288K, 65% used [0x00000007b6780000,0x00000007b6f58010,0x00000007b7380000)
  to   space 12800K, 0% used [0x00000007b5b00000,0x00000007b5b00000,0x00000007b6780000)
 ParOldGen       total 87552K, used 21224K [0x0000000740000000, 0x0000000745580000, 0x0000000795580000)
  object space 87552K, 24% used [0x0000000740000000,0x00000007414ba0a8,0x0000000745580000)
 Metaspace       used 15307K, capacity 15594K, committed 15744K, reserved 1062912K
  class space    used 1977K, capacity 2065K, committed 2176K, reserved 1048576K
}
Event: 76.005 GC heap before
{Heap before GC invocations=19 (full 0):
 PSYoungGen      total 542208K, used 537952K [0x0000000795580000, 0x00000007b7480000, 0x00000007c0000000)
  eden space 529920K, 100% used [0x0000000795580000,0x00000007b5b00000,0x00000007b5b00000)
  from space 12288K, 65% used [0x00000007b6780000,0x00000007b6f58010,0x00000007b7380000)
  to   space 12800K, 0% used [0x00000007b5b00000,0x00000007b5b00000,0x00000007b6780000)
 ParOldGen       total 87552K, used 21224K [0x0000000740000000, 0x0000000745580000, 0x0000000795580000)
  object space 87552K, 24% used [0x0000000740000000,0x00000007414ba0a8,0x0000000745580000)
 Metaspace       used 15340K, capacity 15600K, committed 15744K, reserved 1062912K
  class space    used 1980K, capacity 2066K, committed 2176K, reserved 1048576K
Event: 76.049 GC heap after
Heap after GC invocations=19 (full 0):
 PSYoungGen      total 542720K, used 2080K [0x0000000795580000, 0x00000007bff80000, 0x00000007c0000000)
  eden space 529920K, 0% used [0x0000000795580000,0x0000000795580000,0x00000007b5b00000)
  from space 12800K, 16% used [0x00000007b5b00000,0x00000007b5d08000,0x00000007b6780000)
  to   space 12288K, 0% used [0x00000007bf380000,0x00000007bf380000,0x00000007bff80000)
 ParOldGen       total 87552K, used 21632K [0x0000000740000000, 0x0000000745580000, 0x0000000795580000)
  object space 87552K, 24% used [0x0000000740000000,0x00000007415200a8,0x0000000745580000)
 Metaspace       used 15340K, capacity 15600K, committed 15744K, reserved 1062912K
  class space    used 1980K, capacity 2066K, committed 2176K, reserved 1048576K
}
Event: 87.138 GC heap before
{Heap before GC invocations=20 (full 0):
 PSYoungGen      total 542720K, used 532000K [0x0000000795580000, 0x00000007bff80000, 0x00000007c0000000)
  eden space 529920K, 100% used [0x0000000795580000,0x00000007b5b00000,0x00000007b5b00000)
  from space 12800K, 16% used [0x00000007b5b00000,0x00000007b5d08000,0x00000007b6780000)
  to   space 12288K, 0% used [0x00000007bf380000,0x00000007bf380000,0x00000007bff80000)
 ParOldGen       total 87552K, used 21632K [0x0000000740000000, 0x0000000745580000, 0x0000000795580000)
  object space 87552K, 24% used [0x0000000740000000,0x00000007415200a8,0x0000000745580000)
 Metaspace       used 15355K, capacity 15664K, committed 16000K, reserved 1062912K
  class space    used 1980K, capacity 2066K, committed 2176K, reserved 1048576K
Event: 87.154 GC heap after
Heap after GC invocations=20 (full 0):
 PSYoungGen      total 686080K, used 480K [0x0000000795580000, 0x00000007bff80000, 0x00000007c0000000)
  eden space 673792K, 0% used [0x0000000795580000,0x0000000795580000,0x00000007be780000)
  from space 12288K, 3% used [0x00000007bf380000,0x00000007bf3f8000,0x00000007bff80000)
  to   space 12288K, 0% used [0x00000007be780000,0x00000007be780000,0x00000007bf380000)
 ParOldGen       total 87552K, used 21880K [0x0000000740000000, 0x0000000745580000, 0x0000000795580000)
  object space 87552K, 24% used [0x0000000740000000,0x000000074155e0e8,0x0000000745580000)
 Metaspace       used 15355K, capacity 15664K, committed 16000K, reserved 1062912K
  class space    used 1980K, capacity 2066K, committed 2176K, reserved 1048576K
}
Event: 99.826 GC heap before
{Heap before GC invocations=21 (full 0):
 PSYoungGen      total 686080K, used 674272K [0x0000000795580000, 0x00000007bff80000, 0x00000007c0000000)
  eden space 673792K, 100% used [0x0000000795580000,0x00000007be780000,0x00000007be780000)
  from space 12288K, 3% used [0x00000007bf380000,0x00000007bf3f8000,0x00000007bff80000)
  to   space 12288K, 0% used [0x00000007be780000,0x00000007be780000,0x00000007bf380000)
 ParOldGen       total 87552K, used 21880K [0x0000000740000000, 0x0000000745580000, 0x0000000795580000)
  object space 87552K, 24% used [0x0000000740000000,0x000000074155e0e8,0x0000000745580000)
 Metaspace       used 15360K, capacity 15664K, committed 16000K, reserved 1062912K
  class space    used 1980K, capacity 2066K, committed 2176K, reserved 1048576K
Event: 99.841 GC heap after
Heap after GC invocations=21 (full 0):
 PSYoungGen      total 642560K, used 480K [0x0000000795580000, 0x00000007bf400000, 0x00000007c0000000)
  eden space 642048K, 0% used [0x0000000795580000,0x0000000795580000,0x00000007bc880000)
  from space 512K, 93% used [0x00000007be780000,0x00000007be7f8000,0x00000007be800000)
  to   space 12288K, 0% used [0x00000007be800000,0x00000007be800000,0x00000007bf400000)
 ParOldGen       total 87552K, used 21960K [0x0000000740000000, 0x0000000745580000, 0x0000000795580000)
  object space 87552K, 25% used [0x0000000740000000,0x00000007415720e8,0x0000000745580000)
 Metaspace       used 15360K, capacity 15664K, committed 16000K, reserved 1062912K
  class space    used 1980K, capacity 2066K, committed 2176K, reserved 1048576K
}
Event: 110.103 GC heap before
{Heap before GC invocations=22 (full 0):
 PSYoungGen      total 642560K, used 642528K [0x0000000795580000, 0x00000007bf400000, 0x00000007c0000000)
  eden space 642048K, 100% used [0x0000000795580000,0x00000007bc880000,0x00000007bc880000)
  from space 512K, 93% used [0x00000007be780000,0x00000007be7f8000,0x00000007be800000)
  to   space 12288K, 0% used [0x00000007be800000,0x00000007be800000,0x00000007bf400000)
 ParOldGen       total 87552K, used 21960K [0x0000000740000000, 0x0000000745580000, 0x0000000795580000)
  object space 87552K, 25% used [0x0000000740000000,0x00000007415720e8,0x0000000745580000)
 Metaspace       used 15362K, capacity 15664K, committed 16000K, reserved 1062912K
  class space    used 1980K, capacity 2066K, committed 2176K, reserved 1048576K
Event: 110.120 GC heap after
Heap after GC invocations=22 (full 0):
 PSYoungGen      total 612352K, used 480K [0x0000000795580000, 0x00000007be880000, 0x00000007c0000000)
  eden space 611840K, 0% used [0x0000000795580000,0x0000000795580000,0x00000007bab00000)
  from space 512K, 93% used [0x00000007be800000,0x00000007be878000,0x00000007be880000)
  to   space 11776K, 0% used [0x00000007bd180000,0x00000007bd180000,0x00000007bdd00000)
 ParOldGen       total 87552K, used 22040K [0x0000000740000000, 0x0000000745580000, 0x0000000795580000)
  object space 87552K, 25% used [0x0000000740000000,0x00000007415860e8,0x0000000745580000)
 Metaspace       used 15362K, capacity 15664K, committed 16000K, reserved 1062912K
  class space    used 1980K, capacity 2066K, committed 2176K, reserved 1048576K
}

