# JRE version: Java(TM) SE Runtime Environment (8.0_161-b12) (build 1.8.0_161-b12)
# Java VM: Java HotSpot(TM) 64-Bit Server VM (25.161-b12 mixed mode bsd-amd64 compressed oops)
Heap:
 PSYoungGen      total 282624K, used 272512K [0x0000000795580000, 0x00000007a7b80000, 0x00000007c0000000)
  eden space 265728K, 100% used [0x0000000795580000,0x00000007a5900000,0x00000007a5900000)
  from space 16896K, 40% used [0x00000007a6a00000,0x00000007a70a0020,0x00000007a7a80000)
  to   space 17408K, 10% used [0x00000007a5900000,0x00000007a5ac8020,0x00000007a6a00000)
 ParOldGen       total 87552K, used 35760K [0x0000000740000000, 0x0000000745580000, 0x0000000795580000)
  object space 87552K, 40% used [0x0000000740000000,0x00000007422ec080,0x0000000745580000)
 Metaspace       used 19086K, capacity 19320K, committed 19456K, reserved 1067008K
  class space    used 2393K, capacity 2478K, committed 2560K, reserved 1048576K
GC Heap History (10 events):
Event: 3.760 GC heap after
Heap after GC invocations=2 (full 0):
 PSYoungGen      total 71680K, used 5107K [0x0000000795580000, 0x000000079a080000, 0x00000007c0000000)
  eden space 66560K, 0% used [0x0000000795580000,0x0000000795580000,0x0000000799680000)
  from space 5120K, 99% used [0x0000000799b80000,0x000000079a07cf68,0x000000079a080000)
  to   space 5120K, 0% used [0x0000000799680000,0x0000000799680000,0x0000000799b80000)
 ParOldGen       total 87552K, used 9245K [0x0000000740000000, 0x0000000745580000, 0x0000000795580000)
  object space 87552K, 10% used [0x0000000740000000,0x0000000740907668,0x0000000745580000)
 Metaspace       used 14891K, capacity 15130K, committed 15360K, reserved 1062912K
  class space    used 1938K, capacity 2027K, committed 2048K, reserved 1048576K
}
Event: 5.960 GC heap before
{Heap before GC invocations=3 (full 0):
 PSYoungGen      total 71680K, used 71667K [0x0000000795580000, 0x000000079a080000, 0x00000007c0000000)
  eden space 66560K, 100% used [0x0000000795580000,0x0000000799680000,0x0000000799680000)
  from space 5120K, 99% used [0x0000000799b80000,0x000000079a07cf68,0x000000079a080000)
  to   space 5120K, 0% used [0x0000000799680000,0x0000000799680000,0x0000000799b80000)
 ParOldGen       total 87552K, used 9245K [0x0000000740000000, 0x0000000745580000, 0x0000000795580000)
  object space 87552K, 10% used [0x0000000740000000,0x0000000740907668,0x0000000745580000)
 Metaspace       used 14969K, capacity 15268K, committed 15360K, reserved 1062912K
  class space    used 1942K, capacity 2030K, committed 2048K, reserved 1048576K
Event: 6.085 GC heap after
Heap after GC invocations=3 (full 0):
 PSYoungGen      total 71680K, used 5097K [0x0000000795580000, 0x000000079e180000, 0x00000007c0000000)
  eden space 66560K, 0% used [0x0000000795580000,0x0000000795580000,0x0000000799680000)
  from space 5120K, 99% used [0x0000000799680000,0x0000000799b7a638,0x0000000799b80000)
  to   space 5120K, 0% used [0x000000079dc80000,0x000000079dc80000,0x000000079e180000)
 ParOldGen       total 87552K, used 21278K [0x0000000740000000, 0x0000000745580000, 0x0000000795580000)
  object space 87552K, 24% used [0x0000000740000000,0x00000007414c7a38,0x0000000745580000)
 Metaspace       used 14969K, capacity 15268K, committed 15360K, reserved 1062912K
  class space    used 1942K, capacity 2030K, committed 2048K, reserved 1048576K
}
Event: 7.115 GC heap before
{Heap before GC invocations=4 (full 0):
 PSYoungGen      total 71680K, used 71657K [0x0000000795580000, 0x000000079e180000, 0x00000007c0000000)
  eden space 66560K, 100% used [0x0000000795580000,0x0000000799680000,0x0000000799680000)
  from space 5120K, 99% used [0x0000000799680000,0x0000000799b7a638,0x0000000799b80000)
  to   space 5120K, 0% used [0x000000079dc80000,0x000000079dc80000,0x000000079e180000)
 ParOldGen       total 87552K, used 21278K [0x0000000740000000, 0x0000000745580000, 0x0000000795580000)
  object space 87552K, 24% used [0x0000000740000000,0x00000007414c7a38,0x0000000745580000)
 Metaspace       used 14999K, capacity 15268K, committed 15360K, reserved 1062912K
  class space    used 1942K, capacity 2030K, committed 2048K, reserved 1048576K
Event: 7.185 GC heap after
Heap after GC invocations=4 (full 0):
 PSYoungGen      total 138240K, used 5097K [0x0000000795580000, 0x000000079e180000, 0x00000007c0000000)
  eden space 133120K, 0% used [0x0000000795580000,0x0000000795580000,0x000000079d780000)
  from space 5120K, 99% used [0x000000079dc80000,0x000000079e17a5f8,0x000000079e180000)
  to   space 5120K, 0% used [0x000000079d780000,0x000000079d780000,0x000000079dc80000)
 ParOldGen       total 87552K, used 25898K [0x0000000740000000, 0x0000000745580000, 0x0000000795580000)
  object space 87552K, 29% used [0x0000000740000000,0x000000074194aac8,0x0000000745580000)
 Metaspace       used 14999K, capacity 15268K, committed 15360K, reserved 1062912K
  class space    used 1942K, capacity 2030K, committed 2048K, reserved 1048576K
}
Event: 9.031 GC heap before
{Heap before GC invocations=5 (full 0):
 PSYoungGen      total 138240K, used 138217K [0x0000000795580000, 0x000000079e180000, 0x00000007c0000000)
  eden space 133120K, 100% used [0x0000000795580000,0x000000079d780000,0x000000079d780000)
  from space 5120K, 99% used [0x000000079dc80000,0x000000079e17a5f8,0x000000079e180000)
  to   space 5120K, 0% used [0x000000079d780000,0x000000079d780000,0x000000079dc80000)
 ParOldGen       total 87552K, used 25898K [0x0000000740000000, 0x0000000745580000, 0x0000000795580000)
  object space 87552K, 29% used [0x0000000740000000,0x000000074194aac8,0x0000000745580000)
 Metaspace       used 15168K, capacity 15444K, committed 15744K, reserved 1062912K
  class space    used 1972K, capacity 2062K, committed 2176K, reserved 1048576K
Event: 9.144 GC heap after
Heap after GC invocations=5 (full 0):
 PSYoungGen      total 138240K, used 5104K [0x0000000795580000, 0x00000007a7a80000, 0x00000007c0000000)
  eden space 133120K, 0% used [0x0000000795580000,0x0000000795580000,0x000000079d780000)
  from space 5120K, 99% used [0x000000079d780000,0x000000079dc7c040,0x000000079dc80000)
  to   space 16896K, 0% used [0x00000007a6a00000,0x00000007a6a00000,0x00000007a7a80000)
 ParOldGen       total 87552K, used 33977K [0x0000000740000000, 0x0000000745580000, 0x0000000795580000)
  object space 87552K, 38% used [0x0000000740000000,0x000000074212e718,0x0000000745580000)
 Metaspace       used 15168K, capacity 15444K, committed 15744K, reserved 1062912K
  class space    used 1972K, capacity 2062K, committed 2176K, reserved 1048576K
}
Event: 10.706 GC heap before
{Heap before GC invocations=6 (full 0):
 PSYoungGen      total 138240K, used 138224K [0x0000000795580000, 0x00000007a7a80000, 0x00000007c0000000)
  eden space 133120K, 100% used [0x0000000795580000,0x000000079d780000,0x000000079d780000)
  from space 5120K, 99% used [0x000000079d780000,0x000000079dc7c040,0x000000079dc80000)
  to   space 16896K, 0% used [0x00000007a6a00000,0x00000007a6a00000,0x00000007a7a80000)
 ParOldGen       total 87552K, used 33977K [0x0000000740000000, 0x0000000745580000, 0x0000000795580000)
  object space 87552K, 38% used [0x0000000740000000,0x000000074212e718,0x0000000745580000)
 Metaspace       used 15183K, capacity 15444K, committed 15744K, reserved 1062912K
  class space    used 1972K, capacity 2062K, committed 2176K, reserved 1048576K
Event: 10.781 GC heap after
Heap after GC invocations=6 (full 0):
 PSYoungGen      total 282624K, used 6784K [0x0000000795580000, 0x00000007a7b80000, 0x00000007c0000000)
  eden space 265728K, 0% used [0x0000000795580000,0x0000000795580000,0x00000007a5900000)
  from space 16896K, 40% used [0x00000007a6a00000,0x00000007a70a0020,0x00000007a7a80000)
  to   space 17408K, 0% used [0x00000007a5900000,0x00000007a5900000,0x00000007a6a00000)
 ParOldGen       total 87552K, used 33977K [0x0000000740000000, 0x0000000745580000, 0x0000000795580000)
  object space 87552K, 38% used [0x0000000740000000,0x000000074212e718,0x0000000745580000)
 Metaspace       used 15183K, capacity 15444K, committed 15744K, reserved 1062912K
  class space    used 1972K, capacity 2062K, committed 2176K, reserved 1048576K
}
Event: 14.925 GC heap before
{Heap before GC invocations=7 (full 0):
 PSYoungGen      total 282624K, used 272512K [0x0000000795580000, 0x00000007a7b80000, 0x00000007c0000000)
  eden space 265728K, 100% used [0x0000000795580000,0x00000007a5900000,0x00000007a5900000)
  from space 16896K, 40% used [0x00000007a6a00000,0x00000007a70a0020,0x00000007a7a80000)
  to   space 17408K, 0% used [0x00000007a5900000,0x00000007a5900000,0x00000007a6a00000)
 ParOldGen       total 87552K, used 33977K [0x0000000740000000, 0x0000000745580000, 0x0000000795580000)
  object space 87552K, 38% used [0x0000000740000000,0x000000074212e718,0x0000000745580000)
 Metaspace       used 19086K, capacity 19320K, committed 19456K, reserved 1067008K
  class space    used 2393K, capacity 2478K, committed 2560K, reserved 1048576K

