# JRE version: Java(TM) SE Runtime Environment (8.0_161-b12) (build 1.8.0_161-b12)
# Java VM: Java HotSpot(TM) 64-Bit Server VM (25.161-b12 mixed mode bsd-amd64 compressed oops)
Heap:
 PSYoungGen      total 680448K, used 569090K [0x0000000795580000, 0x00000007c0000000, 0x00000007c0000000)
  eden space 662016K, 85% used [0x0000000795580000,0x00000007b80d0a58,0x00000007bdc00000)
  from space 18432K, 2% used [0x00000007bdc00000,0x00000007bdc70000,0x00000007bee00000)
  to   space 18432K, 0% used [0x00000007bee00000,0x00000007bee00000,0x00000007c0000000)
 ParOldGen       total 87552K, used 37729K [0x0000000740000000, 0x0000000745580000, 0x0000000795580000)
  object space 87552K, 43% used [0x0000000740000000,0x00000007424d87c0,0x0000000745580000)
 Metaspace       used 18869K, capacity 19184K, committed 19456K, reserved 1067008K
  class space    used 2356K, capacity 2450K, committed 2560K, reserved 1048576K
GC Heap History (10 events):
Event: 9.284 GC heap before
{Heap before GC invocations=7 (full 0):
 PSYoungGen      total 281600K, used 272684K [0x0000000795580000, 0x00000007a7980000, 0x00000007c0000000)
  eden space 265728K, 100% used [0x0000000795580000,0x00000007a5900000,0x00000007a5900000)
  from space 15872K, 43% used [0x00000007a6900000,0x00000007a6fcb3b0,0x00000007a7880000)
  to   space 16384K, 0% used [0x00000007a5900000,0x00000007a5900000,0x00000007a6900000)
 ParOldGen       total 87552K, used 30891K [0x0000000740000000, 0x0000000745580000, 0x0000000795580000)
  object space 87552K, 35% used [0x0000000740000000,0x0000000741e2ae10,0x0000000745580000)
 Metaspace       used 15255K, capacity 15530K, committed 15744K, reserved 1062912K
  class space    used 1978K, capacity 2065K, committed 2176K, reserved 1048576K
Event: 9.333 GC heap after
Heap after GC invocations=7 (full 0):
 PSYoungGen      total 282112K, used 2880K [0x0000000795580000, 0x00000007b7e80000, 0x00000007c0000000)
  eden space 265728K, 0% used [0x0000000795580000,0x0000000795580000,0x00000007a5900000)
  from space 16384K, 17% used [0x00000007a5900000,0x00000007a5bd0030,0x00000007a6900000)
  to   space 17408K, 0% used [0x00000007b6d80000,0x00000007b6d80000,0x00000007b7e80000)
 ParOldGen       total 87552K, used 35477K [0x0000000740000000, 0x0000000745580000, 0x0000000795580000)
  object space 87552K, 40% used [0x0000000740000000,0x00000007422a5700,0x0000000745580000)
 Metaspace       used 15255K, capacity 15530K, committed 15744K, reserved 1062912K
  class space    used 1978K, capacity 2065K, committed 2176K, reserved 1048576K
}
Event: 9.785 GC heap before
{Heap before GC invocations=8 (full 0):
 PSYoungGen      total 282112K, used 268608K [0x0000000795580000, 0x00000007b7e80000, 0x00000007c0000000)
  eden space 265728K, 100% used [0x0000000795580000,0x00000007a5900000,0x00000007a5900000)
  from space 16384K, 17% used [0x00000007a5900000,0x00000007a5bd0030,0x00000007a6900000)
  to   space 17408K, 0% used [0x00000007b6d80000,0x00000007b6d80000,0x00000007b7e80000)
 ParOldGen       total 87552K, used 35477K [0x0000000740000000, 0x0000000745580000, 0x0000000795580000)
  object space 87552K, 40% used [0x0000000740000000,0x00000007422a5700,0x0000000745580000)
 Metaspace       used 15255K, capacity 15530K, committed 15744K, reserved 1062912K
  class space    used 1978K, capacity 2065K, committed 2176K, reserved 1048576K
Event: 9.800 GC heap after
Heap after GC invocations=8 (full 0):
 PSYoungGen      total 548352K, used 2720K [0x0000000795580000, 0x00000007b7f80000, 0x00000007c0000000)
  eden space 530944K, 0% used [0x0000000795580000,0x0000000795580000,0x00000007b5c00000)
  from space 17408K, 15% used [0x00000007b6d80000,0x00000007b7028030,0x00000007b7e80000)
  to   space 17920K, 0% used [0x00000007b5c00000,0x00000007b5c00000,0x00000007b6d80000)
 ParOldGen       total 87552K, used 35589K [0x0000000740000000, 0x0000000745580000, 0x0000000795580000)
  object space 87552K, 40% used [0x0000000740000000,0x00000007422c1720,0x0000000745580000)
 Metaspace       used 15255K, capacity 15530K, committed 15744K, reserved 1062912K
  class space    used 1978K, capacity 2065K, committed 2176K, reserved 1048576K
}
Event: 13.858 GC heap before
{Heap before GC invocations=9 (full 0):
 PSYoungGen      total 548352K, used 533664K [0x0000000795580000, 0x00000007b7f80000, 0x00000007c0000000)
  eden space 530944K, 100% used [0x0000000795580000,0x00000007b5c00000,0x00000007b5c00000)
  from space 17408K, 15% used [0x00000007b6d80000,0x00000007b7028030,0x00000007b7e80000)
  to   space 17920K, 0% used [0x00000007b5c00000,0x00000007b5c00000,0x00000007b6d80000)
 ParOldGen       total 87552K, used 35589K [0x0000000740000000, 0x0000000745580000, 0x0000000795580000)
  object space 87552K, 40% used [0x0000000740000000,0x00000007422c1720,0x0000000745580000)
 Metaspace       used 15299K, capacity 15600K, committed 15744K, reserved 1062912K
  class space    used 1981K, capacity 2066K, committed 2176K, reserved 1048576K
Event: 13.874 GC heap after
Heap after GC invocations=9 (full 0):
 PSYoungGen      total 548864K, used 992K [0x0000000795580000, 0x00000007c0000000, 0x00000007c0000000)
  eden space 530944K, 0% used [0x0000000795580000,0x0000000795580000,0x00000007b5c00000)
  from space 17920K, 5% used [0x00000007b5c00000,0x00000007b5cf8000,0x00000007b6d80000)
  to   space 18432K, 0% used [0x00000007bee00000,0x00000007bee00000,0x00000007c0000000)
 ParOldGen       total 87552K, used 37429K [0x0000000740000000, 0x0000000745580000, 0x0000000795580000)
  object space 87552K, 42% used [0x0000000740000000,0x000000074248d790,0x0000000745580000)
 Metaspace       used 15299K, capacity 15600K, committed 15744K, reserved 1062912K
  class space    used 1981K, capacity 2066K, committed 2176K, reserved 1048576K
}
Event: 16.862 GC heap before
{Heap before GC invocations=10 (full 0):
 PSYoungGen      total 548864K, used 531936K [0x0000000795580000, 0x00000007c0000000, 0x00000007c0000000)
  eden space 530944K, 100% used [0x0000000795580000,0x00000007b5c00000,0x00000007b5c00000)
  from space 17920K, 5% used [0x00000007b5c00000,0x00000007b5cf8000,0x00000007b6d80000)
  to   space 18432K, 0% used [0x00000007bee00000,0x00000007bee00000,0x00000007c0000000)
 ParOldGen       total 87552K, used 37429K [0x0000000740000000, 0x0000000745580000, 0x0000000795580000)
  object space 87552K, 42% used [0x0000000740000000,0x000000074248d790,0x0000000745580000)
 Metaspace       used 15311K, capacity 15600K, committed 15744K, reserved 1062912K
  class space    used 1981K, capacity 2066K, committed 2176K, reserved 1048576K
Event: 16.869 GC heap after
Heap after GC invocations=10 (full 0):
 PSYoungGen      total 680448K, used 480K [0x0000000795580000, 0x00000007c0000000, 0x00000007c0000000)
  eden space 662016K, 0% used [0x0000000795580000,0x0000000795580000,0x00000007bdc00000)
  from space 18432K, 2% used [0x00000007bee00000,0x00000007bee78000,0x00000007c0000000)
  to   space 18432K, 0% used [0x00000007bdc00000,0x00000007bdc00000,0x00000007bee00000)
 ParOldGen       total 87552K, used 37601K [0x0000000740000000, 0x0000000745580000, 0x0000000795580000)
  object space 87552K, 42% used [0x0000000740000000,0x00000007424b87c0,0x0000000745580000)
 Metaspace       used 15311K, capacity 15600K, committed 15744K, reserved 1062912K
  class space    used 1981K, capacity 2066K, committed 2176K, reserved 1048576K
}
Event: 21.019 GC heap before
{Heap before GC invocations=11 (full 0):
 PSYoungGen      total 680448K, used 662496K [0x0000000795580000, 0x00000007c0000000, 0x00000007c0000000)
  eden space 662016K, 100% used [0x0000000795580000,0x00000007bdc00000,0x00000007bdc00000)
  from space 18432K, 2% used [0x00000007bee00000,0x00000007bee78000,0x00000007c0000000)
  to   space 18432K, 0% used [0x00000007bdc00000,0x00000007bdc00000,0x00000007bee00000)
 ParOldGen       total 87552K, used 37601K [0x0000000740000000, 0x0000000745580000, 0x0000000795580000)
  object space 87552K, 42% used [0x0000000740000000,0x00000007424b87c0,0x0000000745580000)
 Metaspace       used 15316K, capacity 15600K, committed 15744K, reserved 1062912K
  class space    used 1981K, capacity 2066K, committed 2176K, reserved 1048576K
Event: 21.025 GC heap after
Heap after GC invocations=11 (full 0):
 PSYoungGen      total 680448K, used 448K [0x0000000795580000, 0x00000007c0000000, 0x00000007c0000000)
  eden space 662016K, 0% used [0x0000000795580000,0x0000000795580000,0x00000007bdc00000)
  from space 18432K, 2% used [0x00000007bdc00000,0x00000007bdc70000,0x00000007bee00000)
  to   space 18432K, 0% used [0x00000007bee00000,0x00000007bee00000,0x00000007c0000000)
 ParOldGen       total 87552K, used 37729K [0x0000000740000000, 0x0000000745580000, 0x0000000795580000)
  object space 87552K, 43% used [0x0000000740000000,0x00000007424d87c0,0x0000000745580000)
 Metaspace       used 15316K, capacity 15600K, committed 15744K, reserved 1062912K
  class space    used 1981K, capacity 2066K, committed 2176K, reserved 1048576K
}

