# JRE version: Java(TM) SE Runtime Environment (8.0_161-b12) (build 1.8.0_161-b12)
# Java VM: Java HotSpot(TM) 64-Bit Server VM (25.161-b12 mixed mode bsd-amd64 compressed oops)
Heap:
 PSYoungGen      total 605184K, used 85238K [0x0000000795580000, 0x00000007bef80000, 0x00000007c0000000)
  eden space 604160K, 13% used [0x0000000795580000,0x000000079a815888,0x00000007ba380000)
  from space 1024K, 65% used [0x00000007bd080000,0x00000007bd128000,0x00000007bd180000)
  to   space 16384K, 0% used [0x00000007bdf80000,0x00000007bdf80000,0x00000007bef80000)
 ParOldGen       total 87552K, used 37549K [0x0000000740000000, 0x0000000745580000, 0x0000000795580000)
  object space 87552K, 42% used [0x0000000740000000,0x00000007424ab4a8,0x0000000745580000)
 Metaspace       used 15327K, capacity 15600K, committed 15744K, reserved 1062912K
  class space    used 1980K, capacity 2066K, committed 2176K, reserved 1048576K
GC Heap History (10 events):
Event: 44.256 GC heap before
{Heap before GC invocations=11 (full 0):
 PSYoungGen      total 438272K, used 423776K [0x0000000795580000, 0x00000007b1280000, 0x00000007c0000000)
  eden space 422400K, 100% used [0x0000000795580000,0x00000007af200000,0x00000007af200000)
  from space 15872K, 8% used [0x00000007b0200000,0x00000007b0358000,0x00000007b1180000)
  to   space 16384K, 0% used [0x00000007af200000,0x00000007af200000,0x00000007b0200000)
 ParOldGen       total 87552K, used 36717K [0x0000000740000000, 0x0000000745580000, 0x0000000795580000)
  object space 87552K, 41% used [0x0000000740000000,0x00000007423db788,0x0000000745580000)
 Metaspace       used 15243K, capacity 15512K, committed 15744K, reserved 1062912K
  class space    used 1973K, capacity 2062K, committed 2176K, reserved 1048576K
Event: 44.294 GC heap after
Heap after GC invocations=11 (full 0):
 PSYoungGen      total 438784K, used 1376K [0x0000000795580000, 0x00000007c0000000, 0x00000007c0000000)
  eden space 422400K, 0% used [0x0000000795580000,0x0000000795580000,0x00000007af200000)
  from space 16384K, 8% used [0x00000007af200000,0x00000007af358000,0x00000007b0200000)
  to   space 16896K, 0% used [0x00000007bef80000,0x00000007bef80000,0x00000007c0000000)
 ParOldGen       total 87552K, used 36789K [0x0000000740000000, 0x0000000745580000, 0x0000000795580000)
  object space 87552K, 42% used [0x0000000740000000,0x00000007423ed488,0x0000000745580000)
 Metaspace       used 15243K, capacity 15512K, committed 15744K, reserved 1062912K
  class space    used 1973K, capacity 2062K, committed 2176K, reserved 1048576K
}
Event: 47.822 GC heap before
{Heap before GC invocations=12 (full 0):
 PSYoungGen      total 438784K, used 423776K [0x0000000795580000, 0x00000007c0000000, 0x00000007c0000000)
  eden space 422400K, 100% used [0x0000000795580000,0x00000007af200000,0x00000007af200000)
  from space 16384K, 8% used [0x00000007af200000,0x00000007af358000,0x00000007b0200000)
  to   space 16896K, 0% used [0x00000007bef80000,0x00000007bef80000,0x00000007c0000000)
 ParOldGen       total 87552K, used 36789K [0x0000000740000000, 0x0000000745580000, 0x0000000795580000)
  object space 87552K, 42% used [0x0000000740000000,0x00000007423ed488,0x0000000745580000)
 Metaspace       used 15251K, capacity 15512K, committed 15744K, reserved 1062912K
  class space    used 1973K, capacity 2062K, committed 2176K, reserved 1048576K
Event: 47.836 GC heap after
Heap after GC invocations=12 (full 0):
 PSYoungGen      total 681984K, used 1408K [0x0000000795580000, 0x00000007c0000000, 0x00000007c0000000)
  eden space 665088K, 0% used [0x0000000795580000,0x0000000795580000,0x00000007bdf00000)
  from space 16896K, 8% used [0x00000007bef80000,0x00000007bf0e0000,0x00000007c0000000)
  to   space 16896K, 0% used [0x00000007bdf00000,0x00000007bdf00000,0x00000007bef80000)
 ParOldGen       total 87552K, used 36853K [0x0000000740000000, 0x0000000745580000, 0x0000000795580000)
  object space 87552K, 42% used [0x0000000740000000,0x00000007423fd488,0x0000000745580000)
 Metaspace       used 15251K, capacity 15512K, committed 15744K, reserved 1062912K
  class space    used 1973K, capacity 2062K, committed 2176K, reserved 1048576K
}
Event: 54.126 GC heap before
{Heap before GC invocations=13 (full 0):
 PSYoungGen      total 681984K, used 666496K [0x0000000795580000, 0x00000007c0000000, 0x00000007c0000000)
  eden space 665088K, 100% used [0x0000000795580000,0x00000007bdf00000,0x00000007bdf00000)
  from space 16896K, 8% used [0x00000007bef80000,0x00000007bf0e0000,0x00000007c0000000)
  to   space 16896K, 0% used [0x00000007bdf00000,0x00000007bdf00000,0x00000007bef80000)
 ParOldGen       total 87552K, used 36853K [0x0000000740000000, 0x0000000745580000, 0x0000000795580000)
  object space 87552K, 42% used [0x0000000740000000,0x00000007423fd488,0x0000000745580000)
 Metaspace       used 15272K, capacity 15524K, committed 15744K, reserved 1062912K
  class space    used 1975K, capacity 2064K, committed 2176K, reserved 1048576K
Event: 54.186 GC heap after
Heap after GC invocations=13 (full 0):
 PSYoungGen      total 673280K, used 7936K [0x0000000795580000, 0x00000007bff00000, 0x00000007c0000000)
  eden space 665088K, 0% used [0x0000000795580000,0x0000000795580000,0x00000007bdf00000)
  from space 8192K, 96% used [0x00000007bdf00000,0x00000007be6c0010,0x00000007be700000)
  to   space 16384K, 0% used [0x00000007bef00000,0x00000007bef00000,0x00000007bff00000)
 ParOldGen       total 87552K, used 36917K [0x0000000740000000, 0x0000000745580000, 0x0000000795580000)
  object space 87552K, 42% used [0x0000000740000000,0x000000074240d488,0x0000000745580000)
 Metaspace       used 15272K, capacity 15524K, committed 15744K, reserved 1062912K
  class space    used 1975K, capacity 2064K, committed 2176K, reserved 1048576K
}
Event: 62.192 GC heap before
{Heap before GC invocations=14 (full 0):
 PSYoungGen      total 673280K, used 673024K [0x0000000795580000, 0x00000007bff00000, 0x00000007c0000000)
  eden space 665088K, 100% used [0x0000000795580000,0x00000007bdf00000,0x00000007bdf00000)
  from space 8192K, 96% used [0x00000007bdf00000,0x00000007be6c0010,0x00000007be700000)
  to   space 16384K, 0% used [0x00000007bef00000,0x00000007bef00000,0x00000007bff00000)
 ParOldGen       total 87552K, used 36917K [0x0000000740000000, 0x0000000745580000, 0x0000000795580000)
  object space 87552K, 42% used [0x0000000740000000,0x000000074240d488,0x0000000745580000)
 Metaspace       used 15319K, capacity 15600K, committed 15744K, reserved 1062912K
  class space    used 1980K, capacity 2066K, committed 2176K, reserved 1048576K
Event: 62.216 GC heap after
Heap after GC invocations=14 (full 0):
 PSYoungGen      total 635392K, used 1184K [0x0000000795580000, 0x00000007bf080000, 0x00000007c0000000)
  eden space 633856K, 0% used [0x0000000795580000,0x0000000795580000,0x00000007bc080000)
  from space 1536K, 77% used [0x00000007bef00000,0x00000007bf028000,0x00000007bf080000)
  to   space 16384K, 0% used [0x00000007bd080000,0x00000007bd080000,0x00000007be080000)
 ParOldGen       total 87552K, used 37349K [0x0000000740000000, 0x0000000745580000, 0x0000000795580000)
  object space 87552K, 42% used [0x0000000740000000,0x00000007424794a8,0x0000000745580000)
 Metaspace       used 15319K, capacity 15600K, committed 15744K, reserved 1062912K
  class space    used 1980K, capacity 2066K, committed 2176K, reserved 1048576K
}
Event: 69.480 GC heap before
{Heap before GC invocations=15 (full 0):
 PSYoungGen      total 635392K, used 635040K [0x0000000795580000, 0x00000007bf080000, 0x00000007c0000000)
  eden space 633856K, 100% used [0x0000000795580000,0x00000007bc080000,0x00000007bc080000)
  from space 1536K, 77% used [0x00000007bef00000,0x00000007bf028000,0x00000007bf080000)
  to   space 16384K, 0% used [0x00000007bd080000,0x00000007bd080000,0x00000007be080000)
 ParOldGen       total 87552K, used 37349K [0x0000000740000000, 0x0000000745580000, 0x0000000795580000)
  object space 87552K, 42% used [0x0000000740000000,0x00000007424794a8,0x0000000745580000)
 Metaspace       used 15327K, capacity 15600K, committed 15744K, reserved 1062912K
  class space    used 1980K, capacity 2066K, committed 2176K, reserved 1048576K
Event: 69.487 GC heap after
Heap after GC invocations=15 (full 0):
 PSYoungGen      total 605184K, used 672K [0x0000000795580000, 0x00000007bef80000, 0x00000007c0000000)
  eden space 604160K, 0% used [0x0000000795580000,0x0000000795580000,0x00000007ba380000)
  from space 1024K, 65% used [0x00000007bd080000,0x00000007bd128000,0x00000007bd180000)
  to   space 16384K, 0% used [0x00000007bdf80000,0x00000007bdf80000,0x00000007bef80000)
 ParOldGen       total 87552K, used 37549K [0x0000000740000000, 0x0000000745580000, 0x0000000795580000)
  object space 87552K, 42% used [0x0000000740000000,0x00000007424ab4a8,0x0000000745580000)
 Metaspace       used 15327K, capacity 15600K, committed 15744K, reserved 1062912K
  class space    used 1980K, capacity 2066K, committed 2176K, reserved 1048576K
}

