# JRE version: Java(TM) SE Runtime Environment (8.0_161-b12) (build 1.8.0_161-b12)
# Java VM: Java HotSpot(TM) 64-Bit Server VM (25.161-b12 mixed mode bsd-amd64 compressed oops)
Heap:
 PSYoungGen      total 577536K, used 565652K [0x0000000795580000, 0x00000007beb00000, 0x00000007c0000000)
  eden space 577024K, 97% used [0x0000000795580000,0x00000007b7d7d140,0x00000007b8900000)
  from space 512K, 81% used [0x00000007bea80000,0x00000007beae8000,0x00000007beb00000)
  to   space 11264K, 0% used [0x00000007bd500000,0x00000007bd500000,0x00000007be000000)
 ParOldGen       total 87552K, used 13887K [0x0000000740000000, 0x0000000745580000, 0x0000000795580000)
  object space 87552K, 15% used [0x0000000740000000,0x0000000740d8ffa8,0x0000000745580000)
 Metaspace       used 19046K, capacity 19312K, committed 19456K, reserved 1067008K
  class space    used 2373K, capacity 2450K, committed 2560K, reserved 1048576K
GC Heap History (10 events):
Event: 22.308 GC heap before
{Heap before GC invocations=10 (full 0):
 PSYoungGen      total 543232K, used 541632K [0x0000000795580000, 0x00000007c0000000, 0x00000007c0000000)
  eden space 532480K, 100% used [0x0000000795580000,0x00000007b5d80000,0x00000007b5d80000)
  from space 10752K, 85% used [0x00000007b5d80000,0x00000007b6670050,0x00000007b6800000)
  to   space 11776K, 0% used [0x00000007bf480000,0x00000007bf480000,0x00000007c0000000)
 ParOldGen       total 87552K, used 11613K [0x0000000740000000, 0x0000000745580000, 0x0000000795580000)
  object space 87552K, 13% used [0x0000000740000000,0x0000000740b57538,0x0000000745580000)
 Metaspace       used 15304K, capacity 15600K, committed 15744K, reserved 1062912K
  class space    used 1979K, capacity 2066K, committed 2176K, reserved 1048576K
Event: 22.333 GC heap after
Heap after GC invocations=10 (full 0):
 PSYoungGen      total 511488K, used 3328K [0x0000000795580000, 0x00000007bf800000, 0x00000007c0000000)
  eden space 507904K, 0% used [0x0000000795580000,0x0000000795580000,0x00000007b4580000)
  from space 3584K, 92% used [0x00000007bf480000,0x00000007bf7c0040,0x00000007bf800000)
  to   space 11776K, 0% used [0x00000007be100000,0x00000007be100000,0x00000007bec80000)
 ParOldGen       total 87552K, used 12581K [0x0000000740000000, 0x0000000745580000, 0x0000000795580000)
  object space 87552K, 14% used [0x0000000740000000,0x0000000740c49538,0x0000000745580000)
 Metaspace       used 15304K, capacity 15600K, committed 15744K, reserved 1062912K
  class space    used 1979K, capacity 2066K, committed 2176K, reserved 1048576K
}
Event: 24.342 GC heap before
{Heap before GC invocations=11 (full 0):
 PSYoungGen      total 511488K, used 511232K [0x0000000795580000, 0x00000007bf800000, 0x00000007c0000000)
  eden space 507904K, 100% used [0x0000000795580000,0x00000007b4580000,0x00000007b4580000)
  from space 3584K, 92% used [0x00000007bf480000,0x00000007bf7c0040,0x00000007bf800000)
  to   space 11776K, 0% used [0x00000007be100000,0x00000007be100000,0x00000007bec80000)
 ParOldGen       total 87552K, used 12581K [0x0000000740000000, 0x0000000745580000, 0x0000000795580000)
  object space 87552K, 14% used [0x0000000740000000,0x0000000740c49538,0x0000000745580000)
 Metaspace       used 15304K, capacity 15600K, committed 15744K, reserved 1062912K
  class space    used 1979K, capacity 2066K, committed 2176K, reserved 1048576K
Event: 24.377 GC heap after
Heap after GC invocations=11 (full 0):
 PSYoungGen      total 678912K, used 5120K [0x0000000795580000, 0x00000007c0000000, 0x00000007c0000000)
  eden space 667136K, 0% used [0x0000000795580000,0x0000000795580000,0x00000007be100000)
  from space 11776K, 43% used [0x00000007be100000,0x00000007be600010,0x00000007bec80000)
  to   space 11264K, 0% used [0x00000007bf500000,0x00000007bf500000,0x00000007c0000000)
 ParOldGen       total 87552K, used 13387K [0x0000000740000000, 0x0000000745580000, 0x0000000795580000)
  object space 87552K, 15% used [0x0000000740000000,0x0000000740d12f78,0x0000000745580000)
 Metaspace       used 15304K, capacity 15600K, committed 15744K, reserved 1062912K
  class space    used 1979K, capacity 2066K, committed 2176K, reserved 1048576K
}
Event: 34.410 GC heap before
{Heap before GC invocations=12 (full 0):
 PSYoungGen      total 678912K, used 672256K [0x0000000795580000, 0x00000007c0000000, 0x00000007c0000000)
  eden space 667136K, 100% used [0x0000000795580000,0x00000007be100000,0x00000007be100000)
  from space 11776K, 43% used [0x00000007be100000,0x00000007be600010,0x00000007bec80000)
  to   space 11264K, 0% used [0x00000007bf500000,0x00000007bf500000,0x00000007c0000000)
 ParOldGen       total 87552K, used 13387K [0x0000000740000000, 0x0000000745580000, 0x0000000795580000)
  object space 87552K, 15% used [0x0000000740000000,0x0000000740d12f78,0x0000000745580000)
 Metaspace       used 15340K, capacity 15600K, committed 15744K, reserved 1062912K
  class space    used 1981K, capacity 2066K, committed 2176K, reserved 1048576K
Event: 34.432 GC heap after
Heap after GC invocations=12 (full 0):
 PSYoungGen      total 638464K, used 2720K [0x0000000795580000, 0x00000007bf800000, 0x00000007c0000000)
  eden space 635392K, 0% used [0x0000000795580000,0x0000000795580000,0x00000007bc200000)
  from space 3072K, 88% used [0x00000007bf500000,0x00000007bf7a8000,0x00000007bf800000)
  to   space 10752K, 0% used [0x00000007be300000,0x00000007be300000,0x00000007bed80000)
 ParOldGen       total 87552K, used 13587K [0x0000000740000000, 0x0000000745580000, 0x0000000795580000)
  object space 87552K, 15% used [0x0000000740000000,0x0000000740d44f78,0x0000000745580000)
 Metaspace       used 15340K, capacity 15600K, committed 15744K, reserved 1062912K
  class space    used 1981K, capacity 2066K, committed 2176K, reserved 1048576K
}
Event: 43.015 GC heap before
{Heap before GC invocations=13 (full 0):
 PSYoungGen      total 638464K, used 638112K [0x0000000795580000, 0x00000007bf800000, 0x00000007c0000000)
  eden space 635392K, 100% used [0x0000000795580000,0x00000007bc200000,0x00000007bc200000)
  from space 3072K, 88% used [0x00000007bf500000,0x00000007bf7a8000,0x00000007bf800000)
  to   space 10752K, 0% used [0x00000007be300000,0x00000007be300000,0x00000007bed80000)
 ParOldGen       total 87552K, used 13587K [0x0000000740000000, 0x0000000745580000, 0x0000000795580000)
  object space 87552K, 15% used [0x0000000740000000,0x0000000740d44f78,0x0000000745580000)
 Metaspace       used 15361K, capacity 15664K, committed 16000K, reserved 1062912K
  class space    used 1981K, capacity 2066K, committed 2176K, reserved 1048576K
Event: 43.020 GC heap after
Heap after GC invocations=13 (full 0):
 PSYoungGen      total 606208K, used 480K [0x0000000795580000, 0x00000007bf580000, 0x00000007c0000000)
  eden space 605696K, 0% used [0x0000000795580000,0x0000000795580000,0x00000007ba500000)
  from space 512K, 93% used [0x00000007be300000,0x00000007be378000,0x00000007be380000)
  to   space 11264K, 0% used [0x00000007bea80000,0x00000007bea80000,0x00000007bf580000)
 ParOldGen       total 87552K, used 13815K [0x0000000740000000, 0x0000000745580000, 0x0000000795580000)
  object space 87552K, 15% used [0x0000000740000000,0x0000000740d7dfa8,0x0000000745580000)
 Metaspace       used 15361K, capacity 15664K, committed 16000K, reserved 1062912K
  class space    used 1981K, capacity 2066K, committed 2176K, reserved 1048576K
}
Event: 50.237 GC heap before
{Heap before GC invocations=14 (full 0):
 PSYoungGen      total 606208K, used 606176K [0x0000000795580000, 0x00000007bf580000, 0x00000007c0000000)
  eden space 605696K, 100% used [0x0000000795580000,0x00000007ba500000,0x00000007ba500000)
  from space 512K, 93% used [0x00000007be300000,0x00000007be378000,0x00000007be380000)
  to   space 11264K, 0% used [0x00000007bea80000,0x00000007bea80000,0x00000007bf580000)
 ParOldGen       total 87552K, used 13815K [0x0000000740000000, 0x0000000745580000, 0x0000000795580000)
  object space 87552K, 15% used [0x0000000740000000,0x0000000740d7dfa8,0x0000000745580000)
 Metaspace       used 15365K, capacity 15664K, committed 16000K, reserved 1062912K
  class space    used 1981K, capacity 2066K, committed 2176K, reserved 1048576K
Event: 50.244 GC heap after
Heap after GC invocations=14 (full 0):
 PSYoungGen      total 577536K, used 416K [0x0000000795580000, 0x00000007beb00000, 0x00000007c0000000)
  eden space 577024K, 0% used [0x0000000795580000,0x0000000795580000,0x00000007b8900000)
  from space 512K, 81% used [0x00000007bea80000,0x00000007beae8000,0x00000007beb00000)
  to   space 11264K, 0% used [0x00000007bd500000,0x00000007bd500000,0x00000007be000000)
 ParOldGen       total 87552K, used 13887K [0x0000000740000000, 0x0000000745580000, 0x0000000795580000)
  object space 87552K, 15% used [0x0000000740000000,0x0000000740d8ffa8,0x0000000745580000)
 Metaspace       used 15365K, capacity 15664K, committed 16000K, reserved 1062912K
  class space    used 1981K, capacity 2066K, committed 2176K, reserved 1048576K
}

