# JRE version: Java(TM) SE Runtime Environment (8.0_161-b12) (build 1.8.0_161-b12)
# Java VM: Java HotSpot(TM) 64-Bit Server VM (25.161-b12 mixed mode bsd-amd64 compressed oops)
Heap:
 PSYoungGen      total 633856K, used 633598K [0x0000000795580000, 0x00000007bef80000, 0x00000007c0000000)
  eden space 633344K, 99% used [0x0000000795580000,0x00000007bbfcf960,0x00000007bc000000)
  from space 512K, 87% used [0x00000007bde80000,0x00000007bdef0000,0x00000007bdf00000)
  to   space 16896K, 0% used [0x00000007bdf00000,0x00000007bdf00000,0x00000007bef80000)
 ParOldGen       total 87552K, used 36481K [0x0000000740000000, 0x0000000745580000, 0x0000000795580000)
  object space 87552K, 41% used [0x0000000740000000,0x00000007423a0580,0x0000000745580000)
 Metaspace       used 15289K, capacity 15600K, committed 15744K, reserved 1062912K
  class space    used 1979K, capacity 2066K, committed 2176K, reserved 1048576K
GC Heap History (10 events):
Event: 31.253 GC heap before
{Heap before GC invocations=9 (full 0):
 PSYoungGen      total 282112K, used 273088K [0x0000000795580000, 0x00000007a7880000, 0x00000007c0000000)
  eden space 266240K, 100% used [0x0000000795580000,0x00000007a5980000,0x00000007a5980000)
  from space 15872K, 43% used [0x00000007a6900000,0x00000007a6fb0060,0x00000007a7880000)
  to   space 15872K, 0% used [0x00000007a5980000,0x00000007a5980000,0x00000007a6900000)
 ParOldGen       total 87552K, used 33593K [0x0000000740000000, 0x0000000745580000, 0x0000000795580000)
  object space 87552K, 38% used [0x0000000740000000,0x00000007420ce470,0x0000000745580000)
 Metaspace       used 15204K, capacity 15462K, committed 15744K, reserved 1062912K
  class space    used 1975K, capacity 2065K, committed 2176K, reserved 1048576K
Event: 31.304 GC heap after
Heap after GC invocations=9 (full 0):
 PSYoungGen      total 282112K, used 1856K [0x0000000795580000, 0x00000007b1680000, 0x00000007c0000000)
  eden space 266240K, 0% used [0x0000000795580000,0x0000000795580000,0x00000007a5980000)
  from space 15872K, 11% used [0x00000007a5980000,0x00000007a5b50030,0x00000007a6900000)
  to   space 16896K, 0% used [0x00000007b0600000,0x00000007b0600000,0x00000007b1680000)
 ParOldGen       total 87552K, used 35269K [0x0000000740000000, 0x0000000745580000, 0x0000000795580000)
  object space 87552K, 40% used [0x0000000740000000,0x00000007422714e0,0x0000000745580000)
 Metaspace       used 15204K, capacity 15462K, committed 15744K, reserved 1062912K
  class space    used 1975K, capacity 2065K, committed 2176K, reserved 1048576K
}
Event: 35.722 GC heap before
{Heap before GC invocations=10 (full 0):
 PSYoungGen      total 282112K, used 268096K [0x0000000795580000, 0x00000007b1680000, 0x00000007c0000000)
  eden space 266240K, 100% used [0x0000000795580000,0x00000007a5980000,0x00000007a5980000)
  from space 15872K, 11% used [0x00000007a5980000,0x00000007a5b50030,0x00000007a6900000)
  to   space 16896K, 0% used [0x00000007b0600000,0x00000007b0600000,0x00000007b1680000)
 ParOldGen       total 87552K, used 35269K [0x0000000740000000, 0x0000000745580000, 0x0000000795580000)
  object space 87552K, 40% used [0x0000000740000000,0x00000007422714e0,0x0000000745580000)
 Metaspace       used 15220K, capacity 15466K, committed 15744K, reserved 1062912K
  class space    used 1976K, capacity 2065K, committed 2176K, reserved 1048576K
Event: 35.759 GC heap after
Heap after GC invocations=10 (full 0):
 PSYoungGen      total 442368K, used 1952K [0x0000000795580000, 0x00000007b1780000, 0x00000007c0000000)
  eden space 425472K, 0% used [0x0000000795580000,0x0000000795580000,0x00000007af500000)
  from space 16896K, 11% used [0x00000007b0600000,0x00000007b07e8000,0x00000007b1680000)
  to   space 17408K, 0% used [0x00000007af500000,0x00000007af500000,0x00000007b0600000)
 ParOldGen       total 87552K, used 35573K [0x0000000740000000, 0x0000000745580000, 0x0000000795580000)
  object space 87552K, 40% used [0x0000000740000000,0x00000007422bd510,0x0000000745580000)
 Metaspace       used 15220K, capacity 15466K, committed 15744K, reserved 1062912K
  class space    used 1976K, capacity 2065K, committed 2176K, reserved 1048576K
}
Event: 39.168 GC heap before
{Heap before GC invocations=11 (full 0):
 PSYoungGen      total 442368K, used 427424K [0x0000000795580000, 0x00000007b1780000, 0x00000007c0000000)
  eden space 425472K, 100% used [0x0000000795580000,0x00000007af500000,0x00000007af500000)
  from space 16896K, 11% used [0x00000007b0600000,0x00000007b07e8000,0x00000007b1680000)
  to   space 17408K, 0% used [0x00000007af500000,0x00000007af500000,0x00000007b0600000)
 ParOldGen       total 87552K, used 35573K [0x0000000740000000, 0x0000000745580000, 0x0000000795580000)
  object space 87552K, 40% used [0x0000000740000000,0x00000007422bd510,0x0000000745580000)
 Metaspace       used 15221K, capacity 15466K, committed 15744K, reserved 1062912K
  class space    used 1976K, capacity 2065K, committed 2176K, reserved 1048576K
Event: 39.196 GC heap after
Heap after GC invocations=11 (full 0):
 PSYoungGen      total 442880K, used 4352K [0x0000000795580000, 0x00000007bff80000, 0x00000007c0000000)
  eden space 425472K, 0% used [0x0000000795580000,0x0000000795580000,0x00000007af500000)
  from space 17408K, 25% used [0x00000007af500000,0x00000007af940010,0x00000007b0600000)
  to   space 16896K, 0% used [0x00000007bef00000,0x00000007bef00000,0x00000007bff80000)
 ParOldGen       total 87552K, used 35865K [0x0000000740000000, 0x0000000745580000, 0x0000000795580000)
  object space 87552K, 40% used [0x0000000740000000,0x0000000742306540,0x0000000745580000)
 Metaspace       used 15221K, capacity 15466K, committed 15744K, reserved 1062912K
  class space    used 1976K, capacity 2065K, committed 2176K, reserved 1048576K
}
Event: 45.194 GC heap before
{Heap before GC invocations=12 (full 0):
 PSYoungGen      total 442880K, used 429824K [0x0000000795580000, 0x00000007bff80000, 0x00000007c0000000)
  eden space 425472K, 100% used [0x0000000795580000,0x00000007af500000,0x00000007af500000)
  from space 17408K, 25% used [0x00000007af500000,0x00000007af940010,0x00000007b0600000)
  to   space 16896K, 0% used [0x00000007bef00000,0x00000007bef00000,0x00000007bff80000)
 ParOldGen       total 87552K, used 35865K [0x0000000740000000, 0x0000000745580000, 0x0000000795580000)
  object space 87552K, 40% used [0x0000000740000000,0x0000000742306540,0x0000000745580000)
 Metaspace       used 15264K, capacity 15600K, committed 15744K, reserved 1062912K
  class space    used 1979K, capacity 2066K, committed 2176K, reserved 1048576K
Event: 45.223 GC heap after
Heap after GC invocations=12 (full 0):
 PSYoungGen      total 681472K, used 1952K [0x0000000795580000, 0x00000007bff80000, 0x00000007c0000000)
  eden space 664576K, 0% used [0x0000000795580000,0x0000000795580000,0x00000007bde80000)
  from space 16896K, 11% used [0x00000007bef00000,0x00000007bf0e8000,0x00000007bff80000)
  to   space 16896K, 0% used [0x00000007bde80000,0x00000007bde80000,0x00000007bef00000)
 ParOldGen       total 87552K, used 36145K [0x0000000740000000, 0x0000000745580000, 0x0000000795580000)
  object space 87552K, 41% used [0x0000000740000000,0x000000074234c540,0x0000000745580000)
 Metaspace       used 15264K, capacity 15600K, committed 15744K, reserved 1062912K
  class space    used 1979K, capacity 2066K, committed 2176K, reserved 1048576K
}
Event: 56.171 GC heap before
{Heap before GC invocations=13 (full 0):
 PSYoungGen      total 681472K, used 666528K [0x0000000795580000, 0x00000007bff80000, 0x00000007c0000000)
  eden space 664576K, 100% used [0x0000000795580000,0x00000007bde80000,0x00000007bde80000)
  from space 16896K, 11% used [0x00000007bef00000,0x00000007bf0e8000,0x00000007bff80000)
  to   space 16896K, 0% used [0x00000007bde80000,0x00000007bde80000,0x00000007bef00000)
 ParOldGen       total 87552K, used 36145K [0x0000000740000000, 0x0000000745580000, 0x0000000795580000)
  object space 87552K, 41% used [0x0000000740000000,0x000000074234c540,0x0000000745580000)
 Metaspace       used 15284K, capacity 15600K, committed 15744K, reserved 1062912K
  class space    used 1979K, capacity 2066K, committed 2176K, reserved 1048576K
Event: 56.187 GC heap after
Heap after GC invocations=13 (full 0):
 PSYoungGen      total 633856K, used 448K [0x0000000795580000, 0x00000007bef80000, 0x00000007c0000000)
  eden space 633344K, 0% used [0x0000000795580000,0x0000000795580000,0x00000007bc000000)
  from space 512K, 87% used [0x00000007bde80000,0x00000007bdef0000,0x00000007bdf00000)
  to   space 16896K, 0% used [0x00000007bdf00000,0x00000007bdf00000,0x00000007bef80000)
 ParOldGen       total 87552K, used 36481K [0x0000000740000000, 0x0000000745580000, 0x0000000795580000)
  object space 87552K, 41% used [0x0000000740000000,0x00000007423a0580,0x0000000745580000)
 Metaspace       used 15284K, capacity 15600K, committed 15744K, reserved 1062912K
  class space    used 1979K, capacity 2066K, committed 2176K, reserved 1048576K
}

