# JRE version: Java(TM) SE Runtime Environment (8.0_161-b12) (build 1.8.0_161-b12)
# Java VM: Java HotSpot(TM) 64-Bit Server VM (25.161-b12 mixed mode bsd-amd64 compressed oops)
Heap:
 PSYoungGen      total 547840K, used 425459K [0x0000000795580000, 0x00000007c0000000, 0x00000007c0000000)
  eden space 530944K, 79% used [0x0000000795580000,0x00000007af3e4e60,0x00000007b5c00000)
  from space 16896K, 6% used [0x00000007b5c00000,0x00000007b5d18000,0x00000007b6c80000)
  to   space 17408K, 0% used [0x00000007bef00000,0x00000007bef00000,0x00000007c0000000)
 ParOldGen       total 87552K, used 39130K [0x0000000740000000, 0x0000000745580000, 0x0000000795580000)
  object space 87552K, 44% used [0x0000000740000000,0x0000000742636b90,0x0000000745580000)
 Metaspace       used 18861K, capacity 19114K, committed 19456K, reserved 1067008K
  class space    used 2355K, capacity 2449K, committed 2560K, reserved 1048576K
GC Heap History (10 events):
Event: 6.494 GC heap before
{Heap before GC invocations=5 (full 0):
 PSYoungGen      total 138240K, used 138236K [0x0000000795580000, 0x000000079e180000, 0x00000007c0000000)
  eden space 133120K, 100% used [0x0000000795580000,0x000000079d780000,0x000000079d780000)
  from space 5120K, 99% used [0x000000079dc80000,0x000000079e17f380,0x000000079e180000)
  to   space 5120K, 0% used [0x000000079d780000,0x000000079d780000,0x000000079dc80000)
 ParOldGen       total 87552K, used 24020K [0x0000000740000000, 0x0000000745580000, 0x0000000795580000)
  object space 87552K, 27% used [0x0000000740000000,0x0000000741775390,0x0000000745580000)
 Metaspace       used 14982K, capacity 15268K, committed 15360K, reserved 1062912K
  class space    used 1944K, capacity 2030K, committed 2048K, reserved 1048576K
Event: 6.556 GC heap after
Heap after GC invocations=5 (full 0):
 PSYoungGen      total 138240K, used 5116K [0x0000000795580000, 0x00000007a7580000, 0x00000007c0000000)
  eden space 133120K, 0% used [0x0000000795580000,0x0000000795580000,0x000000079d780000)
  from space 5120K, 99% used [0x000000079d780000,0x000000079dc7f3a0,0x000000079dc80000)
  to   space 14336K, 0% used [0x00000007a6780000,0x00000007a6780000,0x00000007a7580000)
 ParOldGen       total 87552K, used 32229K [0x0000000740000000, 0x0000000745580000, 0x0000000795580000)
  object space 87552K, 36% used [0x0000000740000000,0x0000000741f79450,0x0000000745580000)
 Metaspace       used 14982K, capacity 15268K, committed 15360K, reserved 1062912K
  class space    used 1944K, capacity 2030K, committed 2048K, reserved 1048576K
}
Event: 7.490 GC heap before
{Heap before GC invocations=6 (full 0):
 PSYoungGen      total 138240K, used 138236K [0x0000000795580000, 0x00000007a7580000, 0x00000007c0000000)
  eden space 133120K, 100% used [0x0000000795580000,0x000000079d780000,0x000000079d780000)
  from space 5120K, 99% used [0x000000079d780000,0x000000079dc7f3a0,0x000000079dc80000)
  to   space 14336K, 0% used [0x00000007a6780000,0x00000007a6780000,0x00000007a7580000)
 ParOldGen       total 87552K, used 32229K [0x0000000740000000, 0x0000000745580000, 0x0000000795580000)
  object space 87552K, 36% used [0x0000000740000000,0x0000000741f79450,0x0000000745580000)
 Metaspace       used 15022K, capacity 15272K, committed 15360K, reserved 1062912K
  class space    used 1944K, capacity 2030K, committed 2048K, reserved 1048576K
Event: 7.543 GC heap after
Heap after GC invocations=6 (full 0):
 PSYoungGen      total 280064K, used 7388K [0x0000000795580000, 0x00000007a7680000, 0x00000007c0000000)
  eden space 265728K, 0% used [0x0000000795580000,0x0000000795580000,0x00000007a5900000)
  from space 14336K, 51% used [0x00000007a6780000,0x00000007a6eb7390,0x00000007a7580000)
  to   space 14848K, 0% used [0x00000007a5900000,0x00000007a5900000,0x00000007a6780000)
 ParOldGen       total 87552K, used 32229K [0x0000000740000000, 0x0000000745580000, 0x0000000795580000)
  object space 87552K, 36% used [0x0000000740000000,0x0000000741f79450,0x0000000745580000)
 Metaspace       used 15022K, capacity 15272K, committed 15360K, reserved 1062912K
  class space    used 1944K, capacity 2030K, committed 2048K, reserved 1048576K
}
Event: 9.129 GC heap before
{Heap before GC invocations=7 (full 0):
 PSYoungGen      total 280064K, used 273116K [0x0000000795580000, 0x00000007a7680000, 0x00000007c0000000)
  eden space 265728K, 100% used [0x0000000795580000,0x00000007a5900000,0x00000007a5900000)
  from space 14336K, 51% used [0x00000007a6780000,0x00000007a6eb7390,0x00000007a7580000)
  to   space 14848K, 0% used [0x00000007a5900000,0x00000007a5900000,0x00000007a6780000)
 ParOldGen       total 87552K, used 32229K [0x0000000740000000, 0x0000000745580000, 0x0000000795580000)
  object space 87552K, 36% used [0x0000000740000000,0x0000000741f79450,0x0000000745580000)
 Metaspace       used 15256K, capacity 15508K, committed 15744K, reserved 1062912K
  class space    used 1974K, capacity 2062K, committed 2176K, reserved 1048576K
Event: 9.176 GC heap after
Heap after GC invocations=7 (full 0):
 PSYoungGen      total 280576K, used 3192K [0x0000000795580000, 0x00000007b7c80000, 0x00000007c0000000)
  eden space 265728K, 0% used [0x0000000795580000,0x0000000795580000,0x00000007a5900000)
  from space 14848K, 21% used [0x00000007a5900000,0x00000007a5c1e038,0x00000007a6780000)
  to   space 16384K, 0% used [0x00000007b6c80000,0x00000007b6c80000,0x00000007b7c80000)
 ParOldGen       total 87552K, used 36562K [0x0000000740000000, 0x0000000745580000, 0x0000000795580000)
  object space 87552K, 41% used [0x0000000740000000,0x00000007423b4ad0,0x0000000745580000)
 Metaspace       used 15256K, capacity 15508K, committed 15744K, reserved 1062912K
  class space    used 1974K, capacity 2062K, committed 2176K, reserved 1048576K
}
Event: 10.165 GC heap before
{Heap before GC invocations=8 (full 0):
 PSYoungGen      total 280576K, used 268920K [0x0000000795580000, 0x00000007b7c80000, 0x00000007c0000000)
  eden space 265728K, 100% used [0x0000000795580000,0x00000007a5900000,0x00000007a5900000)
  from space 14848K, 21% used [0x00000007a5900000,0x00000007a5c1e038,0x00000007a6780000)
  to   space 16384K, 0% used [0x00000007b6c80000,0x00000007b6c80000,0x00000007b7c80000)
 ParOldGen       total 87552K, used 36562K [0x0000000740000000, 0x0000000745580000, 0x0000000795580000)
  object space 87552K, 41% used [0x0000000740000000,0x00000007423b4ad0,0x0000000745580000)
 Metaspace       used 15270K, capacity 15512K, committed 15744K, reserved 1062912K
  class space    used 1974K, capacity 2062K, committed 2176K, reserved 1048576K
Event: 10.178 GC heap after
Heap after GC invocations=8 (full 0):
 PSYoungGen      total 547328K, used 2496K [0x0000000795580000, 0x00000007b7d80000, 0x00000007c0000000)
  eden space 530944K, 0% used [0x0000000795580000,0x0000000795580000,0x00000007b5c00000)
  from space 16384K, 15% used [0x00000007b6c80000,0x00000007b6ef0000,0x00000007b7c80000)
  to   space 16896K, 0% used [0x00000007b5c00000,0x00000007b5c00000,0x00000007b6c80000)
 ParOldGen       total 87552K, used 37058K [0x0000000740000000, 0x0000000745580000, 0x0000000795580000)
  object space 87552K, 42% used [0x0000000740000000,0x0000000742430b10,0x0000000745580000)
 Metaspace       used 15270K, capacity 15512K, committed 15744K, reserved 1062912K
  class space    used 1974K, capacity 2062K, committed 2176K, reserved 1048576K
}
Event: 12.486 GC heap before
{Heap before GC invocations=9 (full 0):
 PSYoungGen      total 547328K, used 533440K [0x0000000795580000, 0x00000007b7d80000, 0x00000007c0000000)
  eden space 530944K, 100% used [0x0000000795580000,0x00000007b5c00000,0x00000007b5c00000)
  from space 16384K, 15% used [0x00000007b6c80000,0x00000007b6ef0000,0x00000007b7c80000)
  to   space 16896K, 0% used [0x00000007b5c00000,0x00000007b5c00000,0x00000007b6c80000)
 ParOldGen       total 87552K, used 37058K [0x0000000740000000, 0x0000000745580000, 0x0000000795580000)
  object space 87552K, 42% used [0x0000000740000000,0x0000000742430b10,0x0000000745580000)
 Metaspace       used 15295K, capacity 15524K, committed 15744K, reserved 1062912K
  class space    used 1977K, capacity 2064K, committed 2176K, reserved 1048576K
Event: 12.500 GC heap after
Heap after GC invocations=9 (full 0):
 PSYoungGen      total 547840K, used 1120K [0x0000000795580000, 0x00000007c0000000, 0x00000007c0000000)
  eden space 530944K, 0% used [0x0000000795580000,0x0000000795580000,0x00000007b5c00000)
  from space 16896K, 6% used [0x00000007b5c00000,0x00000007b5d18000,0x00000007b6c80000)
  to   space 17408K, 0% used [0x00000007bef00000,0x00000007bef00000,0x00000007c0000000)
 ParOldGen       total 87552K, used 39130K [0x0000000740000000, 0x0000000745580000, 0x0000000795580000)
  object space 87552K, 44% used [0x0000000740000000,0x0000000742636b90,0x0000000745580000)
 Metaspace       used 15295K, capacity 15524K, committed 15744K, reserved 1062912K
  class space    used 1977K, capacity 2064K, committed 2176K, reserved 1048576K
}

